Determining if the include file sys/audioio.h exists failed with the following output:
Change Dir: /home/lee/linphone-android/linphone-android/WORK/android-x86/Build/speex/CMakeFiles/CMakeTmp

Run Build Command:"/usr/bin/make" "cmTC_cee9f/fast"
make[4]: Entering directory `/home/lee/linphone-android/linphone-android/WORK/android-x86/Build/speex/CMakeFiles/CMakeTmp'
/usr/bin/make -f CMakeFiles/cmTC_cee9f.dir/build.make CMakeFiles/cmTC_cee9f.dir/build
make[5]: Entering directory `/home/lee/linphone-android/linphone-android/WORK/android-x86/Build/speex/CMakeFiles/CMakeTmp'
Building C object CMakeFiles/cmTC_cee9f.dir/CheckIncludeFile.c.o
/home/lee/android-ndk-r10c/toolchains/x86-4.8/prebuilt/linux-x86_64/bin/i686-linux-android-gcc  --sysroot=/home/lee/android-ndk-r10c/platforms/android-14/arch-x86  -isystem /home/lee/android-ndk-r10c/sources/cpufeatures -isystem /home/lee/android-ndk-r10c/sources/cxx-stl/gnu-libstdc++/4.8/include -isystem /home/lee/android-ndk-r10c/sources/cxx-stl/gnu-libstdc++/4.8/libs/x86/include  -ffunction-sections -funwind-tables -fstack-protector -no-canonical-prefixes -fomit-frame-pointer -fstrict-aliasing -funswitch-loops -finline-limit=300 -o CMakeFiles/cmTC_cee9f.dir/CheckIncludeFile.c.o   -c /home/lee/linphone-android/linphone-android/WORK/android-x86/Build/speex/CMakeFiles/CMakeTmp/CheckIncludeFile.c
/home/lee/linphone-android/linphone-android/WORK/android-x86/Build/speex/CMakeFiles/CMakeTmp/CheckIncludeFile.c:1:25: fatal error: sys/audioio.h: No such file or directory
 #include <sys/audioio.h>
                         ^
compilation terminated.
make[5]: *** [CMakeFiles/cmTC_cee9f.dir/CheckIncludeFile.c.o] Error 1
make[5]: Leaving directory `/home/lee/linphone-android/linphone-android/WORK/android-x86/Build/speex/CMakeFiles/CMakeTmp'
make[4]: *** [cmTC_cee9f/fast] Error 2
make[4]: Leaving directory `/home/lee/linphone-android/linphone-android/WORK/android-x86/Build/speex/CMakeFiles/CMakeTmp'


Determining if the include file sys/soundcard.h exists failed with the following output:
Change Dir: /home/lee/linphone-android/linphone-android/WORK/android-x86/Build/speex/CMakeFiles/CMakeTmp

Run Build Command:"/usr/bin/make" "cmTC_05bc8/fast"
make[4]: Entering directory `/home/lee/linphone-android/linphone-android/WORK/android-x86/Build/speex/CMakeFiles/CMakeTmp'
/usr/bin/make -f CMakeFiles/cmTC_05bc8.dir/build.make CMakeFiles/cmTC_05bc8.dir/build
make[5]: Entering directory `/home/lee/linphone-android/linphone-android/WORK/android-x86/Build/speex/CMakeFiles/CMakeTmp'
Building C object CMakeFiles/cmTC_05bc8.dir/CheckIncludeFile.c.o
/home/lee/android-ndk-r10c/toolchains/x86-4.8/prebuilt/linux-x86_64/bin/i686-linux-android-gcc  --sysroot=/home/lee/android-ndk-r10c/platforms/android-14/arch-x86  -isystem /home/lee/android-ndk-r10c/sources/cpufeatures -isystem /home/lee/android-ndk-r10c/sources/cxx-stl/gnu-libstdc++/4.8/include -isystem /home/lee/android-ndk-r10c/sources/cxx-stl/gnu-libstdc++/4.8/libs/x86/include  -ffunction-sections -funwind-tables -fstack-protector -no-canonical-prefixes -fomit-frame-pointer -fstrict-aliasing -funswitch-loops -finline-limit=300 -o CMakeFiles/cmTC_05bc8.dir/CheckIncludeFile.c.o   -c /home/lee/linphone-android/linphone-android/WORK/android-x86/Build/speex/CMakeFiles/CMakeTmp/CheckIncludeFile.c
/home/lee/linphone-android/linphone-android/WORK/android-x86/Build/speex/CMakeFiles/CMakeTmp/CheckIncludeFile.c:1:27: fatal error: sys/soundcard.h: No such file or directory
 #include <sys/soundcard.h>
                           ^
compilation terminated.
make[5]: *** [CMakeFiles/cmTC_05bc8.dir/CheckIncludeFile.c.o] Error 1
make[5]: Leaving directory `/home/lee/linphone-android/linphone-android/WORK/android-x86/Build/speex/CMakeFiles/CMakeTmp'
make[4]: *** [cmTC_05bc8/fast] Error 2
make[4]: Leaving directory `/home/lee/linphone-android/linphone-android/WORK/android-x86/Build/speex/CMakeFiles/CMakeTmp'


