The target system is: Linux -  - armeabi
The host system is: Linux - 4.2.0-35-generic - x86_64
Determining if the include file alloca.h exists passed with the following output:
Change Dir: /home/lee/linphone-android/linphone-android/WORK/android-arm/Build/speex/CMakeFiles/CMakeTmp

Run Build Command:"/usr/bin/make" "cmTC_2c1af/fast"
make[4]: Entering directory `/home/lee/linphone-android/linphone-android/WORK/android-arm/Build/speex/CMakeFiles/CMakeTmp'
/usr/bin/make -f CMakeFiles/cmTC_2c1af.dir/build.make CMakeFiles/cmTC_2c1af.dir/build
make[5]: Entering directory `/home/lee/linphone-android/linphone-android/WORK/android-arm/Build/speex/CMakeFiles/CMakeTmp'
Building C object CMakeFiles/cmTC_2c1af.dir/CheckIncludeFile.c.o
/home/lee/android-ndk-r10c/toolchains/arm-linux-androideabi-4.8/prebuilt/linux-x86_64/bin/arm-linux-androideabi-gcc  --sysroot=/home/lee/android-ndk-r10c/platforms/android-14/arch-arm  -isystem /home/lee/android-ndk-r10c/sources/cpufeatures -isystem /home/lee/android-ndk-r10c/sources/cxx-stl/gnu-libstdc++/4.8/include -isystem /home/lee/android-ndk-r10c/sources/cxx-stl/gnu-libstdc++/4.8/libs/armeabi/include  -ffunction-sections -funwind-tables -fstack-protector -no-canonical-prefixes -march=armv5te -mtune=xscale -msoft-float -fomit-frame-pointer -fno-strict-aliasing -finline-limit=64 -o CMakeFiles/cmTC_2c1af.dir/CheckIncludeFile.c.o   -c /home/lee/linphone-android/linphone-android/WORK/android-arm/Build/speex/CMakeFiles/CMakeTmp/CheckIncludeFile.c
Linking C executable cmTC_2c1af
/home/lee/cmake-3.5.1-Linux-x86_64/bin/cmake -E cmake_link_script CMakeFiles/cmTC_2c1af.dir/link.txt --verbose=1
/home/lee/android-ndk-r10c/toolchains/arm-linux-androideabi-4.8/prebuilt/linux-x86_64/bin/arm-linux-androideabi-gcc  --sysroot=/home/lee/android-ndk-r10c/platforms/android-14/arch-arm      CMakeFiles/cmTC_2c1af.dir/CheckIncludeFile.c.o  -o cmTC_2c1af -rdynamic /home/lee/android-ndk-r10c/sources/android/libportable/libs/armeabi/libportable.a /home/lee/android-ndk-r10c/sources/cxx-stl/gnu-libstdc++/4.8/libs/armeabi/libgnustl_static.a -llog -no-canonical-prefixes -Wl,--no-undefined -Wl,-z,noexecstack -Wl,-z,relro -Wl,-z,now 
make[5]: Leaving directory `/home/lee/linphone-android/linphone-android/WORK/android-arm/Build/speex/CMakeFiles/CMakeTmp'
make[4]: Leaving directory `/home/lee/linphone-android/linphone-android/WORK/android-arm/Build/speex/CMakeFiles/CMakeTmp'


Determining if the include file getopt.h exists passed with the following output:
Change Dir: /home/lee/linphone-android/linphone-android/WORK/android-arm/Build/speex/CMakeFiles/CMakeTmp

Run Build Command:"/usr/bin/make" "cmTC_bc1f4/fast"
make[4]: Entering directory `/home/lee/linphone-android/linphone-android/WORK/android-arm/Build/speex/CMakeFiles/CMakeTmp'
/usr/bin/make -f CMakeFiles/cmTC_bc1f4.dir/build.make CMakeFiles/cmTC_bc1f4.dir/build
make[5]: Entering directory `/home/lee/linphone-android/linphone-android/WORK/android-arm/Build/speex/CMakeFiles/CMakeTmp'
Building C object CMakeFiles/cmTC_bc1f4.dir/CheckIncludeFile.c.o
/home/lee/android-ndk-r10c/toolchains/arm-linux-androideabi-4.8/prebuilt/linux-x86_64/bin/arm-linux-androideabi-gcc  --sysroot=/home/lee/android-ndk-r10c/platforms/android-14/arch-arm  -isystem /home/lee/android-ndk-r10c/sources/cpufeatures -isystem /home/lee/android-ndk-r10c/sources/cxx-stl/gnu-libstdc++/4.8/include -isystem /home/lee/android-ndk-r10c/sources/cxx-stl/gnu-libstdc++/4.8/libs/armeabi/include  -ffunction-sections -funwind-tables -fstack-protector -no-canonical-prefixes -march=armv5te -mtune=xscale -msoft-float -fomit-frame-pointer -fno-strict-aliasing -finline-limit=64 -o CMakeFiles/cmTC_bc1f4.dir/CheckIncludeFile.c.o   -c /home/lee/linphone-android/linphone-android/WORK/android-arm/Build/speex/CMakeFiles/CMakeTmp/CheckIncludeFile.c
Linking C executable cmTC_bc1f4
/home/lee/cmake-3.5.1-Linux-x86_64/bin/cmake -E cmake_link_script CMakeFiles/cmTC_bc1f4.dir/link.txt --verbose=1
/home/lee/android-ndk-r10c/toolchains/arm-linux-androideabi-4.8/prebuilt/linux-x86_64/bin/arm-linux-androideabi-gcc  --sysroot=/home/lee/android-ndk-r10c/platforms/android-14/arch-arm      CMakeFiles/cmTC_bc1f4.dir/CheckIncludeFile.c.o  -o cmTC_bc1f4 -rdynamic /home/lee/android-ndk-r10c/sources/android/libportable/libs/armeabi/libportable.a /home/lee/android-ndk-r10c/sources/cxx-stl/gnu-libstdc++/4.8/libs/armeabi/libgnustl_static.a -llog -no-canonical-prefixes -Wl,--no-undefined -Wl,-z,noexecstack -Wl,-z,relro -Wl,-z,now 
make[5]: Leaving directory `/home/lee/linphone-android/linphone-android/WORK/android-arm/Build/speex/CMakeFiles/CMakeTmp'
make[4]: Leaving directory `/home/lee/linphone-android/linphone-android/WORK/android-arm/Build/speex/CMakeFiles/CMakeTmp'


Determining if the include file string.h exists passed with the following output:
Change Dir: /home/lee/linphone-android/linphone-android/WORK/android-arm/Build/speex/CMakeFiles/CMakeTmp

Run Build Command:"/usr/bin/make" "cmTC_758f2/fast"
make[4]: Entering directory `/home/lee/linphone-android/linphone-android/WORK/android-arm/Build/speex/CMakeFiles/CMakeTmp'
/usr/bin/make -f CMakeFiles/cmTC_758f2.dir/build.make CMakeFiles/cmTC_758f2.dir/build
make[5]: Entering directory `/home/lee/linphone-android/linphone-android/WORK/android-arm/Build/speex/CMakeFiles/CMakeTmp'
Building C object CMakeFiles/cmTC_758f2.dir/CheckIncludeFile.c.o
/home/lee/android-ndk-r10c/toolchains/arm-linux-androideabi-4.8/prebuilt/linux-x86_64/bin/arm-linux-androideabi-gcc  --sysroot=/home/lee/android-ndk-r10c/platforms/android-14/arch-arm  -isystem /home/lee/android-ndk-r10c/sources/cpufeatures -isystem /home/lee/android-ndk-r10c/sources/cxx-stl/gnu-libstdc++/4.8/include -isystem /home/lee/android-ndk-r10c/sources/cxx-stl/gnu-libstdc++/4.8/libs/armeabi/include  -ffunction-sections -funwind-tables -fstack-protector -no-canonical-prefixes -march=armv5te -mtune=xscale -msoft-float -fomit-frame-pointer -fno-strict-aliasing -finline-limit=64 -o CMakeFiles/cmTC_758f2.dir/CheckIncludeFile.c.o   -c /home/lee/linphone-android/linphone-android/WORK/android-arm/Build/speex/CMakeFiles/CMakeTmp/CheckIncludeFile.c
Linking C executable cmTC_758f2
/home/lee/cmake-3.5.1-Linux-x86_64/bin/cmake -E cmake_link_script CMakeFiles/cmTC_758f2.dir/link.txt --verbose=1
/home/lee/android-ndk-r10c/toolchains/arm-linux-androideabi-4.8/prebuilt/linux-x86_64/bin/arm-linux-androideabi-gcc  --sysroot=/home/lee/android-ndk-r10c/platforms/android-14/arch-arm      CMakeFiles/cmTC_758f2.dir/CheckIncludeFile.c.o  -o cmTC_758f2 -rdynamic /home/lee/android-ndk-r10c/sources/android/libportable/libs/armeabi/libportable.a /home/lee/android-ndk-r10c/sources/cxx-stl/gnu-libstdc++/4.8/libs/armeabi/libgnustl_static.a -llog -no-canonical-prefixes -Wl,--no-undefined -Wl,-z,noexecstack -Wl,-z,relro -Wl,-z,now 
make[5]: Leaving directory `/home/lee/linphone-android/linphone-android/WORK/android-arm/Build/speex/CMakeFiles/CMakeTmp'
make[4]: Leaving directory `/home/lee/linphone-android/linphone-android/WORK/android-arm/Build/speex/CMakeFiles/CMakeTmp'


Determining if the function getopt_long exists passed with the following output:
Change Dir: /home/lee/linphone-android/linphone-android/WORK/android-arm/Build/speex/CMakeFiles/CMakeTmp

Run Build Command:"/usr/bin/make" "cmTC_bc368/fast"
make[4]: Entering directory `/home/lee/linphone-android/linphone-android/WORK/android-arm/Build/speex/CMakeFiles/CMakeTmp'
/usr/bin/make -f CMakeFiles/cmTC_bc368.dir/build.make CMakeFiles/cmTC_bc368.dir/build
make[5]: Entering directory `/home/lee/linphone-android/linphone-android/WORK/android-arm/Build/speex/CMakeFiles/CMakeTmp'
Building C object CMakeFiles/cmTC_bc368.dir/CheckFunctionExists.c.o
/home/lee/android-ndk-r10c/toolchains/arm-linux-androideabi-4.8/prebuilt/linux-x86_64/bin/arm-linux-androideabi-gcc  --sysroot=/home/lee/android-ndk-r10c/platforms/android-14/arch-arm  -isystem /home/lee/android-ndk-r10c/sources/cpufeatures -isystem /home/lee/android-ndk-r10c/sources/cxx-stl/gnu-libstdc++/4.8/include -isystem /home/lee/android-ndk-r10c/sources/cxx-stl/gnu-libstdc++/4.8/libs/armeabi/include  -DCHECK_FUNCTION_EXISTS=getopt_long   -ffunction-sections -funwind-tables -fstack-protector -no-canonical-prefixes -march=armv5te -mtune=xscale -msoft-float -fomit-frame-pointer -fno-strict-aliasing -finline-limit=64 -o CMakeFiles/cmTC_bc368.dir/CheckFunctionExists.c.o   -c /home/lee/cmake-3.5.1-Linux-x86_64/share/cmake-3.5/Modules/CheckFunctionExists.c
Linking C executable cmTC_bc368
/home/lee/cmake-3.5.1-Linux-x86_64/bin/cmake -E cmake_link_script CMakeFiles/cmTC_bc368.dir/link.txt --verbose=1
/home/lee/android-ndk-r10c/toolchains/arm-linux-androideabi-4.8/prebuilt/linux-x86_64/bin/arm-linux-androideabi-gcc  --sysroot=/home/lee/android-ndk-r10c/platforms/android-14/arch-arm  -DCHECK_FUNCTION_EXISTS=getopt_long    CMakeFiles/cmTC_bc368.dir/CheckFunctionExists.c.o  -o cmTC_bc368 -rdynamic /home/lee/android-ndk-r10c/sources/android/libportable/libs/armeabi/libportable.a /home/lee/android-ndk-r10c/sources/cxx-stl/gnu-libstdc++/4.8/libs/armeabi/libgnustl_static.a -llog -no-canonical-prefixes -Wl,--no-undefined -Wl,-z,noexecstack -Wl,-z,relro -Wl,-z,now 
make[5]: Leaving directory `/home/lee/linphone-android/linphone-android/WORK/android-arm/Build/speex/CMakeFiles/CMakeTmp'
make[4]: Leaving directory `/home/lee/linphone-android/linphone-android/WORK/android-arm/Build/speex/CMakeFiles/CMakeTmp'


Performing C SOURCE FILE Test VAR_ARRAYS succeeded with the following output:
Change Dir: /home/lee/linphone-android/linphone-android/WORK/android-arm/Build/speex/CMakeFiles/CMakeTmp

Run Build Command:"/usr/bin/make" "cmTC_96007/fast"
make[4]: Entering directory `/home/lee/linphone-android/linphone-android/WORK/android-arm/Build/speex/CMakeFiles/CMakeTmp'
/usr/bin/make -f CMakeFiles/cmTC_96007.dir/build.make CMakeFiles/cmTC_96007.dir/build
make[5]: Entering directory `/home/lee/linphone-android/linphone-android/WORK/android-arm/Build/speex/CMakeFiles/CMakeTmp'
Building C object CMakeFiles/cmTC_96007.dir/src.c.o
/home/lee/android-ndk-r10c/toolchains/arm-linux-androideabi-4.8/prebuilt/linux-x86_64/bin/arm-linux-androideabi-gcc  --sysroot=/home/lee/android-ndk-r10c/platforms/android-14/arch-arm  -isystem /home/lee/android-ndk-r10c/sources/cpufeatures -isystem /home/lee/android-ndk-r10c/sources/cxx-stl/gnu-libstdc++/4.8/include -isystem /home/lee/android-ndk-r10c/sources/cxx-stl/gnu-libstdc++/4.8/libs/armeabi/include  -DVAR_ARRAYS   -ffunction-sections -funwind-tables -fstack-protector -no-canonical-prefixes -march=armv5te -mtune=xscale -msoft-float -fomit-frame-pointer -fno-strict-aliasing -finline-limit=64 -o CMakeFiles/cmTC_96007.dir/src.c.o   -c /home/lee/linphone-android/linphone-android/WORK/android-arm/Build/speex/CMakeFiles/CMakeTmp/src.c
Linking C executable cmTC_96007
/home/lee/cmake-3.5.1-Linux-x86_64/bin/cmake -E cmake_link_script CMakeFiles/cmTC_96007.dir/link.txt --verbose=1
/home/lee/android-ndk-r10c/toolchains/arm-linux-androideabi-4.8/prebuilt/linux-x86_64/bin/arm-linux-androideabi-gcc  --sysroot=/home/lee/android-ndk-r10c/platforms/android-14/arch-arm  -DVAR_ARRAYS    CMakeFiles/cmTC_96007.dir/src.c.o  -o cmTC_96007 -rdynamic /home/lee/android-ndk-r10c/sources/android/libportable/libs/armeabi/libportable.a /home/lee/android-ndk-r10c/sources/cxx-stl/gnu-libstdc++/4.8/libs/armeabi/libgnustl_static.a -llog -no-canonical-prefixes -Wl,--no-undefined -Wl,-z,noexecstack -Wl,-z,relro -Wl,-z,now 
make[5]: Leaving directory `/home/lee/linphone-android/linphone-android/WORK/android-arm/Build/speex/CMakeFiles/CMakeTmp'
make[4]: Leaving directory `/home/lee/linphone-android/linphone-android/WORK/android-arm/Build/speex/CMakeFiles/CMakeTmp'

Source file was:
int main(int argc, char *argv[]) {
int foo;
foo = 10;
int array[foo];
}
Performing C SOURCE FILE Test HAS_ALLOCA succeeded with the following output:
Change Dir: /home/lee/linphone-android/linphone-android/WORK/android-arm/Build/speex/CMakeFiles/CMakeTmp

Run Build Command:"/usr/bin/make" "cmTC_2ddf7/fast"
make[4]: Entering directory `/home/lee/linphone-android/linphone-android/WORK/android-arm/Build/speex/CMakeFiles/CMakeTmp'
/usr/bin/make -f CMakeFiles/cmTC_2ddf7.dir/build.make CMakeFiles/cmTC_2ddf7.dir/build
make[5]: Entering directory `/home/lee/linphone-android/linphone-android/WORK/android-arm/Build/speex/CMakeFiles/CMakeTmp'
Building C object CMakeFiles/cmTC_2ddf7.dir/src.c.o
/home/lee/android-ndk-r10c/toolchains/arm-linux-androideabi-4.8/prebuilt/linux-x86_64/bin/arm-linux-androideabi-gcc  --sysroot=/home/lee/android-ndk-r10c/platforms/android-14/arch-arm  -isystem /home/lee/android-ndk-r10c/sources/cpufeatures -isystem /home/lee/android-ndk-r10c/sources/cxx-stl/gnu-libstdc++/4.8/include -isystem /home/lee/android-ndk-r10c/sources/cxx-stl/gnu-libstdc++/4.8/libs/armeabi/include  -DHAS_ALLOCA   -ffunction-sections -funwind-tables -fstack-protector -no-canonical-prefixes -march=armv5te -mtune=xscale -msoft-float -fomit-frame-pointer -fno-strict-aliasing -finline-limit=64 -o CMakeFiles/cmTC_2ddf7.dir/src.c.o   -c /home/lee/linphone-android/linphone-android/WORK/android-arm/Build/speex/CMakeFiles/CMakeTmp/src.c
Linking C executable cmTC_2ddf7
/home/lee/cmake-3.5.1-Linux-x86_64/bin/cmake -E cmake_link_script CMakeFiles/cmTC_2ddf7.dir/link.txt --verbose=1
/home/lee/android-ndk-r10c/toolchains/arm-linux-androideabi-4.8/prebuilt/linux-x86_64/bin/arm-linux-androideabi-gcc  --sysroot=/home/lee/android-ndk-r10c/platforms/android-14/arch-arm  -DHAS_ALLOCA    CMakeFiles/cmTC_2ddf7.dir/src.c.o  -o cmTC_2ddf7 -rdynamic /home/lee/android-ndk-r10c/sources/android/libportable/libs/armeabi/libportable.a /home/lee/android-ndk-r10c/sources/cxx-stl/gnu-libstdc++/4.8/libs/armeabi/libgnustl_static.a -llog -no-canonical-prefixes -Wl,--no-undefined -Wl,-z,noexecstack -Wl,-z,relro -Wl,-z,now 
make[5]: Leaving directory `/home/lee/linphone-android/linphone-android/WORK/android-arm/Build/speex/CMakeFiles/CMakeTmp'
make[4]: Leaving directory `/home/lee/linphone-android/linphone-android/WORK/android-arm/Build/speex/CMakeFiles/CMakeTmp'

Source file was:
#include <alloca.h>
#include <stdlib.h>
int main(int argc, char *argv[]) {
int foo=10;
int *array = alloca(foo);
}
Performing C SOURCE FILE Test HAS_VISIBILITY succeeded with the following output:
Change Dir: /home/lee/linphone-android/linphone-android/WORK/android-arm/Build/speex/CMakeFiles/CMakeTmp

Run Build Command:"/usr/bin/make" "cmTC_c67dc/fast"
make[4]: Entering directory `/home/lee/linphone-android/linphone-android/WORK/android-arm/Build/speex/CMakeFiles/CMakeTmp'
/usr/bin/make -f CMakeFiles/cmTC_c67dc.dir/build.make CMakeFiles/cmTC_c67dc.dir/build
make[5]: Entering directory `/home/lee/linphone-android/linphone-android/WORK/android-arm/Build/speex/CMakeFiles/CMakeTmp'
Building C object CMakeFiles/cmTC_c67dc.dir/src.c.o
/home/lee/android-ndk-r10c/toolchains/arm-linux-androideabi-4.8/prebuilt/linux-x86_64/bin/arm-linux-androideabi-gcc  --sysroot=/home/lee/android-ndk-r10c/platforms/android-14/arch-arm  -isystem /home/lee/android-ndk-r10c/sources/cpufeatures -isystem /home/lee/android-ndk-r10c/sources/cxx-stl/gnu-libstdc++/4.8/include -isystem /home/lee/android-ndk-r10c/sources/cxx-stl/gnu-libstdc++/4.8/libs/armeabi/include  -fvisibility=hidden -DHAS_VISIBILITY   -ffunction-sections -funwind-tables -fstack-protector -no-canonical-prefixes -march=armv5te -mtune=xscale -msoft-float -fomit-frame-pointer -fno-strict-aliasing -finline-limit=64 -o CMakeFiles/cmTC_c67dc.dir/src.c.o   -c /home/lee/linphone-android/linphone-android/WORK/android-arm/Build/speex/CMakeFiles/CMakeTmp/src.c
Linking C executable cmTC_c67dc
/home/lee/cmake-3.5.1-Linux-x86_64/bin/cmake -E cmake_link_script CMakeFiles/cmTC_c67dc.dir/link.txt --verbose=1
/home/lee/android-ndk-r10c/toolchains/arm-linux-androideabi-4.8/prebuilt/linux-x86_64/bin/arm-linux-androideabi-gcc  --sysroot=/home/lee/android-ndk-r10c/platforms/android-14/arch-arm  -fvisibility=hidden -DHAS_VISIBILITY    CMakeFiles/cmTC_c67dc.dir/src.c.o  -o cmTC_c67dc -rdynamic /home/lee/android-ndk-r10c/sources/android/libportable/libs/armeabi/libportable.a /home/lee/android-ndk-r10c/sources/cxx-stl/gnu-libstdc++/4.8/libs/armeabi/libgnustl_static.a -llog -no-canonical-prefixes -Wl,--no-undefined -Wl,-z,noexecstack -Wl,-z,relro -Wl,-z,now 
make[5]: Leaving directory `/home/lee/linphone-android/linphone-android/WORK/android-arm/Build/speex/CMakeFiles/CMakeTmp'
make[4]: Leaving directory `/home/lee/linphone-android/linphone-android/WORK/android-arm/Build/speex/CMakeFiles/CMakeTmp'

Source file was:
#pragma GCC visibility push(hidden)
__attribute__((visibility("default")))
int var=10;
int main(int argc, char *argv[]) {}
Determining if the include file sys/types.h exists passed with the following output:
Change Dir: /home/lee/linphone-android/linphone-android/WORK/android-arm/Build/speex/CMakeFiles/CMakeTmp

Run Build Command:"/usr/bin/make" "cmTC_f7a2c/fast"
make[4]: Entering directory `/home/lee/linphone-android/linphone-android/WORK/android-arm/Build/speex/CMakeFiles/CMakeTmp'
/usr/bin/make -f CMakeFiles/cmTC_f7a2c.dir/build.make CMakeFiles/cmTC_f7a2c.dir/build
make[5]: Entering directory `/home/lee/linphone-android/linphone-android/WORK/android-arm/Build/speex/CMakeFiles/CMakeTmp'
Building C object CMakeFiles/cmTC_f7a2c.dir/CheckIncludeFile.c.o
/home/lee/android-ndk-r10c/toolchains/arm-linux-androideabi-4.8/prebuilt/linux-x86_64/bin/arm-linux-androideabi-gcc  --sysroot=/home/lee/android-ndk-r10c/platforms/android-14/arch-arm  -isystem /home/lee/android-ndk-r10c/sources/cpufeatures -isystem /home/lee/android-ndk-r10c/sources/cxx-stl/gnu-libstdc++/4.8/include -isystem /home/lee/android-ndk-r10c/sources/cxx-stl/gnu-libstdc++/4.8/libs/armeabi/include  -ffunction-sections -funwind-tables -fstack-protector -no-canonical-prefixes -march=armv5te -mtune=xscale -msoft-float -fomit-frame-pointer -fno-strict-aliasing -finline-limit=64 -o CMakeFiles/cmTC_f7a2c.dir/CheckIncludeFile.c.o   -c /home/lee/linphone-android/linphone-android/WORK/android-arm/Build/speex/CMakeFiles/CMakeTmp/CheckIncludeFile.c
Linking C executable cmTC_f7a2c
/home/lee/cmake-3.5.1-Linux-x86_64/bin/cmake -E cmake_link_script CMakeFiles/cmTC_f7a2c.dir/link.txt --verbose=1
/home/lee/android-ndk-r10c/toolchains/arm-linux-androideabi-4.8/prebuilt/linux-x86_64/bin/arm-linux-androideabi-gcc  --sysroot=/home/lee/android-ndk-r10c/platforms/android-14/arch-arm      CMakeFiles/cmTC_f7a2c.dir/CheckIncludeFile.c.o  -o cmTC_f7a2c -rdynamic /home/lee/android-ndk-r10c/sources/android/libportable/libs/armeabi/libportable.a /home/lee/android-ndk-r10c/sources/cxx-stl/gnu-libstdc++/4.8/libs/armeabi/libgnustl_static.a -llog -no-canonical-prefixes -Wl,--no-undefined -Wl,-z,noexecstack -Wl,-z,relro -Wl,-z,now 
make[5]: Leaving directory `/home/lee/linphone-android/linphone-android/WORK/android-arm/Build/speex/CMakeFiles/CMakeTmp'
make[4]: Leaving directory `/home/lee/linphone-android/linphone-android/WORK/android-arm/Build/speex/CMakeFiles/CMakeTmp'


Determining if the include file stdint.h exists passed with the following output:
Change Dir: /home/lee/linphone-android/linphone-android/WORK/android-arm/Build/speex/CMakeFiles/CMakeTmp

Run Build Command:"/usr/bin/make" "cmTC_9ea56/fast"
make[4]: Entering directory `/home/lee/linphone-android/linphone-android/WORK/android-arm/Build/speex/CMakeFiles/CMakeTmp'
/usr/bin/make -f CMakeFiles/cmTC_9ea56.dir/build.make CMakeFiles/cmTC_9ea56.dir/build
make[5]: Entering directory `/home/lee/linphone-android/linphone-android/WORK/android-arm/Build/speex/CMakeFiles/CMakeTmp'
Building C object CMakeFiles/cmTC_9ea56.dir/CheckIncludeFile.c.o
/home/lee/android-ndk-r10c/toolchains/arm-linux-androideabi-4.8/prebuilt/linux-x86_64/bin/arm-linux-androideabi-gcc  --sysroot=/home/lee/android-ndk-r10c/platforms/android-14/arch-arm  -isystem /home/lee/android-ndk-r10c/sources/cpufeatures -isystem /home/lee/android-ndk-r10c/sources/cxx-stl/gnu-libstdc++/4.8/include -isystem /home/lee/android-ndk-r10c/sources/cxx-stl/gnu-libstdc++/4.8/libs/armeabi/include  -ffunction-sections -funwind-tables -fstack-protector -no-canonical-prefixes -march=armv5te -mtune=xscale -msoft-float -fomit-frame-pointer -fno-strict-aliasing -finline-limit=64 -o CMakeFiles/cmTC_9ea56.dir/CheckIncludeFile.c.o   -c /home/lee/linphone-android/linphone-android/WORK/android-arm/Build/speex/CMakeFiles/CMakeTmp/CheckIncludeFile.c
Linking C executable cmTC_9ea56
/home/lee/cmake-3.5.1-Linux-x86_64/bin/cmake -E cmake_link_script CMakeFiles/cmTC_9ea56.dir/link.txt --verbose=1
/home/lee/android-ndk-r10c/toolchains/arm-linux-androideabi-4.8/prebuilt/linux-x86_64/bin/arm-linux-androideabi-gcc  --sysroot=/home/lee/android-ndk-r10c/platforms/android-14/arch-arm      CMakeFiles/cmTC_9ea56.dir/CheckIncludeFile.c.o  -o cmTC_9ea56 -rdynamic /home/lee/android-ndk-r10c/sources/android/libportable/libs/armeabi/libportable.a /home/lee/android-ndk-r10c/sources/cxx-stl/gnu-libstdc++/4.8/libs/armeabi/libgnustl_static.a -llog -no-canonical-prefixes -Wl,--no-undefined -Wl,-z,noexecstack -Wl,-z,relro -Wl,-z,now 
make[5]: Leaving directory `/home/lee/linphone-android/linphone-android/WORK/android-arm/Build/speex/CMakeFiles/CMakeTmp'
make[4]: Leaving directory `/home/lee/linphone-android/linphone-android/WORK/android-arm/Build/speex/CMakeFiles/CMakeTmp'


Determining if the include file stddef.h exists passed with the following output:
Change Dir: /home/lee/linphone-android/linphone-android/WORK/android-arm/Build/speex/CMakeFiles/CMakeTmp

Run Build Command:"/usr/bin/make" "cmTC_c0240/fast"
make[4]: Entering directory `/home/lee/linphone-android/linphone-android/WORK/android-arm/Build/speex/CMakeFiles/CMakeTmp'
/usr/bin/make -f CMakeFiles/cmTC_c0240.dir/build.make CMakeFiles/cmTC_c0240.dir/build
make[5]: Entering directory `/home/lee/linphone-android/linphone-android/WORK/android-arm/Build/speex/CMakeFiles/CMakeTmp'
Building C object CMakeFiles/cmTC_c0240.dir/CheckIncludeFile.c.o
/home/lee/android-ndk-r10c/toolchains/arm-linux-androideabi-4.8/prebuilt/linux-x86_64/bin/arm-linux-androideabi-gcc  --sysroot=/home/lee/android-ndk-r10c/platforms/android-14/arch-arm  -isystem /home/lee/android-ndk-r10c/sources/cpufeatures -isystem /home/lee/android-ndk-r10c/sources/cxx-stl/gnu-libstdc++/4.8/include -isystem /home/lee/android-ndk-r10c/sources/cxx-stl/gnu-libstdc++/4.8/libs/armeabi/include  -ffunction-sections -funwind-tables -fstack-protector -no-canonical-prefixes -march=armv5te -mtune=xscale -msoft-float -fomit-frame-pointer -fno-strict-aliasing -finline-limit=64 -o CMakeFiles/cmTC_c0240.dir/CheckIncludeFile.c.o   -c /home/lee/linphone-android/linphone-android/WORK/android-arm/Build/speex/CMakeFiles/CMakeTmp/CheckIncludeFile.c
Linking C executable cmTC_c0240
/home/lee/cmake-3.5.1-Linux-x86_64/bin/cmake -E cmake_link_script CMakeFiles/cmTC_c0240.dir/link.txt --verbose=1
/home/lee/android-ndk-r10c/toolchains/arm-linux-androideabi-4.8/prebuilt/linux-x86_64/bin/arm-linux-androideabi-gcc  --sysroot=/home/lee/android-ndk-r10c/platforms/android-14/arch-arm      CMakeFiles/cmTC_c0240.dir/CheckIncludeFile.c.o  -o cmTC_c0240 -rdynamic /home/lee/android-ndk-r10c/sources/android/libportable/libs/armeabi/libportable.a /home/lee/android-ndk-r10c/sources/cxx-stl/gnu-libstdc++/4.8/libs/armeabi/libgnustl_static.a -llog -no-canonical-prefixes -Wl,--no-undefined -Wl,-z,noexecstack -Wl,-z,relro -Wl,-z,now 
make[5]: Leaving directory `/home/lee/linphone-android/linphone-android/WORK/android-arm/Build/speex/CMakeFiles/CMakeTmp'
make[4]: Leaving directory `/home/lee/linphone-android/linphone-android/WORK/android-arm/Build/speex/CMakeFiles/CMakeTmp'


Determining size of short passed with the following output:
Change Dir: /home/lee/linphone-android/linphone-android/WORK/android-arm/Build/speex/CMakeFiles/CMakeTmp

Run Build Command:"/usr/bin/make" "cmTC_7eb96/fast"
make[4]: Entering directory `/home/lee/linphone-android/linphone-android/WORK/android-arm/Build/speex/CMakeFiles/CMakeTmp'
/usr/bin/make -f CMakeFiles/cmTC_7eb96.dir/build.make CMakeFiles/cmTC_7eb96.dir/build
make[5]: Entering directory `/home/lee/linphone-android/linphone-android/WORK/android-arm/Build/speex/CMakeFiles/CMakeTmp'
Building C object CMakeFiles/cmTC_7eb96.dir/SHORT.c.o
/home/lee/android-ndk-r10c/toolchains/arm-linux-androideabi-4.8/prebuilt/linux-x86_64/bin/arm-linux-androideabi-gcc  --sysroot=/home/lee/android-ndk-r10c/platforms/android-14/arch-arm  -isystem /home/lee/android-ndk-r10c/sources/cpufeatures -isystem /home/lee/android-ndk-r10c/sources/cxx-stl/gnu-libstdc++/4.8/include -isystem /home/lee/android-ndk-r10c/sources/cxx-stl/gnu-libstdc++/4.8/libs/armeabi/include  -ffunction-sections -funwind-tables -fstack-protector -no-canonical-prefixes -march=armv5te -mtune=xscale -msoft-float -fomit-frame-pointer -fno-strict-aliasing -finline-limit=64 -o CMakeFiles/cmTC_7eb96.dir/SHORT.c.o   -c /home/lee/linphone-android/linphone-android/WORK/android-arm/Build/speex/CMakeFiles/CheckTypeSize/SHORT.c
Linking C executable cmTC_7eb96
/home/lee/cmake-3.5.1-Linux-x86_64/bin/cmake -E cmake_link_script CMakeFiles/cmTC_7eb96.dir/link.txt --verbose=1
/home/lee/android-ndk-r10c/toolchains/arm-linux-androideabi-4.8/prebuilt/linux-x86_64/bin/arm-linux-androideabi-gcc  --sysroot=/home/lee/android-ndk-r10c/platforms/android-14/arch-arm      CMakeFiles/cmTC_7eb96.dir/SHORT.c.o  -o cmTC_7eb96 -rdynamic /home/lee/android-ndk-r10c/sources/android/libportable/libs/armeabi/libportable.a /home/lee/android-ndk-r10c/sources/cxx-stl/gnu-libstdc++/4.8/libs/armeabi/libgnustl_static.a -llog -no-canonical-prefixes -Wl,--no-undefined -Wl,-z,noexecstack -Wl,-z,relro -Wl,-z,now 
make[5]: Leaving directory `/home/lee/linphone-android/linphone-android/WORK/android-arm/Build/speex/CMakeFiles/CMakeTmp'
make[4]: Leaving directory `/home/lee/linphone-android/linphone-android/WORK/android-arm/Build/speex/CMakeFiles/CMakeTmp'


Determining size of int passed with the following output:
Change Dir: /home/lee/linphone-android/linphone-android/WORK/android-arm/Build/speex/CMakeFiles/CMakeTmp

Run Build Command:"/usr/bin/make" "cmTC_7778c/fast"
make[4]: Entering directory `/home/lee/linphone-android/linphone-android/WORK/android-arm/Build/speex/CMakeFiles/CMakeTmp'
/usr/bin/make -f CMakeFiles/cmTC_7778c.dir/build.make CMakeFiles/cmTC_7778c.dir/build
make[5]: Entering directory `/home/lee/linphone-android/linphone-android/WORK/android-arm/Build/speex/CMakeFiles/CMakeTmp'
Building C object CMakeFiles/cmTC_7778c.dir/INT.c.o
/home/lee/android-ndk-r10c/toolchains/arm-linux-androideabi-4.8/prebuilt/linux-x86_64/bin/arm-linux-androideabi-gcc  --sysroot=/home/lee/android-ndk-r10c/platforms/android-14/arch-arm  -isystem /home/lee/android-ndk-r10c/sources/cpufeatures -isystem /home/lee/android-ndk-r10c/sources/cxx-stl/gnu-libstdc++/4.8/include -isystem /home/lee/android-ndk-r10c/sources/cxx-stl/gnu-libstdc++/4.8/libs/armeabi/include  -ffunction-sections -funwind-tables -fstack-protector -no-canonical-prefixes -march=armv5te -mtune=xscale -msoft-float -fomit-frame-pointer -fno-strict-aliasing -finline-limit=64 -o CMakeFiles/cmTC_7778c.dir/INT.c.o   -c /home/lee/linphone-android/linphone-android/WORK/android-arm/Build/speex/CMakeFiles/CheckTypeSize/INT.c
Linking C executable cmTC_7778c
/home/lee/cmake-3.5.1-Linux-x86_64/bin/cmake -E cmake_link_script CMakeFiles/cmTC_7778c.dir/link.txt --verbose=1
/home/lee/android-ndk-r10c/toolchains/arm-linux-androideabi-4.8/prebuilt/linux-x86_64/bin/arm-linux-androideabi-gcc  --sysroot=/home/lee/android-ndk-r10c/platforms/android-14/arch-arm      CMakeFiles/cmTC_7778c.dir/INT.c.o  -o cmTC_7778c -rdynamic /home/lee/android-ndk-r10c/sources/android/libportable/libs/armeabi/libportable.a /home/lee/android-ndk-r10c/sources/cxx-stl/gnu-libstdc++/4.8/libs/armeabi/libgnustl_static.a -llog -no-canonical-prefixes -Wl,--no-undefined -Wl,-z,noexecstack -Wl,-z,relro -Wl,-z,now 
make[5]: Leaving directory `/home/lee/linphone-android/linphone-android/WORK/android-arm/Build/speex/CMakeFiles/CMakeTmp'
make[4]: Leaving directory `/home/lee/linphone-android/linphone-android/WORK/android-arm/Build/speex/CMakeFiles/CMakeTmp'


Determining size of long passed with the following output:
Change Dir: /home/lee/linphone-android/linphone-android/WORK/android-arm/Build/speex/CMakeFiles/CMakeTmp

Run Build Command:"/usr/bin/make" "cmTC_a00c2/fast"
make[4]: Entering directory `/home/lee/linphone-android/linphone-android/WORK/android-arm/Build/speex/CMakeFiles/CMakeTmp'
/usr/bin/make -f CMakeFiles/cmTC_a00c2.dir/build.make CMakeFiles/cmTC_a00c2.dir/build
make[5]: Entering directory `/home/lee/linphone-android/linphone-android/WORK/android-arm/Build/speex/CMakeFiles/CMakeTmp'
Building C object CMakeFiles/cmTC_a00c2.dir/LONG.c.o
/home/lee/android-ndk-r10c/toolchains/arm-linux-androideabi-4.8/prebuilt/linux-x86_64/bin/arm-linux-androideabi-gcc  --sysroot=/home/lee/android-ndk-r10c/platforms/android-14/arch-arm  -isystem /home/lee/android-ndk-r10c/sources/cpufeatures -isystem /home/lee/android-ndk-r10c/sources/cxx-stl/gnu-libstdc++/4.8/include -isystem /home/lee/android-ndk-r10c/sources/cxx-stl/gnu-libstdc++/4.8/libs/armeabi/include  -ffunction-sections -funwind-tables -fstack-protector -no-canonical-prefixes -march=armv5te -mtune=xscale -msoft-float -fomit-frame-pointer -fno-strict-aliasing -finline-limit=64 -o CMakeFiles/cmTC_a00c2.dir/LONG.c.o   -c /home/lee/linphone-android/linphone-android/WORK/android-arm/Build/speex/CMakeFiles/CheckTypeSize/LONG.c
Linking C executable cmTC_a00c2
/home/lee/cmake-3.5.1-Linux-x86_64/bin/cmake -E cmake_link_script CMakeFiles/cmTC_a00c2.dir/link.txt --verbose=1
/home/lee/android-ndk-r10c/toolchains/arm-linux-androideabi-4.8/prebuilt/linux-x86_64/bin/arm-linux-androideabi-gcc  --sysroot=/home/lee/android-ndk-r10c/platforms/android-14/arch-arm      CMakeFiles/cmTC_a00c2.dir/LONG.c.o  -o cmTC_a00c2 -rdynamic /home/lee/android-ndk-r10c/sources/android/libportable/libs/armeabi/libportable.a /home/lee/android-ndk-r10c/sources/cxx-stl/gnu-libstdc++/4.8/libs/armeabi/libgnustl_static.a -llog -no-canonical-prefixes -Wl,--no-undefined -Wl,-z,noexecstack -Wl,-z,relro -Wl,-z,now 
make[5]: Leaving directory `/home/lee/linphone-android/linphone-android/WORK/android-arm/Build/speex/CMakeFiles/CMakeTmp'
make[4]: Leaving directory `/home/lee/linphone-android/linphone-android/WORK/android-arm/Build/speex/CMakeFiles/CMakeTmp'


