The target system is: Linux -  - armeabi
The host system is: Linux - 4.2.0-35-generic - x86_64
Determining if the include file inttypes.h exists passed with the following output:
Change Dir: /home/lee/linphone-android/linphone-android/WORK/android-arm/Build/xml2/CMakeFiles/CMakeTmp

Run Build Command:"/usr/bin/make" "cmTC_c71d4/fast"
make[4]: Entering directory `/home/lee/linphone-android/linphone-android/WORK/android-arm/Build/xml2/CMakeFiles/CMakeTmp'
/usr/bin/make -f CMakeFiles/cmTC_c71d4.dir/build.make CMakeFiles/cmTC_c71d4.dir/build
make[5]: Entering directory `/home/lee/linphone-android/linphone-android/WORK/android-arm/Build/xml2/CMakeFiles/CMakeTmp'
Building C object CMakeFiles/cmTC_c71d4.dir/CheckIncludeFile.c.o
/home/lee/android-ndk-r10c/toolchains/arm-linux-androideabi-4.8/prebuilt/linux-x86_64/bin/arm-linux-androideabi-gcc  --sysroot=/home/lee/android-ndk-r10c/platforms/android-14/arch-arm  -isystem /home/lee/android-ndk-r10c/sources/cpufeatures -isystem /home/lee/android-ndk-r10c/sources/cxx-stl/gnu-libstdc++/4.8/include -isystem /home/lee/android-ndk-r10c/sources/cxx-stl/gnu-libstdc++/4.8/libs/armeabi/include  -ffunction-sections -funwind-tables -fstack-protector -no-canonical-prefixes -march=armv5te -mtune=xscale -msoft-float -fomit-frame-pointer -fno-strict-aliasing -finline-limit=64 -o CMakeFiles/cmTC_c71d4.dir/CheckIncludeFile.c.o   -c /home/lee/linphone-android/linphone-android/WORK/android-arm/Build/xml2/CMakeFiles/CMakeTmp/CheckIncludeFile.c
Linking C executable cmTC_c71d4
/home/lee/cmake-3.5.1-Linux-x86_64/bin/cmake -E cmake_link_script CMakeFiles/cmTC_c71d4.dir/link.txt --verbose=1
/home/lee/android-ndk-r10c/toolchains/arm-linux-androideabi-4.8/prebuilt/linux-x86_64/bin/arm-linux-androideabi-gcc  --sysroot=/home/lee/android-ndk-r10c/platforms/android-14/arch-arm      CMakeFiles/cmTC_c71d4.dir/CheckIncludeFile.c.o  -o cmTC_c71d4 -rdynamic /home/lee/android-ndk-r10c/sources/android/libportable/libs/armeabi/libportable.a /home/lee/android-ndk-r10c/sources/cxx-stl/gnu-libstdc++/4.8/libs/armeabi/libgnustl_static.a -llog -no-canonical-prefixes -Wl,--no-undefined -Wl,-z,noexecstack -Wl,-z,relro -Wl,-z,now 
make[5]: Leaving directory `/home/lee/linphone-android/linphone-android/WORK/android-arm/Build/xml2/CMakeFiles/CMakeTmp'
make[4]: Leaving directory `/home/lee/linphone-android/linphone-android/WORK/android-arm/Build/xml2/CMakeFiles/CMakeTmp'


Determining if the include file memory.h exists passed with the following output:
Change Dir: /home/lee/linphone-android/linphone-android/WORK/android-arm/Build/xml2/CMakeFiles/CMakeTmp

Run Build Command:"/usr/bin/make" "cmTC_832dd/fast"
make[4]: Entering directory `/home/lee/linphone-android/linphone-android/WORK/android-arm/Build/xml2/CMakeFiles/CMakeTmp'
/usr/bin/make -f CMakeFiles/cmTC_832dd.dir/build.make CMakeFiles/cmTC_832dd.dir/build
make[5]: Entering directory `/home/lee/linphone-android/linphone-android/WORK/android-arm/Build/xml2/CMakeFiles/CMakeTmp'
Building C object CMakeFiles/cmTC_832dd.dir/CheckIncludeFile.c.o
/home/lee/android-ndk-r10c/toolchains/arm-linux-androideabi-4.8/prebuilt/linux-x86_64/bin/arm-linux-androideabi-gcc  --sysroot=/home/lee/android-ndk-r10c/platforms/android-14/arch-arm  -isystem /home/lee/android-ndk-r10c/sources/cpufeatures -isystem /home/lee/android-ndk-r10c/sources/cxx-stl/gnu-libstdc++/4.8/include -isystem /home/lee/android-ndk-r10c/sources/cxx-stl/gnu-libstdc++/4.8/libs/armeabi/include  -ffunction-sections -funwind-tables -fstack-protector -no-canonical-prefixes -march=armv5te -mtune=xscale -msoft-float -fomit-frame-pointer -fno-strict-aliasing -finline-limit=64 -o CMakeFiles/cmTC_832dd.dir/CheckIncludeFile.c.o   -c /home/lee/linphone-android/linphone-android/WORK/android-arm/Build/xml2/CMakeFiles/CMakeTmp/CheckIncludeFile.c
Linking C executable cmTC_832dd
/home/lee/cmake-3.5.1-Linux-x86_64/bin/cmake -E cmake_link_script CMakeFiles/cmTC_832dd.dir/link.txt --verbose=1
/home/lee/android-ndk-r10c/toolchains/arm-linux-androideabi-4.8/prebuilt/linux-x86_64/bin/arm-linux-androideabi-gcc  --sysroot=/home/lee/android-ndk-r10c/platforms/android-14/arch-arm      CMakeFiles/cmTC_832dd.dir/CheckIncludeFile.c.o  -o cmTC_832dd -rdynamic /home/lee/android-ndk-r10c/sources/android/libportable/libs/armeabi/libportable.a /home/lee/android-ndk-r10c/sources/cxx-stl/gnu-libstdc++/4.8/libs/armeabi/libgnustl_static.a -llog -no-canonical-prefixes -Wl,--no-undefined -Wl,-z,noexecstack -Wl,-z,relro -Wl,-z,now 
make[5]: Leaving directory `/home/lee/linphone-android/linphone-android/WORK/android-arm/Build/xml2/CMakeFiles/CMakeTmp'
make[4]: Leaving directory `/home/lee/linphone-android/linphone-android/WORK/android-arm/Build/xml2/CMakeFiles/CMakeTmp'


Determining if the include file stdint.h exists passed with the following output:
Change Dir: /home/lee/linphone-android/linphone-android/WORK/android-arm/Build/xml2/CMakeFiles/CMakeTmp

Run Build Command:"/usr/bin/make" "cmTC_57099/fast"
make[4]: Entering directory `/home/lee/linphone-android/linphone-android/WORK/android-arm/Build/xml2/CMakeFiles/CMakeTmp'
/usr/bin/make -f CMakeFiles/cmTC_57099.dir/build.make CMakeFiles/cmTC_57099.dir/build
make[5]: Entering directory `/home/lee/linphone-android/linphone-android/WORK/android-arm/Build/xml2/CMakeFiles/CMakeTmp'
Building C object CMakeFiles/cmTC_57099.dir/CheckIncludeFile.c.o
/home/lee/android-ndk-r10c/toolchains/arm-linux-androideabi-4.8/prebuilt/linux-x86_64/bin/arm-linux-androideabi-gcc  --sysroot=/home/lee/android-ndk-r10c/platforms/android-14/arch-arm  -isystem /home/lee/android-ndk-r10c/sources/cpufeatures -isystem /home/lee/android-ndk-r10c/sources/cxx-stl/gnu-libstdc++/4.8/include -isystem /home/lee/android-ndk-r10c/sources/cxx-stl/gnu-libstdc++/4.8/libs/armeabi/include  -ffunction-sections -funwind-tables -fstack-protector -no-canonical-prefixes -march=armv5te -mtune=xscale -msoft-float -fomit-frame-pointer -fno-strict-aliasing -finline-limit=64 -o CMakeFiles/cmTC_57099.dir/CheckIncludeFile.c.o   -c /home/lee/linphone-android/linphone-android/WORK/android-arm/Build/xml2/CMakeFiles/CMakeTmp/CheckIncludeFile.c
Linking C executable cmTC_57099
/home/lee/cmake-3.5.1-Linux-x86_64/bin/cmake -E cmake_link_script CMakeFiles/cmTC_57099.dir/link.txt --verbose=1
/home/lee/android-ndk-r10c/toolchains/arm-linux-androideabi-4.8/prebuilt/linux-x86_64/bin/arm-linux-androideabi-gcc  --sysroot=/home/lee/android-ndk-r10c/platforms/android-14/arch-arm      CMakeFiles/cmTC_57099.dir/CheckIncludeFile.c.o  -o cmTC_57099 -rdynamic /home/lee/android-ndk-r10c/sources/android/libportable/libs/armeabi/libportable.a /home/lee/android-ndk-r10c/sources/cxx-stl/gnu-libstdc++/4.8/libs/armeabi/libgnustl_static.a -llog -no-canonical-prefixes -Wl,--no-undefined -Wl,-z,noexecstack -Wl,-z,relro -Wl,-z,now 
make[5]: Leaving directory `/home/lee/linphone-android/linphone-android/WORK/android-arm/Build/xml2/CMakeFiles/CMakeTmp'
make[4]: Leaving directory `/home/lee/linphone-android/linphone-android/WORK/android-arm/Build/xml2/CMakeFiles/CMakeTmp'


Determining if the include file stdlib.h exists passed with the following output:
Change Dir: /home/lee/linphone-android/linphone-android/WORK/android-arm/Build/xml2/CMakeFiles/CMakeTmp

Run Build Command:"/usr/bin/make" "cmTC_309d3/fast"
make[4]: Entering directory `/home/lee/linphone-android/linphone-android/WORK/android-arm/Build/xml2/CMakeFiles/CMakeTmp'
/usr/bin/make -f CMakeFiles/cmTC_309d3.dir/build.make CMakeFiles/cmTC_309d3.dir/build
make[5]: Entering directory `/home/lee/linphone-android/linphone-android/WORK/android-arm/Build/xml2/CMakeFiles/CMakeTmp'
Building C object CMakeFiles/cmTC_309d3.dir/CheckIncludeFile.c.o
/home/lee/android-ndk-r10c/toolchains/arm-linux-androideabi-4.8/prebuilt/linux-x86_64/bin/arm-linux-androideabi-gcc  --sysroot=/home/lee/android-ndk-r10c/platforms/android-14/arch-arm  -isystem /home/lee/android-ndk-r10c/sources/cpufeatures -isystem /home/lee/android-ndk-r10c/sources/cxx-stl/gnu-libstdc++/4.8/include -isystem /home/lee/android-ndk-r10c/sources/cxx-stl/gnu-libstdc++/4.8/libs/armeabi/include  -ffunction-sections -funwind-tables -fstack-protector -no-canonical-prefixes -march=armv5te -mtune=xscale -msoft-float -fomit-frame-pointer -fno-strict-aliasing -finline-limit=64 -o CMakeFiles/cmTC_309d3.dir/CheckIncludeFile.c.o   -c /home/lee/linphone-android/linphone-android/WORK/android-arm/Build/xml2/CMakeFiles/CMakeTmp/CheckIncludeFile.c
Linking C executable cmTC_309d3
/home/lee/cmake-3.5.1-Linux-x86_64/bin/cmake -E cmake_link_script CMakeFiles/cmTC_309d3.dir/link.txt --verbose=1
/home/lee/android-ndk-r10c/toolchains/arm-linux-androideabi-4.8/prebuilt/linux-x86_64/bin/arm-linux-androideabi-gcc  --sysroot=/home/lee/android-ndk-r10c/platforms/android-14/arch-arm      CMakeFiles/cmTC_309d3.dir/CheckIncludeFile.c.o  -o cmTC_309d3 -rdynamic /home/lee/android-ndk-r10c/sources/android/libportable/libs/armeabi/libportable.a /home/lee/android-ndk-r10c/sources/cxx-stl/gnu-libstdc++/4.8/libs/armeabi/libgnustl_static.a -llog -no-canonical-prefixes -Wl,--no-undefined -Wl,-z,noexecstack -Wl,-z,relro -Wl,-z,now 
make[5]: Leaving directory `/home/lee/linphone-android/linphone-android/WORK/android-arm/Build/xml2/CMakeFiles/CMakeTmp'
make[4]: Leaving directory `/home/lee/linphone-android/linphone-android/WORK/android-arm/Build/xml2/CMakeFiles/CMakeTmp'


Determining if the include file strings.h exists passed with the following output:
Change Dir: /home/lee/linphone-android/linphone-android/WORK/android-arm/Build/xml2/CMakeFiles/CMakeTmp

Run Build Command:"/usr/bin/make" "cmTC_4815d/fast"
make[4]: Entering directory `/home/lee/linphone-android/linphone-android/WORK/android-arm/Build/xml2/CMakeFiles/CMakeTmp'
/usr/bin/make -f CMakeFiles/cmTC_4815d.dir/build.make CMakeFiles/cmTC_4815d.dir/build
make[5]: Entering directory `/home/lee/linphone-android/linphone-android/WORK/android-arm/Build/xml2/CMakeFiles/CMakeTmp'
Building C object CMakeFiles/cmTC_4815d.dir/CheckIncludeFile.c.o
/home/lee/android-ndk-r10c/toolchains/arm-linux-androideabi-4.8/prebuilt/linux-x86_64/bin/arm-linux-androideabi-gcc  --sysroot=/home/lee/android-ndk-r10c/platforms/android-14/arch-arm  -isystem /home/lee/android-ndk-r10c/sources/cpufeatures -isystem /home/lee/android-ndk-r10c/sources/cxx-stl/gnu-libstdc++/4.8/include -isystem /home/lee/android-ndk-r10c/sources/cxx-stl/gnu-libstdc++/4.8/libs/armeabi/include  -ffunction-sections -funwind-tables -fstack-protector -no-canonical-prefixes -march=armv5te -mtune=xscale -msoft-float -fomit-frame-pointer -fno-strict-aliasing -finline-limit=64 -o CMakeFiles/cmTC_4815d.dir/CheckIncludeFile.c.o   -c /home/lee/linphone-android/linphone-android/WORK/android-arm/Build/xml2/CMakeFiles/CMakeTmp/CheckIncludeFile.c
Linking C executable cmTC_4815d
/home/lee/cmake-3.5.1-Linux-x86_64/bin/cmake -E cmake_link_script CMakeFiles/cmTC_4815d.dir/link.txt --verbose=1
/home/lee/android-ndk-r10c/toolchains/arm-linux-androideabi-4.8/prebuilt/linux-x86_64/bin/arm-linux-androideabi-gcc  --sysroot=/home/lee/android-ndk-r10c/platforms/android-14/arch-arm      CMakeFiles/cmTC_4815d.dir/CheckIncludeFile.c.o  -o cmTC_4815d -rdynamic /home/lee/android-ndk-r10c/sources/android/libportable/libs/armeabi/libportable.a /home/lee/android-ndk-r10c/sources/cxx-stl/gnu-libstdc++/4.8/libs/armeabi/libgnustl_static.a -llog -no-canonical-prefixes -Wl,--no-undefined -Wl,-z,noexecstack -Wl,-z,relro -Wl,-z,now 
make[5]: Leaving directory `/home/lee/linphone-android/linphone-android/WORK/android-arm/Build/xml2/CMakeFiles/CMakeTmp'
make[4]: Leaving directory `/home/lee/linphone-android/linphone-android/WORK/android-arm/Build/xml2/CMakeFiles/CMakeTmp'


Determining if the include file string.h exists passed with the following output:
Change Dir: /home/lee/linphone-android/linphone-android/WORK/android-arm/Build/xml2/CMakeFiles/CMakeTmp

Run Build Command:"/usr/bin/make" "cmTC_be8dd/fast"
make[4]: Entering directory `/home/lee/linphone-android/linphone-android/WORK/android-arm/Build/xml2/CMakeFiles/CMakeTmp'
/usr/bin/make -f CMakeFiles/cmTC_be8dd.dir/build.make CMakeFiles/cmTC_be8dd.dir/build
make[5]: Entering directory `/home/lee/linphone-android/linphone-android/WORK/android-arm/Build/xml2/CMakeFiles/CMakeTmp'
Building C object CMakeFiles/cmTC_be8dd.dir/CheckIncludeFile.c.o
/home/lee/android-ndk-r10c/toolchains/arm-linux-androideabi-4.8/prebuilt/linux-x86_64/bin/arm-linux-androideabi-gcc  --sysroot=/home/lee/android-ndk-r10c/platforms/android-14/arch-arm  -isystem /home/lee/android-ndk-r10c/sources/cpufeatures -isystem /home/lee/android-ndk-r10c/sources/cxx-stl/gnu-libstdc++/4.8/include -isystem /home/lee/android-ndk-r10c/sources/cxx-stl/gnu-libstdc++/4.8/libs/armeabi/include  -ffunction-sections -funwind-tables -fstack-protector -no-canonical-prefixes -march=armv5te -mtune=xscale -msoft-float -fomit-frame-pointer -fno-strict-aliasing -finline-limit=64 -o CMakeFiles/cmTC_be8dd.dir/CheckIncludeFile.c.o   -c /home/lee/linphone-android/linphone-android/WORK/android-arm/Build/xml2/CMakeFiles/CMakeTmp/CheckIncludeFile.c
Linking C executable cmTC_be8dd
/home/lee/cmake-3.5.1-Linux-x86_64/bin/cmake -E cmake_link_script CMakeFiles/cmTC_be8dd.dir/link.txt --verbose=1
/home/lee/android-ndk-r10c/toolchains/arm-linux-androideabi-4.8/prebuilt/linux-x86_64/bin/arm-linux-androideabi-gcc  --sysroot=/home/lee/android-ndk-r10c/platforms/android-14/arch-arm      CMakeFiles/cmTC_be8dd.dir/CheckIncludeFile.c.o  -o cmTC_be8dd -rdynamic /home/lee/android-ndk-r10c/sources/android/libportable/libs/armeabi/libportable.a /home/lee/android-ndk-r10c/sources/cxx-stl/gnu-libstdc++/4.8/libs/armeabi/libgnustl_static.a -llog -no-canonical-prefixes -Wl,--no-undefined -Wl,-z,noexecstack -Wl,-z,relro -Wl,-z,now 
make[5]: Leaving directory `/home/lee/linphone-android/linphone-android/WORK/android-arm/Build/xml2/CMakeFiles/CMakeTmp'
make[4]: Leaving directory `/home/lee/linphone-android/linphone-android/WORK/android-arm/Build/xml2/CMakeFiles/CMakeTmp'


Determining if the include file sys/stat.h exists passed with the following output:
Change Dir: /home/lee/linphone-android/linphone-android/WORK/android-arm/Build/xml2/CMakeFiles/CMakeTmp

Run Build Command:"/usr/bin/make" "cmTC_4b863/fast"
make[4]: Entering directory `/home/lee/linphone-android/linphone-android/WORK/android-arm/Build/xml2/CMakeFiles/CMakeTmp'
/usr/bin/make -f CMakeFiles/cmTC_4b863.dir/build.make CMakeFiles/cmTC_4b863.dir/build
make[5]: Entering directory `/home/lee/linphone-android/linphone-android/WORK/android-arm/Build/xml2/CMakeFiles/CMakeTmp'
Building C object CMakeFiles/cmTC_4b863.dir/CheckIncludeFile.c.o
/home/lee/android-ndk-r10c/toolchains/arm-linux-androideabi-4.8/prebuilt/linux-x86_64/bin/arm-linux-androideabi-gcc  --sysroot=/home/lee/android-ndk-r10c/platforms/android-14/arch-arm  -isystem /home/lee/android-ndk-r10c/sources/cpufeatures -isystem /home/lee/android-ndk-r10c/sources/cxx-stl/gnu-libstdc++/4.8/include -isystem /home/lee/android-ndk-r10c/sources/cxx-stl/gnu-libstdc++/4.8/libs/armeabi/include  -ffunction-sections -funwind-tables -fstack-protector -no-canonical-prefixes -march=armv5te -mtune=xscale -msoft-float -fomit-frame-pointer -fno-strict-aliasing -finline-limit=64 -o CMakeFiles/cmTC_4b863.dir/CheckIncludeFile.c.o   -c /home/lee/linphone-android/linphone-android/WORK/android-arm/Build/xml2/CMakeFiles/CMakeTmp/CheckIncludeFile.c
Linking C executable cmTC_4b863
/home/lee/cmake-3.5.1-Linux-x86_64/bin/cmake -E cmake_link_script CMakeFiles/cmTC_4b863.dir/link.txt --verbose=1
/home/lee/android-ndk-r10c/toolchains/arm-linux-androideabi-4.8/prebuilt/linux-x86_64/bin/arm-linux-androideabi-gcc  --sysroot=/home/lee/android-ndk-r10c/platforms/android-14/arch-arm      CMakeFiles/cmTC_4b863.dir/CheckIncludeFile.c.o  -o cmTC_4b863 -rdynamic /home/lee/android-ndk-r10c/sources/android/libportable/libs/armeabi/libportable.a /home/lee/android-ndk-r10c/sources/cxx-stl/gnu-libstdc++/4.8/libs/armeabi/libgnustl_static.a -llog -no-canonical-prefixes -Wl,--no-undefined -Wl,-z,noexecstack -Wl,-z,relro -Wl,-z,now 
make[5]: Leaving directory `/home/lee/linphone-android/linphone-android/WORK/android-arm/Build/xml2/CMakeFiles/CMakeTmp'
make[4]: Leaving directory `/home/lee/linphone-android/linphone-android/WORK/android-arm/Build/xml2/CMakeFiles/CMakeTmp'


Determining if the include file sys/types.h exists passed with the following output:
Change Dir: /home/lee/linphone-android/linphone-android/WORK/android-arm/Build/xml2/CMakeFiles/CMakeTmp

Run Build Command:"/usr/bin/make" "cmTC_b9286/fast"
make[4]: Entering directory `/home/lee/linphone-android/linphone-android/WORK/android-arm/Build/xml2/CMakeFiles/CMakeTmp'
/usr/bin/make -f CMakeFiles/cmTC_b9286.dir/build.make CMakeFiles/cmTC_b9286.dir/build
make[5]: Entering directory `/home/lee/linphone-android/linphone-android/WORK/android-arm/Build/xml2/CMakeFiles/CMakeTmp'
Building C object CMakeFiles/cmTC_b9286.dir/CheckIncludeFile.c.o
/home/lee/android-ndk-r10c/toolchains/arm-linux-androideabi-4.8/prebuilt/linux-x86_64/bin/arm-linux-androideabi-gcc  --sysroot=/home/lee/android-ndk-r10c/platforms/android-14/arch-arm  -isystem /home/lee/android-ndk-r10c/sources/cpufeatures -isystem /home/lee/android-ndk-r10c/sources/cxx-stl/gnu-libstdc++/4.8/include -isystem /home/lee/android-ndk-r10c/sources/cxx-stl/gnu-libstdc++/4.8/libs/armeabi/include  -ffunction-sections -funwind-tables -fstack-protector -no-canonical-prefixes -march=armv5te -mtune=xscale -msoft-float -fomit-frame-pointer -fno-strict-aliasing -finline-limit=64 -o CMakeFiles/cmTC_b9286.dir/CheckIncludeFile.c.o   -c /home/lee/linphone-android/linphone-android/WORK/android-arm/Build/xml2/CMakeFiles/CMakeTmp/CheckIncludeFile.c
Linking C executable cmTC_b9286
/home/lee/cmake-3.5.1-Linux-x86_64/bin/cmake -E cmake_link_script CMakeFiles/cmTC_b9286.dir/link.txt --verbose=1
/home/lee/android-ndk-r10c/toolchains/arm-linux-androideabi-4.8/prebuilt/linux-x86_64/bin/arm-linux-androideabi-gcc  --sysroot=/home/lee/android-ndk-r10c/platforms/android-14/arch-arm      CMakeFiles/cmTC_b9286.dir/CheckIncludeFile.c.o  -o cmTC_b9286 -rdynamic /home/lee/android-ndk-r10c/sources/android/libportable/libs/armeabi/libportable.a /home/lee/android-ndk-r10c/sources/cxx-stl/gnu-libstdc++/4.8/libs/armeabi/libgnustl_static.a -llog -no-canonical-prefixes -Wl,--no-undefined -Wl,-z,noexecstack -Wl,-z,relro -Wl,-z,now 
make[5]: Leaving directory `/home/lee/linphone-android/linphone-android/WORK/android-arm/Build/xml2/CMakeFiles/CMakeTmp'
make[4]: Leaving directory `/home/lee/linphone-android/linphone-android/WORK/android-arm/Build/xml2/CMakeFiles/CMakeTmp'


Determining if the include file poll.h exists passed with the following output:
Change Dir: /home/lee/linphone-android/linphone-android/WORK/android-arm/Build/xml2/CMakeFiles/CMakeTmp

Run Build Command:"/usr/bin/make" "cmTC_a88bb/fast"
make[4]: Entering directory `/home/lee/linphone-android/linphone-android/WORK/android-arm/Build/xml2/CMakeFiles/CMakeTmp'
/usr/bin/make -f CMakeFiles/cmTC_a88bb.dir/build.make CMakeFiles/cmTC_a88bb.dir/build
make[5]: Entering directory `/home/lee/linphone-android/linphone-android/WORK/android-arm/Build/xml2/CMakeFiles/CMakeTmp'
Building C object CMakeFiles/cmTC_a88bb.dir/CheckIncludeFile.c.o
/home/lee/android-ndk-r10c/toolchains/arm-linux-androideabi-4.8/prebuilt/linux-x86_64/bin/arm-linux-androideabi-gcc  --sysroot=/home/lee/android-ndk-r10c/platforms/android-14/arch-arm  -isystem /home/lee/android-ndk-r10c/sources/cpufeatures -isystem /home/lee/android-ndk-r10c/sources/cxx-stl/gnu-libstdc++/4.8/include -isystem /home/lee/android-ndk-r10c/sources/cxx-stl/gnu-libstdc++/4.8/libs/armeabi/include  -ffunction-sections -funwind-tables -fstack-protector -no-canonical-prefixes -march=armv5te -mtune=xscale -msoft-float -fomit-frame-pointer -fno-strict-aliasing -finline-limit=64 -o CMakeFiles/cmTC_a88bb.dir/CheckIncludeFile.c.o   -c /home/lee/linphone-android/linphone-android/WORK/android-arm/Build/xml2/CMakeFiles/CMakeTmp/CheckIncludeFile.c
Linking C executable cmTC_a88bb
/home/lee/cmake-3.5.1-Linux-x86_64/bin/cmake -E cmake_link_script CMakeFiles/cmTC_a88bb.dir/link.txt --verbose=1
/home/lee/android-ndk-r10c/toolchains/arm-linux-androideabi-4.8/prebuilt/linux-x86_64/bin/arm-linux-androideabi-gcc  --sysroot=/home/lee/android-ndk-r10c/platforms/android-14/arch-arm      CMakeFiles/cmTC_a88bb.dir/CheckIncludeFile.c.o  -o cmTC_a88bb -rdynamic /home/lee/android-ndk-r10c/sources/android/libportable/libs/armeabi/libportable.a /home/lee/android-ndk-r10c/sources/cxx-stl/gnu-libstdc++/4.8/libs/armeabi/libgnustl_static.a -llog -no-canonical-prefixes -Wl,--no-undefined -Wl,-z,noexecstack -Wl,-z,relro -Wl,-z,now 
make[5]: Leaving directory `/home/lee/linphone-android/linphone-android/WORK/android-arm/Build/xml2/CMakeFiles/CMakeTmp'
make[4]: Leaving directory `/home/lee/linphone-android/linphone-android/WORK/android-arm/Build/xml2/CMakeFiles/CMakeTmp'


Determining if the include file sys/poll.h exists passed with the following output:
Change Dir: /home/lee/linphone-android/linphone-android/WORK/android-arm/Build/xml2/CMakeFiles/CMakeTmp

Run Build Command:"/usr/bin/make" "cmTC_438d5/fast"
make[4]: Entering directory `/home/lee/linphone-android/linphone-android/WORK/android-arm/Build/xml2/CMakeFiles/CMakeTmp'
/usr/bin/make -f CMakeFiles/cmTC_438d5.dir/build.make CMakeFiles/cmTC_438d5.dir/build
make[5]: Entering directory `/home/lee/linphone-android/linphone-android/WORK/android-arm/Build/xml2/CMakeFiles/CMakeTmp'
Building C object CMakeFiles/cmTC_438d5.dir/CheckIncludeFile.c.o
/home/lee/android-ndk-r10c/toolchains/arm-linux-androideabi-4.8/prebuilt/linux-x86_64/bin/arm-linux-androideabi-gcc  --sysroot=/home/lee/android-ndk-r10c/platforms/android-14/arch-arm  -isystem /home/lee/android-ndk-r10c/sources/cpufeatures -isystem /home/lee/android-ndk-r10c/sources/cxx-stl/gnu-libstdc++/4.8/include -isystem /home/lee/android-ndk-r10c/sources/cxx-stl/gnu-libstdc++/4.8/libs/armeabi/include  -ffunction-sections -funwind-tables -fstack-protector -no-canonical-prefixes -march=armv5te -mtune=xscale -msoft-float -fomit-frame-pointer -fno-strict-aliasing -finline-limit=64 -o CMakeFiles/cmTC_438d5.dir/CheckIncludeFile.c.o   -c /home/lee/linphone-android/linphone-android/WORK/android-arm/Build/xml2/CMakeFiles/CMakeTmp/CheckIncludeFile.c
Linking C executable cmTC_438d5
/home/lee/cmake-3.5.1-Linux-x86_64/bin/cmake -E cmake_link_script CMakeFiles/cmTC_438d5.dir/link.txt --verbose=1
/home/lee/android-ndk-r10c/toolchains/arm-linux-androideabi-4.8/prebuilt/linux-x86_64/bin/arm-linux-androideabi-gcc  --sysroot=/home/lee/android-ndk-r10c/platforms/android-14/arch-arm      CMakeFiles/cmTC_438d5.dir/CheckIncludeFile.c.o  -o cmTC_438d5 -rdynamic /home/lee/android-ndk-r10c/sources/android/libportable/libs/armeabi/libportable.a /home/lee/android-ndk-r10c/sources/cxx-stl/gnu-libstdc++/4.8/libs/armeabi/libgnustl_static.a -llog -no-canonical-prefixes -Wl,--no-undefined -Wl,-z,noexecstack -Wl,-z,relro -Wl,-z,now 
make[5]: Leaving directory `/home/lee/linphone-android/linphone-android/WORK/android-arm/Build/xml2/CMakeFiles/CMakeTmp'
make[4]: Leaving directory `/home/lee/linphone-android/linphone-android/WORK/android-arm/Build/xml2/CMakeFiles/CMakeTmp'


Determining if the include file sys/uio.h exists passed with the following output:
Change Dir: /home/lee/linphone-android/linphone-android/WORK/android-arm/Build/xml2/CMakeFiles/CMakeTmp

Run Build Command:"/usr/bin/make" "cmTC_6cfb0/fast"
make[4]: Entering directory `/home/lee/linphone-android/linphone-android/WORK/android-arm/Build/xml2/CMakeFiles/CMakeTmp'
/usr/bin/make -f CMakeFiles/cmTC_6cfb0.dir/build.make CMakeFiles/cmTC_6cfb0.dir/build
make[5]: Entering directory `/home/lee/linphone-android/linphone-android/WORK/android-arm/Build/xml2/CMakeFiles/CMakeTmp'
Building C object CMakeFiles/cmTC_6cfb0.dir/CheckIncludeFile.c.o
/home/lee/android-ndk-r10c/toolchains/arm-linux-androideabi-4.8/prebuilt/linux-x86_64/bin/arm-linux-androideabi-gcc  --sysroot=/home/lee/android-ndk-r10c/platforms/android-14/arch-arm  -isystem /home/lee/android-ndk-r10c/sources/cpufeatures -isystem /home/lee/android-ndk-r10c/sources/cxx-stl/gnu-libstdc++/4.8/include -isystem /home/lee/android-ndk-r10c/sources/cxx-stl/gnu-libstdc++/4.8/libs/armeabi/include  -ffunction-sections -funwind-tables -fstack-protector -no-canonical-prefixes -march=armv5te -mtune=xscale -msoft-float -fomit-frame-pointer -fno-strict-aliasing -finline-limit=64 -o CMakeFiles/cmTC_6cfb0.dir/CheckIncludeFile.c.o   -c /home/lee/linphone-android/linphone-android/WORK/android-arm/Build/xml2/CMakeFiles/CMakeTmp/CheckIncludeFile.c
Linking C executable cmTC_6cfb0
/home/lee/cmake-3.5.1-Linux-x86_64/bin/cmake -E cmake_link_script CMakeFiles/cmTC_6cfb0.dir/link.txt --verbose=1
/home/lee/android-ndk-r10c/toolchains/arm-linux-androideabi-4.8/prebuilt/linux-x86_64/bin/arm-linux-androideabi-gcc  --sysroot=/home/lee/android-ndk-r10c/platforms/android-14/arch-arm      CMakeFiles/cmTC_6cfb0.dir/CheckIncludeFile.c.o  -o cmTC_6cfb0 -rdynamic /home/lee/android-ndk-r10c/sources/android/libportable/libs/armeabi/libportable.a /home/lee/android-ndk-r10c/sources/cxx-stl/gnu-libstdc++/4.8/libs/armeabi/libgnustl_static.a -llog -no-canonical-prefixes -Wl,--no-undefined -Wl,-z,noexecstack -Wl,-z,relro -Wl,-z,now 
make[5]: Leaving directory `/home/lee/linphone-android/linphone-android/WORK/android-arm/Build/xml2/CMakeFiles/CMakeTmp'
make[4]: Leaving directory `/home/lee/linphone-android/linphone-android/WORK/android-arm/Build/xml2/CMakeFiles/CMakeTmp'


Determining if the include file fcntl.h exists passed with the following output:
Change Dir: /home/lee/linphone-android/linphone-android/WORK/android-arm/Build/xml2/CMakeFiles/CMakeTmp

Run Build Command:"/usr/bin/make" "cmTC_b0108/fast"
make[4]: Entering directory `/home/lee/linphone-android/linphone-android/WORK/android-arm/Build/xml2/CMakeFiles/CMakeTmp'
/usr/bin/make -f CMakeFiles/cmTC_b0108.dir/build.make CMakeFiles/cmTC_b0108.dir/build
make[5]: Entering directory `/home/lee/linphone-android/linphone-android/WORK/android-arm/Build/xml2/CMakeFiles/CMakeTmp'
Building C object CMakeFiles/cmTC_b0108.dir/CheckIncludeFile.c.o
/home/lee/android-ndk-r10c/toolchains/arm-linux-androideabi-4.8/prebuilt/linux-x86_64/bin/arm-linux-androideabi-gcc  --sysroot=/home/lee/android-ndk-r10c/platforms/android-14/arch-arm  -isystem /home/lee/android-ndk-r10c/sources/cpufeatures -isystem /home/lee/android-ndk-r10c/sources/cxx-stl/gnu-libstdc++/4.8/include -isystem /home/lee/android-ndk-r10c/sources/cxx-stl/gnu-libstdc++/4.8/libs/armeabi/include  -ffunction-sections -funwind-tables -fstack-protector -no-canonical-prefixes -march=armv5te -mtune=xscale -msoft-float -fomit-frame-pointer -fno-strict-aliasing -finline-limit=64 -o CMakeFiles/cmTC_b0108.dir/CheckIncludeFile.c.o   -c /home/lee/linphone-android/linphone-android/WORK/android-arm/Build/xml2/CMakeFiles/CMakeTmp/CheckIncludeFile.c
Linking C executable cmTC_b0108
/home/lee/cmake-3.5.1-Linux-x86_64/bin/cmake -E cmake_link_script CMakeFiles/cmTC_b0108.dir/link.txt --verbose=1
/home/lee/android-ndk-r10c/toolchains/arm-linux-androideabi-4.8/prebuilt/linux-x86_64/bin/arm-linux-androideabi-gcc  --sysroot=/home/lee/android-ndk-r10c/platforms/android-14/arch-arm      CMakeFiles/cmTC_b0108.dir/CheckIncludeFile.c.o  -o cmTC_b0108 -rdynamic /home/lee/android-ndk-r10c/sources/android/libportable/libs/armeabi/libportable.a /home/lee/android-ndk-r10c/sources/cxx-stl/gnu-libstdc++/4.8/libs/armeabi/libgnustl_static.a -llog -no-canonical-prefixes -Wl,--no-undefined -Wl,-z,noexecstack -Wl,-z,relro -Wl,-z,now 
make[5]: Leaving directory `/home/lee/linphone-android/linphone-android/WORK/android-arm/Build/xml2/CMakeFiles/CMakeTmp'
make[4]: Leaving directory `/home/lee/linphone-android/linphone-android/WORK/android-arm/Build/xml2/CMakeFiles/CMakeTmp'


Determining if the include file sys/time.h exists passed with the following output:
Change Dir: /home/lee/linphone-android/linphone-android/WORK/android-arm/Build/xml2/CMakeFiles/CMakeTmp

Run Build Command:"/usr/bin/make" "cmTC_66486/fast"
make[4]: Entering directory `/home/lee/linphone-android/linphone-android/WORK/android-arm/Build/xml2/CMakeFiles/CMakeTmp'
/usr/bin/make -f CMakeFiles/cmTC_66486.dir/build.make CMakeFiles/cmTC_66486.dir/build
make[5]: Entering directory `/home/lee/linphone-android/linphone-android/WORK/android-arm/Build/xml2/CMakeFiles/CMakeTmp'
Building C object CMakeFiles/cmTC_66486.dir/CheckIncludeFile.c.o
/home/lee/android-ndk-r10c/toolchains/arm-linux-androideabi-4.8/prebuilt/linux-x86_64/bin/arm-linux-androideabi-gcc  --sysroot=/home/lee/android-ndk-r10c/platforms/android-14/arch-arm  -isystem /home/lee/android-ndk-r10c/sources/cpufeatures -isystem /home/lee/android-ndk-r10c/sources/cxx-stl/gnu-libstdc++/4.8/include -isystem /home/lee/android-ndk-r10c/sources/cxx-stl/gnu-libstdc++/4.8/libs/armeabi/include  -ffunction-sections -funwind-tables -fstack-protector -no-canonical-prefixes -march=armv5te -mtune=xscale -msoft-float -fomit-frame-pointer -fno-strict-aliasing -finline-limit=64 -o CMakeFiles/cmTC_66486.dir/CheckIncludeFile.c.o   -c /home/lee/linphone-android/linphone-android/WORK/android-arm/Build/xml2/CMakeFiles/CMakeTmp/CheckIncludeFile.c
Linking C executable cmTC_66486
/home/lee/cmake-3.5.1-Linux-x86_64/bin/cmake -E cmake_link_script CMakeFiles/cmTC_66486.dir/link.txt --verbose=1
/home/lee/android-ndk-r10c/toolchains/arm-linux-androideabi-4.8/prebuilt/linux-x86_64/bin/arm-linux-androideabi-gcc  --sysroot=/home/lee/android-ndk-r10c/platforms/android-14/arch-arm      CMakeFiles/cmTC_66486.dir/CheckIncludeFile.c.o  -o cmTC_66486 -rdynamic /home/lee/android-ndk-r10c/sources/android/libportable/libs/armeabi/libportable.a /home/lee/android-ndk-r10c/sources/cxx-stl/gnu-libstdc++/4.8/libs/armeabi/libgnustl_static.a -llog -no-canonical-prefixes -Wl,--no-undefined -Wl,-z,noexecstack -Wl,-z,relro -Wl,-z,now 
make[5]: Leaving directory `/home/lee/linphone-android/linphone-android/WORK/android-arm/Build/xml2/CMakeFiles/CMakeTmp'
make[4]: Leaving directory `/home/lee/linphone-android/linphone-android/WORK/android-arm/Build/xml2/CMakeFiles/CMakeTmp'


Determining if the include file unistd.h exists passed with the following output:
Change Dir: /home/lee/linphone-android/linphone-android/WORK/android-arm/Build/xml2/CMakeFiles/CMakeTmp

Run Build Command:"/usr/bin/make" "cmTC_e7ff4/fast"
make[4]: Entering directory `/home/lee/linphone-android/linphone-android/WORK/android-arm/Build/xml2/CMakeFiles/CMakeTmp'
/usr/bin/make -f CMakeFiles/cmTC_e7ff4.dir/build.make CMakeFiles/cmTC_e7ff4.dir/build
make[5]: Entering directory `/home/lee/linphone-android/linphone-android/WORK/android-arm/Build/xml2/CMakeFiles/CMakeTmp'
Building C object CMakeFiles/cmTC_e7ff4.dir/CheckIncludeFile.c.o
/home/lee/android-ndk-r10c/toolchains/arm-linux-androideabi-4.8/prebuilt/linux-x86_64/bin/arm-linux-androideabi-gcc  --sysroot=/home/lee/android-ndk-r10c/platforms/android-14/arch-arm  -isystem /home/lee/android-ndk-r10c/sources/cpufeatures -isystem /home/lee/android-ndk-r10c/sources/cxx-stl/gnu-libstdc++/4.8/include -isystem /home/lee/android-ndk-r10c/sources/cxx-stl/gnu-libstdc++/4.8/libs/armeabi/include  -ffunction-sections -funwind-tables -fstack-protector -no-canonical-prefixes -march=armv5te -mtune=xscale -msoft-float -fomit-frame-pointer -fno-strict-aliasing -finline-limit=64 -o CMakeFiles/cmTC_e7ff4.dir/CheckIncludeFile.c.o   -c /home/lee/linphone-android/linphone-android/WORK/android-arm/Build/xml2/CMakeFiles/CMakeTmp/CheckIncludeFile.c
Linking C executable cmTC_e7ff4
/home/lee/cmake-3.5.1-Linux-x86_64/bin/cmake -E cmake_link_script CMakeFiles/cmTC_e7ff4.dir/link.txt --verbose=1
/home/lee/android-ndk-r10c/toolchains/arm-linux-androideabi-4.8/prebuilt/linux-x86_64/bin/arm-linux-androideabi-gcc  --sysroot=/home/lee/android-ndk-r10c/platforms/android-14/arch-arm      CMakeFiles/cmTC_e7ff4.dir/CheckIncludeFile.c.o  -o cmTC_e7ff4 -rdynamic /home/lee/android-ndk-r10c/sources/android/libportable/libs/armeabi/libportable.a /home/lee/android-ndk-r10c/sources/cxx-stl/gnu-libstdc++/4.8/libs/armeabi/libgnustl_static.a -llog -no-canonical-prefixes -Wl,--no-undefined -Wl,-z,noexecstack -Wl,-z,relro -Wl,-z,now 
make[5]: Leaving directory `/home/lee/linphone-android/linphone-android/WORK/android-arm/Build/xml2/CMakeFiles/CMakeTmp'
make[4]: Leaving directory `/home/lee/linphone-android/linphone-android/WORK/android-arm/Build/xml2/CMakeFiles/CMakeTmp'


Determining if the include file dlfcn.h exists passed with the following output:
Change Dir: /home/lee/linphone-android/linphone-android/WORK/android-arm/Build/xml2/CMakeFiles/CMakeTmp

Run Build Command:"/usr/bin/make" "cmTC_3dd76/fast"
make[4]: Entering directory `/home/lee/linphone-android/linphone-android/WORK/android-arm/Build/xml2/CMakeFiles/CMakeTmp'
/usr/bin/make -f CMakeFiles/cmTC_3dd76.dir/build.make CMakeFiles/cmTC_3dd76.dir/build
make[5]: Entering directory `/home/lee/linphone-android/linphone-android/WORK/android-arm/Build/xml2/CMakeFiles/CMakeTmp'
Building C object CMakeFiles/cmTC_3dd76.dir/CheckIncludeFile.c.o
/home/lee/android-ndk-r10c/toolchains/arm-linux-androideabi-4.8/prebuilt/linux-x86_64/bin/arm-linux-androideabi-gcc  --sysroot=/home/lee/android-ndk-r10c/platforms/android-14/arch-arm  -isystem /home/lee/android-ndk-r10c/sources/cpufeatures -isystem /home/lee/android-ndk-r10c/sources/cxx-stl/gnu-libstdc++/4.8/include -isystem /home/lee/android-ndk-r10c/sources/cxx-stl/gnu-libstdc++/4.8/libs/armeabi/include  -ffunction-sections -funwind-tables -fstack-protector -no-canonical-prefixes -march=armv5te -mtune=xscale -msoft-float -fomit-frame-pointer -fno-strict-aliasing -finline-limit=64 -o CMakeFiles/cmTC_3dd76.dir/CheckIncludeFile.c.o   -c /home/lee/linphone-android/linphone-android/WORK/android-arm/Build/xml2/CMakeFiles/CMakeTmp/CheckIncludeFile.c
Linking C executable cmTC_3dd76
/home/lee/cmake-3.5.1-Linux-x86_64/bin/cmake -E cmake_link_script CMakeFiles/cmTC_3dd76.dir/link.txt --verbose=1
/home/lee/android-ndk-r10c/toolchains/arm-linux-androideabi-4.8/prebuilt/linux-x86_64/bin/arm-linux-androideabi-gcc  --sysroot=/home/lee/android-ndk-r10c/platforms/android-14/arch-arm      CMakeFiles/cmTC_3dd76.dir/CheckIncludeFile.c.o  -o cmTC_3dd76 -rdynamic /home/lee/android-ndk-r10c/sources/android/libportable/libs/armeabi/libportable.a /home/lee/android-ndk-r10c/sources/cxx-stl/gnu-libstdc++/4.8/libs/armeabi/libgnustl_static.a -llog -no-canonical-prefixes -Wl,--no-undefined -Wl,-z,noexecstack -Wl,-z,relro -Wl,-z,now 
make[5]: Leaving directory `/home/lee/linphone-android/linphone-android/WORK/android-arm/Build/xml2/CMakeFiles/CMakeTmp'
make[4]: Leaving directory `/home/lee/linphone-android/linphone-android/WORK/android-arm/Build/xml2/CMakeFiles/CMakeTmp'


Determining if the include file alloca.h exists passed with the following output:
Change Dir: /home/lee/linphone-android/linphone-android/WORK/android-arm/Build/xml2/CMakeFiles/CMakeTmp

Run Build Command:"/usr/bin/make" "cmTC_a30ee/fast"
make[4]: Entering directory `/home/lee/linphone-android/linphone-android/WORK/android-arm/Build/xml2/CMakeFiles/CMakeTmp'
/usr/bin/make -f CMakeFiles/cmTC_a30ee.dir/build.make CMakeFiles/cmTC_a30ee.dir/build
make[5]: Entering directory `/home/lee/linphone-android/linphone-android/WORK/android-arm/Build/xml2/CMakeFiles/CMakeTmp'
Building C object CMakeFiles/cmTC_a30ee.dir/CheckIncludeFile.c.o
/home/lee/android-ndk-r10c/toolchains/arm-linux-androideabi-4.8/prebuilt/linux-x86_64/bin/arm-linux-androideabi-gcc  --sysroot=/home/lee/android-ndk-r10c/platforms/android-14/arch-arm  -isystem /home/lee/android-ndk-r10c/sources/cpufeatures -isystem /home/lee/android-ndk-r10c/sources/cxx-stl/gnu-libstdc++/4.8/include -isystem /home/lee/android-ndk-r10c/sources/cxx-stl/gnu-libstdc++/4.8/libs/armeabi/include  -ffunction-sections -funwind-tables -fstack-protector -no-canonical-prefixes -march=armv5te -mtune=xscale -msoft-float -fomit-frame-pointer -fno-strict-aliasing -finline-limit=64 -o CMakeFiles/cmTC_a30ee.dir/CheckIncludeFile.c.o   -c /home/lee/linphone-android/linphone-android/WORK/android-arm/Build/xml2/CMakeFiles/CMakeTmp/CheckIncludeFile.c
Linking C executable cmTC_a30ee
/home/lee/cmake-3.5.1-Linux-x86_64/bin/cmake -E cmake_link_script CMakeFiles/cmTC_a30ee.dir/link.txt --verbose=1
/home/lee/android-ndk-r10c/toolchains/arm-linux-androideabi-4.8/prebuilt/linux-x86_64/bin/arm-linux-androideabi-gcc  --sysroot=/home/lee/android-ndk-r10c/platforms/android-14/arch-arm      CMakeFiles/cmTC_a30ee.dir/CheckIncludeFile.c.o  -o cmTC_a30ee -rdynamic /home/lee/android-ndk-r10c/sources/android/libportable/libs/armeabi/libportable.a /home/lee/android-ndk-r10c/sources/cxx-stl/gnu-libstdc++/4.8/libs/armeabi/libgnustl_static.a -llog -no-canonical-prefixes -Wl,--no-undefined -Wl,-z,noexecstack -Wl,-z,relro -Wl,-z,now 
make[5]: Leaving directory `/home/lee/linphone-android/linphone-android/WORK/android-arm/Build/xml2/CMakeFiles/CMakeTmp'
make[4]: Leaving directory `/home/lee/linphone-android/linphone-android/WORK/android-arm/Build/xml2/CMakeFiles/CMakeTmp'


Determining if the include file ctype.h exists passed with the following output:
Change Dir: /home/lee/linphone-android/linphone-android/WORK/android-arm/Build/xml2/CMakeFiles/CMakeTmp

Run Build Command:"/usr/bin/make" "cmTC_dea93/fast"
make[4]: Entering directory `/home/lee/linphone-android/linphone-android/WORK/android-arm/Build/xml2/CMakeFiles/CMakeTmp'
/usr/bin/make -f CMakeFiles/cmTC_dea93.dir/build.make CMakeFiles/cmTC_dea93.dir/build
make[5]: Entering directory `/home/lee/linphone-android/linphone-android/WORK/android-arm/Build/xml2/CMakeFiles/CMakeTmp'
Building C object CMakeFiles/cmTC_dea93.dir/CheckIncludeFile.c.o
/home/lee/android-ndk-r10c/toolchains/arm-linux-androideabi-4.8/prebuilt/linux-x86_64/bin/arm-linux-androideabi-gcc  --sysroot=/home/lee/android-ndk-r10c/platforms/android-14/arch-arm  -isystem /home/lee/android-ndk-r10c/sources/cpufeatures -isystem /home/lee/android-ndk-r10c/sources/cxx-stl/gnu-libstdc++/4.8/include -isystem /home/lee/android-ndk-r10c/sources/cxx-stl/gnu-libstdc++/4.8/libs/armeabi/include  -ffunction-sections -funwind-tables -fstack-protector -no-canonical-prefixes -march=armv5te -mtune=xscale -msoft-float -fomit-frame-pointer -fno-strict-aliasing -finline-limit=64 -o CMakeFiles/cmTC_dea93.dir/CheckIncludeFile.c.o   -c /home/lee/linphone-android/linphone-android/WORK/android-arm/Build/xml2/CMakeFiles/CMakeTmp/CheckIncludeFile.c
Linking C executable cmTC_dea93
/home/lee/cmake-3.5.1-Linux-x86_64/bin/cmake -E cmake_link_script CMakeFiles/cmTC_dea93.dir/link.txt --verbose=1
/home/lee/android-ndk-r10c/toolchains/arm-linux-androideabi-4.8/prebuilt/linux-x86_64/bin/arm-linux-androideabi-gcc  --sysroot=/home/lee/android-ndk-r10c/platforms/android-14/arch-arm      CMakeFiles/cmTC_dea93.dir/CheckIncludeFile.c.o  -o cmTC_dea93 -rdynamic /home/lee/android-ndk-r10c/sources/android/libportable/libs/armeabi/libportable.a /home/lee/android-ndk-r10c/sources/cxx-stl/gnu-libstdc++/4.8/libs/armeabi/libgnustl_static.a -llog -no-canonical-prefixes -Wl,--no-undefined -Wl,-z,noexecstack -Wl,-z,relro -Wl,-z,now 
make[5]: Leaving directory `/home/lee/linphone-android/linphone-android/WORK/android-arm/Build/xml2/CMakeFiles/CMakeTmp'
make[4]: Leaving directory `/home/lee/linphone-android/linphone-android/WORK/android-arm/Build/xml2/CMakeFiles/CMakeTmp'


Determining if the include file dirent.h exists passed with the following output:
Change Dir: /home/lee/linphone-android/linphone-android/WORK/android-arm/Build/xml2/CMakeFiles/CMakeTmp

Run Build Command:"/usr/bin/make" "cmTC_27569/fast"
make[4]: Entering directory `/home/lee/linphone-android/linphone-android/WORK/android-arm/Build/xml2/CMakeFiles/CMakeTmp'
/usr/bin/make -f CMakeFiles/cmTC_27569.dir/build.make CMakeFiles/cmTC_27569.dir/build
make[5]: Entering directory `/home/lee/linphone-android/linphone-android/WORK/android-arm/Build/xml2/CMakeFiles/CMakeTmp'
Building C object CMakeFiles/cmTC_27569.dir/CheckIncludeFile.c.o
/home/lee/android-ndk-r10c/toolchains/arm-linux-androideabi-4.8/prebuilt/linux-x86_64/bin/arm-linux-androideabi-gcc  --sysroot=/home/lee/android-ndk-r10c/platforms/android-14/arch-arm  -isystem /home/lee/android-ndk-r10c/sources/cpufeatures -isystem /home/lee/android-ndk-r10c/sources/cxx-stl/gnu-libstdc++/4.8/include -isystem /home/lee/android-ndk-r10c/sources/cxx-stl/gnu-libstdc++/4.8/libs/armeabi/include  -ffunction-sections -funwind-tables -fstack-protector -no-canonical-prefixes -march=armv5te -mtune=xscale -msoft-float -fomit-frame-pointer -fno-strict-aliasing -finline-limit=64 -o CMakeFiles/cmTC_27569.dir/CheckIncludeFile.c.o   -c /home/lee/linphone-android/linphone-android/WORK/android-arm/Build/xml2/CMakeFiles/CMakeTmp/CheckIncludeFile.c
Linking C executable cmTC_27569
/home/lee/cmake-3.5.1-Linux-x86_64/bin/cmake -E cmake_link_script CMakeFiles/cmTC_27569.dir/link.txt --verbose=1
/home/lee/android-ndk-r10c/toolchains/arm-linux-androideabi-4.8/prebuilt/linux-x86_64/bin/arm-linux-androideabi-gcc  --sysroot=/home/lee/android-ndk-r10c/platforms/android-14/arch-arm      CMakeFiles/cmTC_27569.dir/CheckIncludeFile.c.o  -o cmTC_27569 -rdynamic /home/lee/android-ndk-r10c/sources/android/libportable/libs/armeabi/libportable.a /home/lee/android-ndk-r10c/sources/cxx-stl/gnu-libstdc++/4.8/libs/armeabi/libgnustl_static.a -llog -no-canonical-prefixes -Wl,--no-undefined -Wl,-z,noexecstack -Wl,-z,relro -Wl,-z,now 
make[5]: Leaving directory `/home/lee/linphone-android/linphone-android/WORK/android-arm/Build/xml2/CMakeFiles/CMakeTmp'
make[4]: Leaving directory `/home/lee/linphone-android/linphone-android/WORK/android-arm/Build/xml2/CMakeFiles/CMakeTmp'


Determining if the include file errno.h exists passed with the following output:
Change Dir: /home/lee/linphone-android/linphone-android/WORK/android-arm/Build/xml2/CMakeFiles/CMakeTmp

Run Build Command:"/usr/bin/make" "cmTC_f9220/fast"
make[4]: Entering directory `/home/lee/linphone-android/linphone-android/WORK/android-arm/Build/xml2/CMakeFiles/CMakeTmp'
/usr/bin/make -f CMakeFiles/cmTC_f9220.dir/build.make CMakeFiles/cmTC_f9220.dir/build
make[5]: Entering directory `/home/lee/linphone-android/linphone-android/WORK/android-arm/Build/xml2/CMakeFiles/CMakeTmp'
Building C object CMakeFiles/cmTC_f9220.dir/CheckIncludeFile.c.o
/home/lee/android-ndk-r10c/toolchains/arm-linux-androideabi-4.8/prebuilt/linux-x86_64/bin/arm-linux-androideabi-gcc  --sysroot=/home/lee/android-ndk-r10c/platforms/android-14/arch-arm  -isystem /home/lee/android-ndk-r10c/sources/cpufeatures -isystem /home/lee/android-ndk-r10c/sources/cxx-stl/gnu-libstdc++/4.8/include -isystem /home/lee/android-ndk-r10c/sources/cxx-stl/gnu-libstdc++/4.8/libs/armeabi/include  -ffunction-sections -funwind-tables -fstack-protector -no-canonical-prefixes -march=armv5te -mtune=xscale -msoft-float -fomit-frame-pointer -fno-strict-aliasing -finline-limit=64 -o CMakeFiles/cmTC_f9220.dir/CheckIncludeFile.c.o   -c /home/lee/linphone-android/linphone-android/WORK/android-arm/Build/xml2/CMakeFiles/CMakeTmp/CheckIncludeFile.c
Linking C executable cmTC_f9220
/home/lee/cmake-3.5.1-Linux-x86_64/bin/cmake -E cmake_link_script CMakeFiles/cmTC_f9220.dir/link.txt --verbose=1
/home/lee/android-ndk-r10c/toolchains/arm-linux-androideabi-4.8/prebuilt/linux-x86_64/bin/arm-linux-androideabi-gcc  --sysroot=/home/lee/android-ndk-r10c/platforms/android-14/arch-arm      CMakeFiles/cmTC_f9220.dir/CheckIncludeFile.c.o  -o cmTC_f9220 -rdynamic /home/lee/android-ndk-r10c/sources/android/libportable/libs/armeabi/libportable.a /home/lee/android-ndk-r10c/sources/cxx-stl/gnu-libstdc++/4.8/libs/armeabi/libgnustl_static.a -llog -no-canonical-prefixes -Wl,--no-undefined -Wl,-z,noexecstack -Wl,-z,relro -Wl,-z,now 
make[5]: Leaving directory `/home/lee/linphone-android/linphone-android/WORK/android-arm/Build/xml2/CMakeFiles/CMakeTmp'
make[4]: Leaving directory `/home/lee/linphone-android/linphone-android/WORK/android-arm/Build/xml2/CMakeFiles/CMakeTmp'


Determining if the include file malloc.h exists passed with the following output:
Change Dir: /home/lee/linphone-android/linphone-android/WORK/android-arm/Build/xml2/CMakeFiles/CMakeTmp

Run Build Command:"/usr/bin/make" "cmTC_1ccc0/fast"
make[4]: Entering directory `/home/lee/linphone-android/linphone-android/WORK/android-arm/Build/xml2/CMakeFiles/CMakeTmp'
/usr/bin/make -f CMakeFiles/cmTC_1ccc0.dir/build.make CMakeFiles/cmTC_1ccc0.dir/build
make[5]: Entering directory `/home/lee/linphone-android/linphone-android/WORK/android-arm/Build/xml2/CMakeFiles/CMakeTmp'
Building C object CMakeFiles/cmTC_1ccc0.dir/CheckIncludeFile.c.o
/home/lee/android-ndk-r10c/toolchains/arm-linux-androideabi-4.8/prebuilt/linux-x86_64/bin/arm-linux-androideabi-gcc  --sysroot=/home/lee/android-ndk-r10c/platforms/android-14/arch-arm  -isystem /home/lee/android-ndk-r10c/sources/cpufeatures -isystem /home/lee/android-ndk-r10c/sources/cxx-stl/gnu-libstdc++/4.8/include -isystem /home/lee/android-ndk-r10c/sources/cxx-stl/gnu-libstdc++/4.8/libs/armeabi/include  -ffunction-sections -funwind-tables -fstack-protector -no-canonical-prefixes -march=armv5te -mtune=xscale -msoft-float -fomit-frame-pointer -fno-strict-aliasing -finline-limit=64 -o CMakeFiles/cmTC_1ccc0.dir/CheckIncludeFile.c.o   -c /home/lee/linphone-android/linphone-android/WORK/android-arm/Build/xml2/CMakeFiles/CMakeTmp/CheckIncludeFile.c
Linking C executable cmTC_1ccc0
/home/lee/cmake-3.5.1-Linux-x86_64/bin/cmake -E cmake_link_script CMakeFiles/cmTC_1ccc0.dir/link.txt --verbose=1
/home/lee/android-ndk-r10c/toolchains/arm-linux-androideabi-4.8/prebuilt/linux-x86_64/bin/arm-linux-androideabi-gcc  --sysroot=/home/lee/android-ndk-r10c/platforms/android-14/arch-arm      CMakeFiles/cmTC_1ccc0.dir/CheckIncludeFile.c.o  -o cmTC_1ccc0 -rdynamic /home/lee/android-ndk-r10c/sources/android/libportable/libs/armeabi/libportable.a /home/lee/android-ndk-r10c/sources/cxx-stl/gnu-libstdc++/4.8/libs/armeabi/libgnustl_static.a -llog -no-canonical-prefixes -Wl,--no-undefined -Wl,-z,noexecstack -Wl,-z,relro -Wl,-z,now 
make[5]: Leaving directory `/home/lee/linphone-android/linphone-android/WORK/android-arm/Build/xml2/CMakeFiles/CMakeTmp'
make[4]: Leaving directory `/home/lee/linphone-android/linphone-android/WORK/android-arm/Build/xml2/CMakeFiles/CMakeTmp'


Determining if the include file stdarg.h exists passed with the following output:
Change Dir: /home/lee/linphone-android/linphone-android/WORK/android-arm/Build/xml2/CMakeFiles/CMakeTmp

Run Build Command:"/usr/bin/make" "cmTC_940ac/fast"
make[4]: Entering directory `/home/lee/linphone-android/linphone-android/WORK/android-arm/Build/xml2/CMakeFiles/CMakeTmp'
/usr/bin/make -f CMakeFiles/cmTC_940ac.dir/build.make CMakeFiles/cmTC_940ac.dir/build
make[5]: Entering directory `/home/lee/linphone-android/linphone-android/WORK/android-arm/Build/xml2/CMakeFiles/CMakeTmp'
Building C object CMakeFiles/cmTC_940ac.dir/CheckIncludeFile.c.o
/home/lee/android-ndk-r10c/toolchains/arm-linux-androideabi-4.8/prebuilt/linux-x86_64/bin/arm-linux-androideabi-gcc  --sysroot=/home/lee/android-ndk-r10c/platforms/android-14/arch-arm  -isystem /home/lee/android-ndk-r10c/sources/cpufeatures -isystem /home/lee/android-ndk-r10c/sources/cxx-stl/gnu-libstdc++/4.8/include -isystem /home/lee/android-ndk-r10c/sources/cxx-stl/gnu-libstdc++/4.8/libs/armeabi/include  -ffunction-sections -funwind-tables -fstack-protector -no-canonical-prefixes -march=armv5te -mtune=xscale -msoft-float -fomit-frame-pointer -fno-strict-aliasing -finline-limit=64 -o CMakeFiles/cmTC_940ac.dir/CheckIncludeFile.c.o   -c /home/lee/linphone-android/linphone-android/WORK/android-arm/Build/xml2/CMakeFiles/CMakeTmp/CheckIncludeFile.c
Linking C executable cmTC_940ac
/home/lee/cmake-3.5.1-Linux-x86_64/bin/cmake -E cmake_link_script CMakeFiles/cmTC_940ac.dir/link.txt --verbose=1
/home/lee/android-ndk-r10c/toolchains/arm-linux-androideabi-4.8/prebuilt/linux-x86_64/bin/arm-linux-androideabi-gcc  --sysroot=/home/lee/android-ndk-r10c/platforms/android-14/arch-arm      CMakeFiles/cmTC_940ac.dir/CheckIncludeFile.c.o  -o cmTC_940ac -rdynamic /home/lee/android-ndk-r10c/sources/android/libportable/libs/armeabi/libportable.a /home/lee/android-ndk-r10c/sources/cxx-stl/gnu-libstdc++/4.8/libs/armeabi/libgnustl_static.a -llog -no-canonical-prefixes -Wl,--no-undefined -Wl,-z,noexecstack -Wl,-z,relro -Wl,-z,now 
make[5]: Leaving directory `/home/lee/linphone-android/linphone-android/WORK/android-arm/Build/xml2/CMakeFiles/CMakeTmp'
make[4]: Leaving directory `/home/lee/linphone-android/linphone-android/WORK/android-arm/Build/xml2/CMakeFiles/CMakeTmp'


Determining if the include file time.h exists passed with the following output:
Change Dir: /home/lee/linphone-android/linphone-android/WORK/android-arm/Build/xml2/CMakeFiles/CMakeTmp

Run Build Command:"/usr/bin/make" "cmTC_4dced/fast"
make[4]: Entering directory `/home/lee/linphone-android/linphone-android/WORK/android-arm/Build/xml2/CMakeFiles/CMakeTmp'
/usr/bin/make -f CMakeFiles/cmTC_4dced.dir/build.make CMakeFiles/cmTC_4dced.dir/build
make[5]: Entering directory `/home/lee/linphone-android/linphone-android/WORK/android-arm/Build/xml2/CMakeFiles/CMakeTmp'
Building C object CMakeFiles/cmTC_4dced.dir/CheckIncludeFile.c.o
/home/lee/android-ndk-r10c/toolchains/arm-linux-androideabi-4.8/prebuilt/linux-x86_64/bin/arm-linux-androideabi-gcc  --sysroot=/home/lee/android-ndk-r10c/platforms/android-14/arch-arm  -isystem /home/lee/android-ndk-r10c/sources/cpufeatures -isystem /home/lee/android-ndk-r10c/sources/cxx-stl/gnu-libstdc++/4.8/include -isystem /home/lee/android-ndk-r10c/sources/cxx-stl/gnu-libstdc++/4.8/libs/armeabi/include  -ffunction-sections -funwind-tables -fstack-protector -no-canonical-prefixes -march=armv5te -mtune=xscale -msoft-float -fomit-frame-pointer -fno-strict-aliasing -finline-limit=64 -o CMakeFiles/cmTC_4dced.dir/CheckIncludeFile.c.o   -c /home/lee/linphone-android/linphone-android/WORK/android-arm/Build/xml2/CMakeFiles/CMakeTmp/CheckIncludeFile.c
Linking C executable cmTC_4dced
/home/lee/cmake-3.5.1-Linux-x86_64/bin/cmake -E cmake_link_script CMakeFiles/cmTC_4dced.dir/link.txt --verbose=1
/home/lee/android-ndk-r10c/toolchains/arm-linux-androideabi-4.8/prebuilt/linux-x86_64/bin/arm-linux-androideabi-gcc  --sysroot=/home/lee/android-ndk-r10c/platforms/android-14/arch-arm      CMakeFiles/cmTC_4dced.dir/CheckIncludeFile.c.o  -o cmTC_4dced -rdynamic /home/lee/android-ndk-r10c/sources/android/libportable/libs/armeabi/libportable.a /home/lee/android-ndk-r10c/sources/cxx-stl/gnu-libstdc++/4.8/libs/armeabi/libgnustl_static.a -llog -no-canonical-prefixes -Wl,--no-undefined -Wl,-z,noexecstack -Wl,-z,relro -Wl,-z,now 
make[5]: Leaving directory `/home/lee/linphone-android/linphone-android/WORK/android-arm/Build/xml2/CMakeFiles/CMakeTmp'
make[4]: Leaving directory `/home/lee/linphone-android/linphone-android/WORK/android-arm/Build/xml2/CMakeFiles/CMakeTmp'


Determining if the include file math.h exists passed with the following output:
Change Dir: /home/lee/linphone-android/linphone-android/WORK/android-arm/Build/xml2/CMakeFiles/CMakeTmp

Run Build Command:"/usr/bin/make" "cmTC_cbb98/fast"
make[4]: Entering directory `/home/lee/linphone-android/linphone-android/WORK/android-arm/Build/xml2/CMakeFiles/CMakeTmp'
/usr/bin/make -f CMakeFiles/cmTC_cbb98.dir/build.make CMakeFiles/cmTC_cbb98.dir/build
make[5]: Entering directory `/home/lee/linphone-android/linphone-android/WORK/android-arm/Build/xml2/CMakeFiles/CMakeTmp'
Building C object CMakeFiles/cmTC_cbb98.dir/CheckIncludeFile.c.o
/home/lee/android-ndk-r10c/toolchains/arm-linux-androideabi-4.8/prebuilt/linux-x86_64/bin/arm-linux-androideabi-gcc  --sysroot=/home/lee/android-ndk-r10c/platforms/android-14/arch-arm  -isystem /home/lee/android-ndk-r10c/sources/cpufeatures -isystem /home/lee/android-ndk-r10c/sources/cxx-stl/gnu-libstdc++/4.8/include -isystem /home/lee/android-ndk-r10c/sources/cxx-stl/gnu-libstdc++/4.8/libs/armeabi/include  -ffunction-sections -funwind-tables -fstack-protector -no-canonical-prefixes -march=armv5te -mtune=xscale -msoft-float -fomit-frame-pointer -fno-strict-aliasing -finline-limit=64 -o CMakeFiles/cmTC_cbb98.dir/CheckIncludeFile.c.o   -c /home/lee/linphone-android/linphone-android/WORK/android-arm/Build/xml2/CMakeFiles/CMakeTmp/CheckIncludeFile.c
Linking C executable cmTC_cbb98
/home/lee/cmake-3.5.1-Linux-x86_64/bin/cmake -E cmake_link_script CMakeFiles/cmTC_cbb98.dir/link.txt --verbose=1
/home/lee/android-ndk-r10c/toolchains/arm-linux-androideabi-4.8/prebuilt/linux-x86_64/bin/arm-linux-androideabi-gcc  --sysroot=/home/lee/android-ndk-r10c/platforms/android-14/arch-arm      CMakeFiles/cmTC_cbb98.dir/CheckIncludeFile.c.o  -o cmTC_cbb98 -rdynamic /home/lee/android-ndk-r10c/sources/android/libportable/libs/armeabi/libportable.a /home/lee/android-ndk-r10c/sources/cxx-stl/gnu-libstdc++/4.8/libs/armeabi/libgnustl_static.a -llog -no-canonical-prefixes -Wl,--no-undefined -Wl,-z,noexecstack -Wl,-z,relro -Wl,-z,now 
make[5]: Leaving directory `/home/lee/linphone-android/linphone-android/WORK/android-arm/Build/xml2/CMakeFiles/CMakeTmp'
make[4]: Leaving directory `/home/lee/linphone-android/linphone-android/WORK/android-arm/Build/xml2/CMakeFiles/CMakeTmp'


Determining if the include file limits.h exists passed with the following output:
Change Dir: /home/lee/linphone-android/linphone-android/WORK/android-arm/Build/xml2/CMakeFiles/CMakeTmp

Run Build Command:"/usr/bin/make" "cmTC_cd445/fast"
make[4]: Entering directory `/home/lee/linphone-android/linphone-android/WORK/android-arm/Build/xml2/CMakeFiles/CMakeTmp'
/usr/bin/make -f CMakeFiles/cmTC_cd445.dir/build.make CMakeFiles/cmTC_cd445.dir/build
make[5]: Entering directory `/home/lee/linphone-android/linphone-android/WORK/android-arm/Build/xml2/CMakeFiles/CMakeTmp'
Building C object CMakeFiles/cmTC_cd445.dir/CheckIncludeFile.c.o
/home/lee/android-ndk-r10c/toolchains/arm-linux-androideabi-4.8/prebuilt/linux-x86_64/bin/arm-linux-androideabi-gcc  --sysroot=/home/lee/android-ndk-r10c/platforms/android-14/arch-arm  -isystem /home/lee/android-ndk-r10c/sources/cpufeatures -isystem /home/lee/android-ndk-r10c/sources/cxx-stl/gnu-libstdc++/4.8/include -isystem /home/lee/android-ndk-r10c/sources/cxx-stl/gnu-libstdc++/4.8/libs/armeabi/include  -ffunction-sections -funwind-tables -fstack-protector -no-canonical-prefixes -march=armv5te -mtune=xscale -msoft-float -fomit-frame-pointer -fno-strict-aliasing -finline-limit=64 -o CMakeFiles/cmTC_cd445.dir/CheckIncludeFile.c.o   -c /home/lee/linphone-android/linphone-android/WORK/android-arm/Build/xml2/CMakeFiles/CMakeTmp/CheckIncludeFile.c
Linking C executable cmTC_cd445
/home/lee/cmake-3.5.1-Linux-x86_64/bin/cmake -E cmake_link_script CMakeFiles/cmTC_cd445.dir/link.txt --verbose=1
/home/lee/android-ndk-r10c/toolchains/arm-linux-androideabi-4.8/prebuilt/linux-x86_64/bin/arm-linux-androideabi-gcc  --sysroot=/home/lee/android-ndk-r10c/platforms/android-14/arch-arm      CMakeFiles/cmTC_cd445.dir/CheckIncludeFile.c.o  -o cmTC_cd445 -rdynamic /home/lee/android-ndk-r10c/sources/android/libportable/libs/armeabi/libportable.a /home/lee/android-ndk-r10c/sources/cxx-stl/gnu-libstdc++/4.8/libs/armeabi/libgnustl_static.a -llog -no-canonical-prefixes -Wl,--no-undefined -Wl,-z,noexecstack -Wl,-z,relro -Wl,-z,now 
make[5]: Leaving directory `/home/lee/linphone-android/linphone-android/WORK/android-arm/Build/xml2/CMakeFiles/CMakeTmp'
make[4]: Leaving directory `/home/lee/linphone-android/linphone-android/WORK/android-arm/Build/xml2/CMakeFiles/CMakeTmp'


Determining if the include file float.h exists passed with the following output:
Change Dir: /home/lee/linphone-android/linphone-android/WORK/android-arm/Build/xml2/CMakeFiles/CMakeTmp

Run Build Command:"/usr/bin/make" "cmTC_a41fc/fast"
make[4]: Entering directory `/home/lee/linphone-android/linphone-android/WORK/android-arm/Build/xml2/CMakeFiles/CMakeTmp'
/usr/bin/make -f CMakeFiles/cmTC_a41fc.dir/build.make CMakeFiles/cmTC_a41fc.dir/build
make[5]: Entering directory `/home/lee/linphone-android/linphone-android/WORK/android-arm/Build/xml2/CMakeFiles/CMakeTmp'
Building C object CMakeFiles/cmTC_a41fc.dir/CheckIncludeFile.c.o
/home/lee/android-ndk-r10c/toolchains/arm-linux-androideabi-4.8/prebuilt/linux-x86_64/bin/arm-linux-androideabi-gcc  --sysroot=/home/lee/android-ndk-r10c/platforms/android-14/arch-arm  -isystem /home/lee/android-ndk-r10c/sources/cpufeatures -isystem /home/lee/android-ndk-r10c/sources/cxx-stl/gnu-libstdc++/4.8/include -isystem /home/lee/android-ndk-r10c/sources/cxx-stl/gnu-libstdc++/4.8/libs/armeabi/include  -ffunction-sections -funwind-tables -fstack-protector -no-canonical-prefixes -march=armv5te -mtune=xscale -msoft-float -fomit-frame-pointer -fno-strict-aliasing -finline-limit=64 -o CMakeFiles/cmTC_a41fc.dir/CheckIncludeFile.c.o   -c /home/lee/linphone-android/linphone-android/WORK/android-arm/Build/xml2/CMakeFiles/CMakeTmp/CheckIncludeFile.c
Linking C executable cmTC_a41fc
/home/lee/cmake-3.5.1-Linux-x86_64/bin/cmake -E cmake_link_script CMakeFiles/cmTC_a41fc.dir/link.txt --verbose=1
/home/lee/android-ndk-r10c/toolchains/arm-linux-androideabi-4.8/prebuilt/linux-x86_64/bin/arm-linux-androideabi-gcc  --sysroot=/home/lee/android-ndk-r10c/platforms/android-14/arch-arm      CMakeFiles/cmTC_a41fc.dir/CheckIncludeFile.c.o  -o cmTC_a41fc -rdynamic /home/lee/android-ndk-r10c/sources/android/libportable/libs/armeabi/libportable.a /home/lee/android-ndk-r10c/sources/cxx-stl/gnu-libstdc++/4.8/libs/armeabi/libgnustl_static.a -llog -no-canonical-prefixes -Wl,--no-undefined -Wl,-z,noexecstack -Wl,-z,relro -Wl,-z,now 
make[5]: Leaving directory `/home/lee/linphone-android/linphone-android/WORK/android-arm/Build/xml2/CMakeFiles/CMakeTmp'
make[4]: Leaving directory `/home/lee/linphone-android/linphone-android/WORK/android-arm/Build/xml2/CMakeFiles/CMakeTmp'


Determining if the include file sys/socket.h exists passed with the following output:
Change Dir: /home/lee/linphone-android/linphone-android/WORK/android-arm/Build/xml2/CMakeFiles/CMakeTmp

Run Build Command:"/usr/bin/make" "cmTC_b9d42/fast"
make[4]: Entering directory `/home/lee/linphone-android/linphone-android/WORK/android-arm/Build/xml2/CMakeFiles/CMakeTmp'
/usr/bin/make -f CMakeFiles/cmTC_b9d42.dir/build.make CMakeFiles/cmTC_b9d42.dir/build
make[5]: Entering directory `/home/lee/linphone-android/linphone-android/WORK/android-arm/Build/xml2/CMakeFiles/CMakeTmp'
Building C object CMakeFiles/cmTC_b9d42.dir/CheckIncludeFile.c.o
/home/lee/android-ndk-r10c/toolchains/arm-linux-androideabi-4.8/prebuilt/linux-x86_64/bin/arm-linux-androideabi-gcc  --sysroot=/home/lee/android-ndk-r10c/platforms/android-14/arch-arm  -isystem /home/lee/android-ndk-r10c/sources/cpufeatures -isystem /home/lee/android-ndk-r10c/sources/cxx-stl/gnu-libstdc++/4.8/include -isystem /home/lee/android-ndk-r10c/sources/cxx-stl/gnu-libstdc++/4.8/libs/armeabi/include  -ffunction-sections -funwind-tables -fstack-protector -no-canonical-prefixes -march=armv5te -mtune=xscale -msoft-float -fomit-frame-pointer -fno-strict-aliasing -finline-limit=64 -o CMakeFiles/cmTC_b9d42.dir/CheckIncludeFile.c.o   -c /home/lee/linphone-android/linphone-android/WORK/android-arm/Build/xml2/CMakeFiles/CMakeTmp/CheckIncludeFile.c
Linking C executable cmTC_b9d42
/home/lee/cmake-3.5.1-Linux-x86_64/bin/cmake -E cmake_link_script CMakeFiles/cmTC_b9d42.dir/link.txt --verbose=1
/home/lee/android-ndk-r10c/toolchains/arm-linux-androideabi-4.8/prebuilt/linux-x86_64/bin/arm-linux-androideabi-gcc  --sysroot=/home/lee/android-ndk-r10c/platforms/android-14/arch-arm      CMakeFiles/cmTC_b9d42.dir/CheckIncludeFile.c.o  -o cmTC_b9d42 -rdynamic /home/lee/android-ndk-r10c/sources/android/libportable/libs/armeabi/libportable.a /home/lee/android-ndk-r10c/sources/cxx-stl/gnu-libstdc++/4.8/libs/armeabi/libgnustl_static.a -llog -no-canonical-prefixes -Wl,--no-undefined -Wl,-z,noexecstack -Wl,-z,relro -Wl,-z,now 
make[5]: Leaving directory `/home/lee/linphone-android/linphone-android/WORK/android-arm/Build/xml2/CMakeFiles/CMakeTmp'
make[4]: Leaving directory `/home/lee/linphone-android/linphone-android/WORK/android-arm/Build/xml2/CMakeFiles/CMakeTmp'


Determining if the include file netinet/in.h exists passed with the following output:
Change Dir: /home/lee/linphone-android/linphone-android/WORK/android-arm/Build/xml2/CMakeFiles/CMakeTmp

Run Build Command:"/usr/bin/make" "cmTC_856ca/fast"
make[4]: Entering directory `/home/lee/linphone-android/linphone-android/WORK/android-arm/Build/xml2/CMakeFiles/CMakeTmp'
/usr/bin/make -f CMakeFiles/cmTC_856ca.dir/build.make CMakeFiles/cmTC_856ca.dir/build
make[5]: Entering directory `/home/lee/linphone-android/linphone-android/WORK/android-arm/Build/xml2/CMakeFiles/CMakeTmp'
Building C object CMakeFiles/cmTC_856ca.dir/CheckIncludeFile.c.o
/home/lee/android-ndk-r10c/toolchains/arm-linux-androideabi-4.8/prebuilt/linux-x86_64/bin/arm-linux-androideabi-gcc  --sysroot=/home/lee/android-ndk-r10c/platforms/android-14/arch-arm  -isystem /home/lee/android-ndk-r10c/sources/cpufeatures -isystem /home/lee/android-ndk-r10c/sources/cxx-stl/gnu-libstdc++/4.8/include -isystem /home/lee/android-ndk-r10c/sources/cxx-stl/gnu-libstdc++/4.8/libs/armeabi/include  -ffunction-sections -funwind-tables -fstack-protector -no-canonical-prefixes -march=armv5te -mtune=xscale -msoft-float -fomit-frame-pointer -fno-strict-aliasing -finline-limit=64 -o CMakeFiles/cmTC_856ca.dir/CheckIncludeFile.c.o   -c /home/lee/linphone-android/linphone-android/WORK/android-arm/Build/xml2/CMakeFiles/CMakeTmp/CheckIncludeFile.c
Linking C executable cmTC_856ca
/home/lee/cmake-3.5.1-Linux-x86_64/bin/cmake -E cmake_link_script CMakeFiles/cmTC_856ca.dir/link.txt --verbose=1
/home/lee/android-ndk-r10c/toolchains/arm-linux-androideabi-4.8/prebuilt/linux-x86_64/bin/arm-linux-androideabi-gcc  --sysroot=/home/lee/android-ndk-r10c/platforms/android-14/arch-arm      CMakeFiles/cmTC_856ca.dir/CheckIncludeFile.c.o  -o cmTC_856ca -rdynamic /home/lee/android-ndk-r10c/sources/android/libportable/libs/armeabi/libportable.a /home/lee/android-ndk-r10c/sources/cxx-stl/gnu-libstdc++/4.8/libs/armeabi/libgnustl_static.a -llog -no-canonical-prefixes -Wl,--no-undefined -Wl,-z,noexecstack -Wl,-z,relro -Wl,-z,now 
make[5]: Leaving directory `/home/lee/linphone-android/linphone-android/WORK/android-arm/Build/xml2/CMakeFiles/CMakeTmp'
make[4]: Leaving directory `/home/lee/linphone-android/linphone-android/WORK/android-arm/Build/xml2/CMakeFiles/CMakeTmp'


Determining if the include file arpa/inet.h exists passed with the following output:
Change Dir: /home/lee/linphone-android/linphone-android/WORK/android-arm/Build/xml2/CMakeFiles/CMakeTmp

Run Build Command:"/usr/bin/make" "cmTC_f0970/fast"
make[4]: Entering directory `/home/lee/linphone-android/linphone-android/WORK/android-arm/Build/xml2/CMakeFiles/CMakeTmp'
/usr/bin/make -f CMakeFiles/cmTC_f0970.dir/build.make CMakeFiles/cmTC_f0970.dir/build
make[5]: Entering directory `/home/lee/linphone-android/linphone-android/WORK/android-arm/Build/xml2/CMakeFiles/CMakeTmp'
Building C object CMakeFiles/cmTC_f0970.dir/CheckIncludeFile.c.o
/home/lee/android-ndk-r10c/toolchains/arm-linux-androideabi-4.8/prebuilt/linux-x86_64/bin/arm-linux-androideabi-gcc  --sysroot=/home/lee/android-ndk-r10c/platforms/android-14/arch-arm  -isystem /home/lee/android-ndk-r10c/sources/cpufeatures -isystem /home/lee/android-ndk-r10c/sources/cxx-stl/gnu-libstdc++/4.8/include -isystem /home/lee/android-ndk-r10c/sources/cxx-stl/gnu-libstdc++/4.8/libs/armeabi/include  -ffunction-sections -funwind-tables -fstack-protector -no-canonical-prefixes -march=armv5te -mtune=xscale -msoft-float -fomit-frame-pointer -fno-strict-aliasing -finline-limit=64 -o CMakeFiles/cmTC_f0970.dir/CheckIncludeFile.c.o   -c /home/lee/linphone-android/linphone-android/WORK/android-arm/Build/xml2/CMakeFiles/CMakeTmp/CheckIncludeFile.c
Linking C executable cmTC_f0970
/home/lee/cmake-3.5.1-Linux-x86_64/bin/cmake -E cmake_link_script CMakeFiles/cmTC_f0970.dir/link.txt --verbose=1
/home/lee/android-ndk-r10c/toolchains/arm-linux-androideabi-4.8/prebuilt/linux-x86_64/bin/arm-linux-androideabi-gcc  --sysroot=/home/lee/android-ndk-r10c/platforms/android-14/arch-arm      CMakeFiles/cmTC_f0970.dir/CheckIncludeFile.c.o  -o cmTC_f0970 -rdynamic /home/lee/android-ndk-r10c/sources/android/libportable/libs/armeabi/libportable.a /home/lee/android-ndk-r10c/sources/cxx-stl/gnu-libstdc++/4.8/libs/armeabi/libgnustl_static.a -llog -no-canonical-prefixes -Wl,--no-undefined -Wl,-z,noexecstack -Wl,-z,relro -Wl,-z,now 
make[5]: Leaving directory `/home/lee/linphone-android/linphone-android/WORK/android-arm/Build/xml2/CMakeFiles/CMakeTmp'
make[4]: Leaving directory `/home/lee/linphone-android/linphone-android/WORK/android-arm/Build/xml2/CMakeFiles/CMakeTmp'


Determining if the include file netdb.h exists passed with the following output:
Change Dir: /home/lee/linphone-android/linphone-android/WORK/android-arm/Build/xml2/CMakeFiles/CMakeTmp

Run Build Command:"/usr/bin/make" "cmTC_33178/fast"
make[4]: Entering directory `/home/lee/linphone-android/linphone-android/WORK/android-arm/Build/xml2/CMakeFiles/CMakeTmp'
/usr/bin/make -f CMakeFiles/cmTC_33178.dir/build.make CMakeFiles/cmTC_33178.dir/build
make[5]: Entering directory `/home/lee/linphone-android/linphone-android/WORK/android-arm/Build/xml2/CMakeFiles/CMakeTmp'
Building C object CMakeFiles/cmTC_33178.dir/CheckIncludeFile.c.o
/home/lee/android-ndk-r10c/toolchains/arm-linux-androideabi-4.8/prebuilt/linux-x86_64/bin/arm-linux-androideabi-gcc  --sysroot=/home/lee/android-ndk-r10c/platforms/android-14/arch-arm  -isystem /home/lee/android-ndk-r10c/sources/cpufeatures -isystem /home/lee/android-ndk-r10c/sources/cxx-stl/gnu-libstdc++/4.8/include -isystem /home/lee/android-ndk-r10c/sources/cxx-stl/gnu-libstdc++/4.8/libs/armeabi/include  -ffunction-sections -funwind-tables -fstack-protector -no-canonical-prefixes -march=armv5te -mtune=xscale -msoft-float -fomit-frame-pointer -fno-strict-aliasing -finline-limit=64 -o CMakeFiles/cmTC_33178.dir/CheckIncludeFile.c.o   -c /home/lee/linphone-android/linphone-android/WORK/android-arm/Build/xml2/CMakeFiles/CMakeTmp/CheckIncludeFile.c
Linking C executable cmTC_33178
/home/lee/cmake-3.5.1-Linux-x86_64/bin/cmake -E cmake_link_script CMakeFiles/cmTC_33178.dir/link.txt --verbose=1
/home/lee/android-ndk-r10c/toolchains/arm-linux-androideabi-4.8/prebuilt/linux-x86_64/bin/arm-linux-androideabi-gcc  --sysroot=/home/lee/android-ndk-r10c/platforms/android-14/arch-arm      CMakeFiles/cmTC_33178.dir/CheckIncludeFile.c.o  -o cmTC_33178 -rdynamic /home/lee/android-ndk-r10c/sources/android/libportable/libs/armeabi/libportable.a /home/lee/android-ndk-r10c/sources/cxx-stl/gnu-libstdc++/4.8/libs/armeabi/libgnustl_static.a -llog -no-canonical-prefixes -Wl,--no-undefined -Wl,-z,noexecstack -Wl,-z,relro -Wl,-z,now 
make[5]: Leaving directory `/home/lee/linphone-android/linphone-android/WORK/android-arm/Build/xml2/CMakeFiles/CMakeTmp'
make[4]: Leaving directory `/home/lee/linphone-android/linphone-android/WORK/android-arm/Build/xml2/CMakeFiles/CMakeTmp'


Determining if the include file sys/select.h exists passed with the following output:
Change Dir: /home/lee/linphone-android/linphone-android/WORK/android-arm/Build/xml2/CMakeFiles/CMakeTmp

Run Build Command:"/usr/bin/make" "cmTC_a9af1/fast"
make[4]: Entering directory `/home/lee/linphone-android/linphone-android/WORK/android-arm/Build/xml2/CMakeFiles/CMakeTmp'
/usr/bin/make -f CMakeFiles/cmTC_a9af1.dir/build.make CMakeFiles/cmTC_a9af1.dir/build
make[5]: Entering directory `/home/lee/linphone-android/linphone-android/WORK/android-arm/Build/xml2/CMakeFiles/CMakeTmp'
Building C object CMakeFiles/cmTC_a9af1.dir/CheckIncludeFile.c.o
/home/lee/android-ndk-r10c/toolchains/arm-linux-androideabi-4.8/prebuilt/linux-x86_64/bin/arm-linux-androideabi-gcc  --sysroot=/home/lee/android-ndk-r10c/platforms/android-14/arch-arm  -isystem /home/lee/android-ndk-r10c/sources/cpufeatures -isystem /home/lee/android-ndk-r10c/sources/cxx-stl/gnu-libstdc++/4.8/include -isystem /home/lee/android-ndk-r10c/sources/cxx-stl/gnu-libstdc++/4.8/libs/armeabi/include  -ffunction-sections -funwind-tables -fstack-protector -no-canonical-prefixes -march=armv5te -mtune=xscale -msoft-float -fomit-frame-pointer -fno-strict-aliasing -finline-limit=64 -o CMakeFiles/cmTC_a9af1.dir/CheckIncludeFile.c.o   -c /home/lee/linphone-android/linphone-android/WORK/android-arm/Build/xml2/CMakeFiles/CMakeTmp/CheckIncludeFile.c
Linking C executable cmTC_a9af1
/home/lee/cmake-3.5.1-Linux-x86_64/bin/cmake -E cmake_link_script CMakeFiles/cmTC_a9af1.dir/link.txt --verbose=1
/home/lee/android-ndk-r10c/toolchains/arm-linux-androideabi-4.8/prebuilt/linux-x86_64/bin/arm-linux-androideabi-gcc  --sysroot=/home/lee/android-ndk-r10c/platforms/android-14/arch-arm      CMakeFiles/cmTC_a9af1.dir/CheckIncludeFile.c.o  -o cmTC_a9af1 -rdynamic /home/lee/android-ndk-r10c/sources/android/libportable/libs/armeabi/libportable.a /home/lee/android-ndk-r10c/sources/cxx-stl/gnu-libstdc++/4.8/libs/armeabi/libgnustl_static.a -llog -no-canonical-prefixes -Wl,--no-undefined -Wl,-z,noexecstack -Wl,-z,relro -Wl,-z,now 
make[5]: Leaving directory `/home/lee/linphone-android/linphone-android/WORK/android-arm/Build/xml2/CMakeFiles/CMakeTmp'
make[4]: Leaving directory `/home/lee/linphone-android/linphone-android/WORK/android-arm/Build/xml2/CMakeFiles/CMakeTmp'


Determining if the include file sys/mman.h exists passed with the following output:
Change Dir: /home/lee/linphone-android/linphone-android/WORK/android-arm/Build/xml2/CMakeFiles/CMakeTmp

Run Build Command:"/usr/bin/make" "cmTC_d170e/fast"
make[4]: Entering directory `/home/lee/linphone-android/linphone-android/WORK/android-arm/Build/xml2/CMakeFiles/CMakeTmp'
/usr/bin/make -f CMakeFiles/cmTC_d170e.dir/build.make CMakeFiles/cmTC_d170e.dir/build
make[5]: Entering directory `/home/lee/linphone-android/linphone-android/WORK/android-arm/Build/xml2/CMakeFiles/CMakeTmp'
Building C object CMakeFiles/cmTC_d170e.dir/CheckIncludeFile.c.o
/home/lee/android-ndk-r10c/toolchains/arm-linux-androideabi-4.8/prebuilt/linux-x86_64/bin/arm-linux-androideabi-gcc  --sysroot=/home/lee/android-ndk-r10c/platforms/android-14/arch-arm  -isystem /home/lee/android-ndk-r10c/sources/cpufeatures -isystem /home/lee/android-ndk-r10c/sources/cxx-stl/gnu-libstdc++/4.8/include -isystem /home/lee/android-ndk-r10c/sources/cxx-stl/gnu-libstdc++/4.8/libs/armeabi/include  -ffunction-sections -funwind-tables -fstack-protector -no-canonical-prefixes -march=armv5te -mtune=xscale -msoft-float -fomit-frame-pointer -fno-strict-aliasing -finline-limit=64 -o CMakeFiles/cmTC_d170e.dir/CheckIncludeFile.c.o   -c /home/lee/linphone-android/linphone-android/WORK/android-arm/Build/xml2/CMakeFiles/CMakeTmp/CheckIncludeFile.c
Linking C executable cmTC_d170e
/home/lee/cmake-3.5.1-Linux-x86_64/bin/cmake -E cmake_link_script CMakeFiles/cmTC_d170e.dir/link.txt --verbose=1
/home/lee/android-ndk-r10c/toolchains/arm-linux-androideabi-4.8/prebuilt/linux-x86_64/bin/arm-linux-androideabi-gcc  --sysroot=/home/lee/android-ndk-r10c/platforms/android-14/arch-arm      CMakeFiles/cmTC_d170e.dir/CheckIncludeFile.c.o  -o cmTC_d170e -rdynamic /home/lee/android-ndk-r10c/sources/android/libportable/libs/armeabi/libportable.a /home/lee/android-ndk-r10c/sources/cxx-stl/gnu-libstdc++/4.8/libs/armeabi/libgnustl_static.a -llog -no-canonical-prefixes -Wl,--no-undefined -Wl,-z,noexecstack -Wl,-z,relro -Wl,-z,now 
make[5]: Leaving directory `/home/lee/linphone-android/linphone-android/WORK/android-arm/Build/xml2/CMakeFiles/CMakeTmp'
make[4]: Leaving directory `/home/lee/linphone-android/linphone-android/WORK/android-arm/Build/xml2/CMakeFiles/CMakeTmp'


Determining if the include file sys/timeb.h exists passed with the following output:
Change Dir: /home/lee/linphone-android/linphone-android/WORK/android-arm/Build/xml2/CMakeFiles/CMakeTmp

Run Build Command:"/usr/bin/make" "cmTC_0b297/fast"
make[4]: Entering directory `/home/lee/linphone-android/linphone-android/WORK/android-arm/Build/xml2/CMakeFiles/CMakeTmp'
/usr/bin/make -f CMakeFiles/cmTC_0b297.dir/build.make CMakeFiles/cmTC_0b297.dir/build
make[5]: Entering directory `/home/lee/linphone-android/linphone-android/WORK/android-arm/Build/xml2/CMakeFiles/CMakeTmp'
Building C object CMakeFiles/cmTC_0b297.dir/CheckIncludeFile.c.o
/home/lee/android-ndk-r10c/toolchains/arm-linux-androideabi-4.8/prebuilt/linux-x86_64/bin/arm-linux-androideabi-gcc  --sysroot=/home/lee/android-ndk-r10c/platforms/android-14/arch-arm  -isystem /home/lee/android-ndk-r10c/sources/cpufeatures -isystem /home/lee/android-ndk-r10c/sources/cxx-stl/gnu-libstdc++/4.8/include -isystem /home/lee/android-ndk-r10c/sources/cxx-stl/gnu-libstdc++/4.8/libs/armeabi/include  -ffunction-sections -funwind-tables -fstack-protector -no-canonical-prefixes -march=armv5te -mtune=xscale -msoft-float -fomit-frame-pointer -fno-strict-aliasing -finline-limit=64 -o CMakeFiles/cmTC_0b297.dir/CheckIncludeFile.c.o   -c /home/lee/linphone-android/linphone-android/WORK/android-arm/Build/xml2/CMakeFiles/CMakeTmp/CheckIncludeFile.c
Linking C executable cmTC_0b297
/home/lee/cmake-3.5.1-Linux-x86_64/bin/cmake -E cmake_link_script CMakeFiles/cmTC_0b297.dir/link.txt --verbose=1
/home/lee/android-ndk-r10c/toolchains/arm-linux-androideabi-4.8/prebuilt/linux-x86_64/bin/arm-linux-androideabi-gcc  --sysroot=/home/lee/android-ndk-r10c/platforms/android-14/arch-arm      CMakeFiles/cmTC_0b297.dir/CheckIncludeFile.c.o  -o cmTC_0b297 -rdynamic /home/lee/android-ndk-r10c/sources/android/libportable/libs/armeabi/libportable.a /home/lee/android-ndk-r10c/sources/cxx-stl/gnu-libstdc++/4.8/libs/armeabi/libgnustl_static.a -llog -no-canonical-prefixes -Wl,--no-undefined -Wl,-z,noexecstack -Wl,-z,relro -Wl,-z,now 
make[5]: Leaving directory `/home/lee/linphone-android/linphone-android/WORK/android-arm/Build/xml2/CMakeFiles/CMakeTmp'
make[4]: Leaving directory `/home/lee/linphone-android/linphone-android/WORK/android-arm/Build/xml2/CMakeFiles/CMakeTmp'


Determining if the include file signal.h exists passed with the following output:
Change Dir: /home/lee/linphone-android/linphone-android/WORK/android-arm/Build/xml2/CMakeFiles/CMakeTmp

Run Build Command:"/usr/bin/make" "cmTC_01f79/fast"
make[4]: Entering directory `/home/lee/linphone-android/linphone-android/WORK/android-arm/Build/xml2/CMakeFiles/CMakeTmp'
/usr/bin/make -f CMakeFiles/cmTC_01f79.dir/build.make CMakeFiles/cmTC_01f79.dir/build
make[5]: Entering directory `/home/lee/linphone-android/linphone-android/WORK/android-arm/Build/xml2/CMakeFiles/CMakeTmp'
Building C object CMakeFiles/cmTC_01f79.dir/CheckIncludeFile.c.o
/home/lee/android-ndk-r10c/toolchains/arm-linux-androideabi-4.8/prebuilt/linux-x86_64/bin/arm-linux-androideabi-gcc  --sysroot=/home/lee/android-ndk-r10c/platforms/android-14/arch-arm  -isystem /home/lee/android-ndk-r10c/sources/cpufeatures -isystem /home/lee/android-ndk-r10c/sources/cxx-stl/gnu-libstdc++/4.8/include -isystem /home/lee/android-ndk-r10c/sources/cxx-stl/gnu-libstdc++/4.8/libs/armeabi/include  -ffunction-sections -funwind-tables -fstack-protector -no-canonical-prefixes -march=armv5te -mtune=xscale -msoft-float -fomit-frame-pointer -fno-strict-aliasing -finline-limit=64 -o CMakeFiles/cmTC_01f79.dir/CheckIncludeFile.c.o   -c /home/lee/linphone-android/linphone-android/WORK/android-arm/Build/xml2/CMakeFiles/CMakeTmp/CheckIncludeFile.c
Linking C executable cmTC_01f79
/home/lee/cmake-3.5.1-Linux-x86_64/bin/cmake -E cmake_link_script CMakeFiles/cmTC_01f79.dir/link.txt --verbose=1
/home/lee/android-ndk-r10c/toolchains/arm-linux-androideabi-4.8/prebuilt/linux-x86_64/bin/arm-linux-androideabi-gcc  --sysroot=/home/lee/android-ndk-r10c/platforms/android-14/arch-arm      CMakeFiles/cmTC_01f79.dir/CheckIncludeFile.c.o  -o cmTC_01f79 -rdynamic /home/lee/android-ndk-r10c/sources/android/libportable/libs/armeabi/libportable.a /home/lee/android-ndk-r10c/sources/cxx-stl/gnu-libstdc++/4.8/libs/armeabi/libgnustl_static.a -llog -no-canonical-prefixes -Wl,--no-undefined -Wl,-z,noexecstack -Wl,-z,relro -Wl,-z,now 
make[5]: Leaving directory `/home/lee/linphone-android/linphone-android/WORK/android-arm/Build/xml2/CMakeFiles/CMakeTmp'
make[4]: Leaving directory `/home/lee/linphone-android/linphone-android/WORK/android-arm/Build/xml2/CMakeFiles/CMakeTmp'


Determining if the include file arpa/nameser.h exists passed with the following output:
Change Dir: /home/lee/linphone-android/linphone-android/WORK/android-arm/Build/xml2/CMakeFiles/CMakeTmp

Run Build Command:"/usr/bin/make" "cmTC_b2b92/fast"
make[4]: Entering directory `/home/lee/linphone-android/linphone-android/WORK/android-arm/Build/xml2/CMakeFiles/CMakeTmp'
/usr/bin/make -f CMakeFiles/cmTC_b2b92.dir/build.make CMakeFiles/cmTC_b2b92.dir/build
make[5]: Entering directory `/home/lee/linphone-android/linphone-android/WORK/android-arm/Build/xml2/CMakeFiles/CMakeTmp'
Building C object CMakeFiles/cmTC_b2b92.dir/CheckIncludeFile.c.o
/home/lee/android-ndk-r10c/toolchains/arm-linux-androideabi-4.8/prebuilt/linux-x86_64/bin/arm-linux-androideabi-gcc  --sysroot=/home/lee/android-ndk-r10c/platforms/android-14/arch-arm  -isystem /home/lee/android-ndk-r10c/sources/cpufeatures -isystem /home/lee/android-ndk-r10c/sources/cxx-stl/gnu-libstdc++/4.8/include -isystem /home/lee/android-ndk-r10c/sources/cxx-stl/gnu-libstdc++/4.8/libs/armeabi/include  -ffunction-sections -funwind-tables -fstack-protector -no-canonical-prefixes -march=armv5te -mtune=xscale -msoft-float -fomit-frame-pointer -fno-strict-aliasing -finline-limit=64 -o CMakeFiles/cmTC_b2b92.dir/CheckIncludeFile.c.o   -c /home/lee/linphone-android/linphone-android/WORK/android-arm/Build/xml2/CMakeFiles/CMakeTmp/CheckIncludeFile.c
Linking C executable cmTC_b2b92
/home/lee/cmake-3.5.1-Linux-x86_64/bin/cmake -E cmake_link_script CMakeFiles/cmTC_b2b92.dir/link.txt --verbose=1
/home/lee/android-ndk-r10c/toolchains/arm-linux-androideabi-4.8/prebuilt/linux-x86_64/bin/arm-linux-androideabi-gcc  --sysroot=/home/lee/android-ndk-r10c/platforms/android-14/arch-arm      CMakeFiles/cmTC_b2b92.dir/CheckIncludeFile.c.o  -o cmTC_b2b92 -rdynamic /home/lee/android-ndk-r10c/sources/android/libportable/libs/armeabi/libportable.a /home/lee/android-ndk-r10c/sources/cxx-stl/gnu-libstdc++/4.8/libs/armeabi/libgnustl_static.a -llog -no-canonical-prefixes -Wl,--no-undefined -Wl,-z,noexecstack -Wl,-z,relro -Wl,-z,now 
make[5]: Leaving directory `/home/lee/linphone-android/linphone-android/WORK/android-arm/Build/xml2/CMakeFiles/CMakeTmp'
make[4]: Leaving directory `/home/lee/linphone-android/linphone-android/WORK/android-arm/Build/xml2/CMakeFiles/CMakeTmp'


Determining if the include file resolv.h exists passed with the following output:
Change Dir: /home/lee/linphone-android/linphone-android/WORK/android-arm/Build/xml2/CMakeFiles/CMakeTmp

Run Build Command:"/usr/bin/make" "cmTC_69c1d/fast"
make[4]: Entering directory `/home/lee/linphone-android/linphone-android/WORK/android-arm/Build/xml2/CMakeFiles/CMakeTmp'
/usr/bin/make -f CMakeFiles/cmTC_69c1d.dir/build.make CMakeFiles/cmTC_69c1d.dir/build
make[5]: Entering directory `/home/lee/linphone-android/linphone-android/WORK/android-arm/Build/xml2/CMakeFiles/CMakeTmp'
Building C object CMakeFiles/cmTC_69c1d.dir/CheckIncludeFile.c.o
/home/lee/android-ndk-r10c/toolchains/arm-linux-androideabi-4.8/prebuilt/linux-x86_64/bin/arm-linux-androideabi-gcc  --sysroot=/home/lee/android-ndk-r10c/platforms/android-14/arch-arm  -isystem /home/lee/android-ndk-r10c/sources/cpufeatures -isystem /home/lee/android-ndk-r10c/sources/cxx-stl/gnu-libstdc++/4.8/include -isystem /home/lee/android-ndk-r10c/sources/cxx-stl/gnu-libstdc++/4.8/libs/armeabi/include  -ffunction-sections -funwind-tables -fstack-protector -no-canonical-prefixes -march=armv5te -mtune=xscale -msoft-float -fomit-frame-pointer -fno-strict-aliasing -finline-limit=64 -o CMakeFiles/cmTC_69c1d.dir/CheckIncludeFile.c.o   -c /home/lee/linphone-android/linphone-android/WORK/android-arm/Build/xml2/CMakeFiles/CMakeTmp/CheckIncludeFile.c
Linking C executable cmTC_69c1d
/home/lee/cmake-3.5.1-Linux-x86_64/bin/cmake -E cmake_link_script CMakeFiles/cmTC_69c1d.dir/link.txt --verbose=1
/home/lee/android-ndk-r10c/toolchains/arm-linux-androideabi-4.8/prebuilt/linux-x86_64/bin/arm-linux-androideabi-gcc  --sysroot=/home/lee/android-ndk-r10c/platforms/android-14/arch-arm      CMakeFiles/cmTC_69c1d.dir/CheckIncludeFile.c.o  -o cmTC_69c1d -rdynamic /home/lee/android-ndk-r10c/sources/android/libportable/libs/armeabi/libportable.a /home/lee/android-ndk-r10c/sources/cxx-stl/gnu-libstdc++/4.8/libs/armeabi/libgnustl_static.a -llog -no-canonical-prefixes -Wl,--no-undefined -Wl,-z,noexecstack -Wl,-z,relro -Wl,-z,now 
make[5]: Leaving directory `/home/lee/linphone-android/linphone-android/WORK/android-arm/Build/xml2/CMakeFiles/CMakeTmp'
make[4]: Leaving directory `/home/lee/linphone-android/linphone-android/WORK/android-arm/Build/xml2/CMakeFiles/CMakeTmp'


Determining if the va_copy exist passed with the following output:
Change Dir: /home/lee/linphone-android/linphone-android/WORK/android-arm/Build/xml2/CMakeFiles/CMakeTmp

Run Build Command:"/usr/bin/make" "cmTC_52fbe/fast"
make[4]: Entering directory `/home/lee/linphone-android/linphone-android/WORK/android-arm/Build/xml2/CMakeFiles/CMakeTmp'
/usr/bin/make -f CMakeFiles/cmTC_52fbe.dir/build.make CMakeFiles/cmTC_52fbe.dir/build
make[5]: Entering directory `/home/lee/linphone-android/linphone-android/WORK/android-arm/Build/xml2/CMakeFiles/CMakeTmp'
Building C object CMakeFiles/cmTC_52fbe.dir/CheckSymbolExists.c.o
/home/lee/android-ndk-r10c/toolchains/arm-linux-androideabi-4.8/prebuilt/linux-x86_64/bin/arm-linux-androideabi-gcc  --sysroot=/home/lee/android-ndk-r10c/platforms/android-14/arch-arm  -isystem /home/lee/android-ndk-r10c/sources/cpufeatures -isystem /home/lee/android-ndk-r10c/sources/cxx-stl/gnu-libstdc++/4.8/include -isystem /home/lee/android-ndk-r10c/sources/cxx-stl/gnu-libstdc++/4.8/libs/armeabi/include  -ffunction-sections -funwind-tables -fstack-protector -no-canonical-prefixes -march=armv5te -mtune=xscale -msoft-float -fomit-frame-pointer -fno-strict-aliasing -finline-limit=64 -o CMakeFiles/cmTC_52fbe.dir/CheckSymbolExists.c.o   -c /home/lee/linphone-android/linphone-android/WORK/android-arm/Build/xml2/CMakeFiles/CMakeTmp/CheckSymbolExists.c
Linking C executable cmTC_52fbe
/home/lee/cmake-3.5.1-Linux-x86_64/bin/cmake -E cmake_link_script CMakeFiles/cmTC_52fbe.dir/link.txt --verbose=1
/home/lee/android-ndk-r10c/toolchains/arm-linux-androideabi-4.8/prebuilt/linux-x86_64/bin/arm-linux-androideabi-gcc  --sysroot=/home/lee/android-ndk-r10c/platforms/android-14/arch-arm      CMakeFiles/cmTC_52fbe.dir/CheckSymbolExists.c.o  -o cmTC_52fbe -rdynamic /home/lee/android-ndk-r10c/sources/android/libportable/libs/armeabi/libportable.a /home/lee/android-ndk-r10c/sources/cxx-stl/gnu-libstdc++/4.8/libs/armeabi/libgnustl_static.a -llog -no-canonical-prefixes -Wl,--no-undefined -Wl,-z,noexecstack -Wl,-z,relro -Wl,-z,now 
make[5]: Leaving directory `/home/lee/linphone-android/linphone-android/WORK/android-arm/Build/xml2/CMakeFiles/CMakeTmp'
make[4]: Leaving directory `/home/lee/linphone-android/linphone-android/WORK/android-arm/Build/xml2/CMakeFiles/CMakeTmp'

File /home/lee/linphone-android/linphone-android/WORK/android-arm/Build/xml2/CMakeFiles/CMakeTmp/CheckSymbolExists.c:
/* */
#include <stdarg.h>

int main(int argc, char** argv)
{
  (void)argv;
#ifndef va_copy
  return ((int*)(&va_copy))[argc];
#else
  (void)argc;
  return 0;
#endif
}

