Determining if the include file sys/shm.h exists failed with the following output:
Change Dir: /home/lee/linphone-android/linphone-android/WORK/android-x86/Build/ms2/CMakeFiles/CMakeTmp

Run Build Command:"/usr/bin/make" "cmTC_ab50a/fast"
make[4]: Entering directory `/home/lee/linphone-android/linphone-android/WORK/android-x86/Build/ms2/CMakeFiles/CMakeTmp'
/usr/bin/make -f CMakeFiles/cmTC_ab50a.dir/build.make CMakeFiles/cmTC_ab50a.dir/build
make[5]: Entering directory `/home/lee/linphone-android/linphone-android/WORK/android-x86/Build/ms2/CMakeFiles/CMakeTmp'
Building C object CMakeFiles/cmTC_ab50a.dir/CheckIncludeFile.c.o
/home/lee/android-ndk-r10c/toolchains/x86-4.8/prebuilt/linux-x86_64/bin/i686-linux-android-gcc  --sysroot=/home/lee/android-ndk-r10c/platforms/android-14/arch-x86  -isystem /home/lee/android-ndk-r10c/sources/cpufeatures -isystem /home/lee/android-ndk-r10c/sources/cxx-stl/gnu-libstdc++/4.8/include -isystem /home/lee/android-ndk-r10c/sources/cxx-stl/gnu-libstdc++/4.8/libs/x86/include  -ffunction-sections -funwind-tables -fstack-protector -no-canonical-prefixes -fomit-frame-pointer -fstrict-aliasing -funswitch-loops -finline-limit=300 -o CMakeFiles/cmTC_ab50a.dir/CheckIncludeFile.c.o   -c /home/lee/linphone-android/linphone-android/WORK/android-x86/Build/ms2/CMakeFiles/CMakeTmp/CheckIncludeFile.c
/home/lee/linphone-android/linphone-android/WORK/android-x86/Build/ms2/CMakeFiles/CMakeTmp/CheckIncludeFile.c:1:21: fatal error: sys/shm.h: No such file or directory
 #include <sys/shm.h>
                     ^
compilation terminated.
make[5]: *** [CMakeFiles/cmTC_ab50a.dir/CheckIncludeFile.c.o] Error 1
make[5]: Leaving directory `/home/lee/linphone-android/linphone-android/WORK/android-x86/Build/ms2/CMakeFiles/CMakeTmp'
make[4]: *** [cmTC_ab50a/fast] Error 2
make[4]: Leaving directory `/home/lee/linphone-android/linphone-android/WORK/android-x86/Build/ms2/CMakeFiles/CMakeTmp'


Determining if the system is big endian passed with the following output:
Change Dir: /home/lee/linphone-android/linphone-android/WORK/android-x86/Build/ms2/CMakeFiles/CMakeTmp

Run Build Command:"/usr/bin/make" "cmTC_051e3/fast"
make[4]: Entering directory `/home/lee/linphone-android/linphone-android/WORK/android-x86/Build/ms2/CMakeFiles/CMakeTmp'
/usr/bin/make -f CMakeFiles/cmTC_051e3.dir/build.make CMakeFiles/cmTC_051e3.dir/build
make[5]: Entering directory `/home/lee/linphone-android/linphone-android/WORK/android-x86/Build/ms2/CMakeFiles/CMakeTmp'
Building C object CMakeFiles/cmTC_051e3.dir/TestEndianess.c.o
/home/lee/android-ndk-r10c/toolchains/x86-4.8/prebuilt/linux-x86_64/bin/i686-linux-android-gcc  --sysroot=/home/lee/android-ndk-r10c/platforms/android-14/arch-x86  -isystem /home/lee/android-ndk-r10c/sources/cpufeatures -isystem /home/lee/android-ndk-r10c/sources/cxx-stl/gnu-libstdc++/4.8/include -isystem /home/lee/android-ndk-r10c/sources/cxx-stl/gnu-libstdc++/4.8/libs/x86/include  -ffunction-sections -funwind-tables -fstack-protector -no-canonical-prefixes -fomit-frame-pointer -fstrict-aliasing -funswitch-loops -finline-limit=300 -o CMakeFiles/cmTC_051e3.dir/TestEndianess.c.o   -c /home/lee/linphone-android/linphone-android/WORK/android-x86/Build/ms2/CMakeFiles/CMakeTmp/TestEndianess.c
Linking C executable cmTC_051e3
/home/lee/cmake-3.5.1-Linux-x86_64/bin/cmake -E cmake_link_script CMakeFiles/cmTC_051e3.dir/link.txt --verbose=1
/home/lee/android-ndk-r10c/toolchains/x86-4.8/prebuilt/linux-x86_64/bin/i686-linux-android-gcc  --sysroot=/home/lee/android-ndk-r10c/platforms/android-14/arch-x86      CMakeFiles/cmTC_051e3.dir/TestEndianess.c.o  -o cmTC_051e3 -rdynamic /home/lee/android-ndk-r10c/sources/android/libportable/libs/x86/libportable.a /home/lee/android-ndk-r10c/sources/cxx-stl/gnu-libstdc++/4.8/libs/x86/libgnustl_static.a -llog -no-canonical-prefixes -Wl,--no-undefined -Wl,-z,noexecstack -Wl,-z,relro -Wl,-z,now 
make[5]: Leaving directory `/home/lee/linphone-android/linphone-android/WORK/android-x86/Build/ms2/CMakeFiles/CMakeTmp'
make[4]: Leaving directory `/home/lee/linphone-android/linphone-android/WORK/android-x86/Build/ms2/CMakeFiles/CMakeTmp'

TestEndianess.c:
/* A 16 bit integer is required. */
typedef unsigned short cmakeint16;

/* On a little endian machine, these 16bit ints will give "THIS IS LITTLE ENDIAN."
   On a big endian machine the characters will be exchanged pairwise. */
const cmakeint16 info_little[] =  {0x4854, 0x5349, 0x4920, 0x2053, 0x494c, 0x5454, 0x454c, 0x4520, 0x444e, 0x4149, 0x2e4e, 0x0000};

/* on a big endian machine, these 16bit ints will give "THIS IS BIG ENDIAN."
   On a little endian machine the characters will be exchanged pairwise. */
const cmakeint16 info_big[] =     {0x5448, 0x4953, 0x2049, 0x5320, 0x4249, 0x4720, 0x454e, 0x4449, 0x414e, 0x2e2e, 0x0000};

#ifdef __CLASSIC_C__
int main(argc, argv) int argc; char *argv[];
#else
int main(int argc, char *argv[])
#endif
{
  int require = 0;
  require += info_little[argc];
  require += info_big[argc];
  (void)argv;
  return require;
}


Determining if the av_frame_alloc exist failed with the following output:
Change Dir: /home/lee/linphone-android/linphone-android/WORK/android-x86/Build/ms2/CMakeFiles/CMakeTmp

Run Build Command:"/usr/bin/make" "cmTC_49a52/fast"
make[4]: Entering directory `/home/lee/linphone-android/linphone-android/WORK/android-x86/Build/ms2/CMakeFiles/CMakeTmp'
/usr/bin/make -f CMakeFiles/cmTC_49a52.dir/build.make CMakeFiles/cmTC_49a52.dir/build
make[5]: Entering directory `/home/lee/linphone-android/linphone-android/WORK/android-x86/Build/ms2/CMakeFiles/CMakeTmp'
Building C object CMakeFiles/cmTC_49a52.dir/CheckSymbolExists.c.o
/home/lee/android-ndk-r10c/toolchains/x86-4.8/prebuilt/linux-x86_64/bin/i686-linux-android-gcc  --sysroot=/home/lee/android-ndk-r10c/platforms/android-14/arch-x86  -isystem /home/lee/android-ndk-r10c/sources/cpufeatures -isystem /home/lee/android-ndk-r10c/sources/cxx-stl/gnu-libstdc++/4.8/include -isystem /home/lee/android-ndk-r10c/sources/cxx-stl/gnu-libstdc++/4.8/libs/x86/include -I/home/lee/linphone-android/linphone-android/liblinphone-sdk/android-x86/include  -ffunction-sections -funwind-tables -fstack-protector -no-canonical-prefixes -fomit-frame-pointer -fstrict-aliasing -funswitch-loops -finline-limit=300 -o CMakeFiles/cmTC_49a52.dir/CheckSymbolExists.c.o   -c /home/lee/linphone-android/linphone-android/WORK/android-x86/Build/ms2/CMakeFiles/CMakeTmp/CheckSymbolExists.c
/home/lee/linphone-android/linphone-android/WORK/android-x86/Build/ms2/CMakeFiles/CMakeTmp/CheckSymbolExists.c:3:29: fatal error: libavutil/frame.h: No such file or directory
 #include <libavutil/frame.h>
                             ^
compilation terminated.
make[5]: *** [CMakeFiles/cmTC_49a52.dir/CheckSymbolExists.c.o] Error 1
make[5]: Leaving directory `/home/lee/linphone-android/linphone-android/WORK/android-x86/Build/ms2/CMakeFiles/CMakeTmp'
make[4]: *** [cmTC_49a52/fast] Error 2
make[4]: Leaving directory `/home/lee/linphone-android/linphone-android/WORK/android-x86/Build/ms2/CMakeFiles/CMakeTmp'

File /home/lee/linphone-android/linphone-android/WORK/android-x86/Build/ms2/CMakeFiles/CMakeTmp/CheckSymbolExists.c:
/* */
#include <libavutil/avutil.h>
#include <libavutil/frame.h>

int main(int argc, char** argv)
{
  (void)argv;
#ifndef av_frame_alloc
  return ((int*)(&av_frame_alloc))[argc];
#else
  (void)argc;
  return 0;
#endif
}

Determining if the av_frame_free exist failed with the following output:
Change Dir: /home/lee/linphone-android/linphone-android/WORK/android-x86/Build/ms2/CMakeFiles/CMakeTmp

Run Build Command:"/usr/bin/make" "cmTC_7552c/fast"
make[4]: Entering directory `/home/lee/linphone-android/linphone-android/WORK/android-x86/Build/ms2/CMakeFiles/CMakeTmp'
/usr/bin/make -f CMakeFiles/cmTC_7552c.dir/build.make CMakeFiles/cmTC_7552c.dir/build
make[5]: Entering directory `/home/lee/linphone-android/linphone-android/WORK/android-x86/Build/ms2/CMakeFiles/CMakeTmp'
Building C object CMakeFiles/cmTC_7552c.dir/CheckSymbolExists.c.o
/home/lee/android-ndk-r10c/toolchains/x86-4.8/prebuilt/linux-x86_64/bin/i686-linux-android-gcc  --sysroot=/home/lee/android-ndk-r10c/platforms/android-14/arch-x86  -isystem /home/lee/android-ndk-r10c/sources/cpufeatures -isystem /home/lee/android-ndk-r10c/sources/cxx-stl/gnu-libstdc++/4.8/include -isystem /home/lee/android-ndk-r10c/sources/cxx-stl/gnu-libstdc++/4.8/libs/x86/include -I/home/lee/linphone-android/linphone-android/liblinphone-sdk/android-x86/include  -ffunction-sections -funwind-tables -fstack-protector -no-canonical-prefixes -fomit-frame-pointer -fstrict-aliasing -funswitch-loops -finline-limit=300 -o CMakeFiles/cmTC_7552c.dir/CheckSymbolExists.c.o   -c /home/lee/linphone-android/linphone-android/WORK/android-x86/Build/ms2/CMakeFiles/CMakeTmp/CheckSymbolExists.c
/home/lee/linphone-android/linphone-android/WORK/android-x86/Build/ms2/CMakeFiles/CMakeTmp/CheckSymbolExists.c:3:29: fatal error: libavutil/frame.h: No such file or directory
 #include <libavutil/frame.h>
                             ^
compilation terminated.
make[5]: *** [CMakeFiles/cmTC_7552c.dir/CheckSymbolExists.c.o] Error 1
make[5]: Leaving directory `/home/lee/linphone-android/linphone-android/WORK/android-x86/Build/ms2/CMakeFiles/CMakeTmp'
make[4]: *** [cmTC_7552c/fast] Error 2
make[4]: Leaving directory `/home/lee/linphone-android/linphone-android/WORK/android-x86/Build/ms2/CMakeFiles/CMakeTmp'

File /home/lee/linphone-android/linphone-android/WORK/android-x86/Build/ms2/CMakeFiles/CMakeTmp/CheckSymbolExists.c:
/* */
#include <libavutil/avutil.h>
#include <libavutil/frame.h>

int main(int argc, char** argv)
{
  (void)argv;
#ifndef av_frame_free
  return ((int*)(&av_frame_free))[argc];
#else
  (void)argc;
  return 0;
#endif
}

Determining if the av_frame_unref exist failed with the following output:
Change Dir: /home/lee/linphone-android/linphone-android/WORK/android-x86/Build/ms2/CMakeFiles/CMakeTmp

Run Build Command:"/usr/bin/make" "cmTC_a1d94/fast"
make[4]: Entering directory `/home/lee/linphone-android/linphone-android/WORK/android-x86/Build/ms2/CMakeFiles/CMakeTmp'
/usr/bin/make -f CMakeFiles/cmTC_a1d94.dir/build.make CMakeFiles/cmTC_a1d94.dir/build
make[5]: Entering directory `/home/lee/linphone-android/linphone-android/WORK/android-x86/Build/ms2/CMakeFiles/CMakeTmp'
Building C object CMakeFiles/cmTC_a1d94.dir/CheckSymbolExists.c.o
/home/lee/android-ndk-r10c/toolchains/x86-4.8/prebuilt/linux-x86_64/bin/i686-linux-android-gcc  --sysroot=/home/lee/android-ndk-r10c/platforms/android-14/arch-x86  -isystem /home/lee/android-ndk-r10c/sources/cpufeatures -isystem /home/lee/android-ndk-r10c/sources/cxx-stl/gnu-libstdc++/4.8/include -isystem /home/lee/android-ndk-r10c/sources/cxx-stl/gnu-libstdc++/4.8/libs/x86/include -I/home/lee/linphone-android/linphone-android/liblinphone-sdk/android-x86/include  -ffunction-sections -funwind-tables -fstack-protector -no-canonical-prefixes -fomit-frame-pointer -fstrict-aliasing -funswitch-loops -finline-limit=300 -o CMakeFiles/cmTC_a1d94.dir/CheckSymbolExists.c.o   -c /home/lee/linphone-android/linphone-android/WORK/android-x86/Build/ms2/CMakeFiles/CMakeTmp/CheckSymbolExists.c
/home/lee/linphone-android/linphone-android/WORK/android-x86/Build/ms2/CMakeFiles/CMakeTmp/CheckSymbolExists.c:3:29: fatal error: libavutil/frame.h: No such file or directory
 #include <libavutil/frame.h>
                             ^
compilation terminated.
make[5]: *** [CMakeFiles/cmTC_a1d94.dir/CheckSymbolExists.c.o] Error 1
make[5]: Leaving directory `/home/lee/linphone-android/linphone-android/WORK/android-x86/Build/ms2/CMakeFiles/CMakeTmp'
make[4]: *** [cmTC_a1d94/fast] Error 2
make[4]: Leaving directory `/home/lee/linphone-android/linphone-android/WORK/android-x86/Build/ms2/CMakeFiles/CMakeTmp'

File /home/lee/linphone-android/linphone-android/WORK/android-x86/Build/ms2/CMakeFiles/CMakeTmp/CheckSymbolExists.c:
/* */
#include <libavutil/avutil.h>
#include <libavutil/frame.h>

int main(int argc, char** argv)
{
  (void)argv;
#ifndef av_frame_unref
  return ((int*)(&av_frame_unref))[argc];
#else
  (void)argc;
  return 0;
#endif
}

