Determining if the include file socket.h exists failed with the following output:
Change Dir: /home/lee/linphone-android/linphone-android/WORK/android-arm/Build/antlr3c/CMakeFiles/CMakeTmp

Run Build Command:"/usr/bin/make" "cmTC_35234/fast"
make[4]: Entering directory `/home/lee/linphone-android/linphone-android/WORK/android-arm/Build/antlr3c/CMakeFiles/CMakeTmp'
/usr/bin/make -f CMakeFiles/cmTC_35234.dir/build.make CMakeFiles/cmTC_35234.dir/build
make[5]: Entering directory `/home/lee/linphone-android/linphone-android/WORK/android-arm/Build/antlr3c/CMakeFiles/CMakeTmp'
Building C object CMakeFiles/cmTC_35234.dir/CheckIncludeFile.c.o
/home/lee/android-ndk-r10c/toolchains/arm-linux-androideabi-4.8/prebuilt/linux-x86_64/bin/arm-linux-androideabi-gcc  --sysroot=/home/lee/android-ndk-r10c/platforms/android-14/arch-arm  -isystem /home/lee/android-ndk-r10c/sources/cpufeatures -isystem /home/lee/android-ndk-r10c/sources/cxx-stl/gnu-libstdc++/4.8/include -isystem /home/lee/android-ndk-r10c/sources/cxx-stl/gnu-libstdc++/4.8/libs/armeabi/include  -ffunction-sections -funwind-tables -fstack-protector -no-canonical-prefixes -march=armv5te -mtune=xscale -msoft-float -fomit-frame-pointer -fno-strict-aliasing -finline-limit=64 -o CMakeFiles/cmTC_35234.dir/CheckIncludeFile.c.o   -c /home/lee/linphone-android/linphone-android/WORK/android-arm/Build/antlr3c/CMakeFiles/CMakeTmp/CheckIncludeFile.c
/home/lee/linphone-android/linphone-android/WORK/android-arm/Build/antlr3c/CMakeFiles/CMakeTmp/CheckIncludeFile.c:1:20: fatal error: socket.h: No such file or directory
 #include <socket.h>
                    ^
compilation terminated.
make[5]: *** [CMakeFiles/cmTC_35234.dir/CheckIncludeFile.c.o] Error 1
make[5]: Leaving directory `/home/lee/linphone-android/linphone-android/WORK/android-arm/Build/antlr3c/CMakeFiles/CMakeTmp'
make[4]: *** [cmTC_35234/fast] Error 2
make[4]: Leaving directory `/home/lee/linphone-android/linphone-android/WORK/android-arm/Build/antlr3c/CMakeFiles/CMakeTmp'


Determining if the include file sys/malloc.h exists failed with the following output:
Change Dir: /home/lee/linphone-android/linphone-android/WORK/android-arm/Build/antlr3c/CMakeFiles/CMakeTmp

Run Build Command:"/usr/bin/make" "cmTC_8adb5/fast"
make[4]: Entering directory `/home/lee/linphone-android/linphone-android/WORK/android-arm/Build/antlr3c/CMakeFiles/CMakeTmp'
/usr/bin/make -f CMakeFiles/cmTC_8adb5.dir/build.make CMakeFiles/cmTC_8adb5.dir/build
make[5]: Entering directory `/home/lee/linphone-android/linphone-android/WORK/android-arm/Build/antlr3c/CMakeFiles/CMakeTmp'
Building C object CMakeFiles/cmTC_8adb5.dir/CheckIncludeFile.c.o
/home/lee/android-ndk-r10c/toolchains/arm-linux-androideabi-4.8/prebuilt/linux-x86_64/bin/arm-linux-androideabi-gcc  --sysroot=/home/lee/android-ndk-r10c/platforms/android-14/arch-arm  -isystem /home/lee/android-ndk-r10c/sources/cpufeatures -isystem /home/lee/android-ndk-r10c/sources/cxx-stl/gnu-libstdc++/4.8/include -isystem /home/lee/android-ndk-r10c/sources/cxx-stl/gnu-libstdc++/4.8/libs/armeabi/include  -ffunction-sections -funwind-tables -fstack-protector -no-canonical-prefixes -march=armv5te -mtune=xscale -msoft-float -fomit-frame-pointer -fno-strict-aliasing -finline-limit=64 -o CMakeFiles/cmTC_8adb5.dir/CheckIncludeFile.c.o   -c /home/lee/linphone-android/linphone-android/WORK/android-arm/Build/antlr3c/CMakeFiles/CMakeTmp/CheckIncludeFile.c
/home/lee/linphone-android/linphone-android/WORK/android-arm/Build/antlr3c/CMakeFiles/CMakeTmp/CheckIncludeFile.c:1:24: fatal error: sys/malloc.h: No such file or directory
 #include <sys/malloc.h>
                        ^
compilation terminated.
make[5]: *** [CMakeFiles/cmTC_8adb5.dir/CheckIncludeFile.c.o] Error 1
make[5]: Leaving directory `/home/lee/linphone-android/linphone-android/WORK/android-arm/Build/antlr3c/CMakeFiles/CMakeTmp'
make[4]: *** [cmTC_8adb5/fast] Error 2
make[4]: Leaving directory `/home/lee/linphone-android/linphone-android/WORK/android-arm/Build/antlr3c/CMakeFiles/CMakeTmp'


