The target system is: Linux -  - armeabi-v7a
The host system is: Linux - 4.2.0-35-generic - x86_64
Determining if the include file pthread.h exists passed with the following output:
Change Dir: /home/lee/linphone-android/linphone-android/WORK/android-armv7/Build/ortp/CMakeFiles/CMakeTmp

Run Build Command:"/usr/bin/make" "cmTC_960f2/fast"
make[4]: Entering directory `/home/lee/linphone-android/linphone-android/WORK/android-armv7/Build/ortp/CMakeFiles/CMakeTmp'
/usr/bin/make -f CMakeFiles/cmTC_960f2.dir/build.make CMakeFiles/cmTC_960f2.dir/build
make[5]: Entering directory `/home/lee/linphone-android/linphone-android/WORK/android-armv7/Build/ortp/CMakeFiles/CMakeTmp'
Building C object CMakeFiles/cmTC_960f2.dir/CheckIncludeFile.c.o
/home/lee/android-ndk-r10c/toolchains/arm-linux-androideabi-4.8/prebuilt/linux-x86_64/bin/arm-linux-androideabi-gcc  --sysroot=/home/lee/android-ndk-r10c/platforms/android-14/arch-arm  -isystem /home/lee/android-ndk-r10c/sources/cpufeatures -isystem /home/lee/android-ndk-r10c/sources/cxx-stl/gnu-libstdc++/4.8/include -isystem /home/lee/android-ndk-r10c/sources/cxx-stl/gnu-libstdc++/4.8/libs/armeabi-v7a/include  -ffunction-sections -funwind-tables -fstack-protector -no-canonical-prefixes -march=armv7-a -mfpu=vfpv3-d16 -mfloat-abi=softfp -fomit-frame-pointer -fno-strict-aliasing -finline-limit=64 -o CMakeFiles/cmTC_960f2.dir/CheckIncludeFile.c.o   -c /home/lee/linphone-android/linphone-android/WORK/android-armv7/Build/ortp/CMakeFiles/CMakeTmp/CheckIncludeFile.c
Linking C executable cmTC_960f2
/home/lee/cmake-3.5.1-Linux-x86_64/bin/cmake -E cmake_link_script CMakeFiles/cmTC_960f2.dir/link.txt --verbose=1
/home/lee/android-ndk-r10c/toolchains/arm-linux-androideabi-4.8/prebuilt/linux-x86_64/bin/arm-linux-androideabi-gcc  --sysroot=/home/lee/android-ndk-r10c/platforms/android-14/arch-arm      CMakeFiles/cmTC_960f2.dir/CheckIncludeFile.c.o  -o cmTC_960f2 -rdynamic /home/lee/android-ndk-r10c/sources/android/libportable/libs/armeabi-v7a/libportable.a /home/lee/android-ndk-r10c/sources/cxx-stl/gnu-libstdc++/4.8/libs/armeabi-v7a/libgnustl_static.a -llog -march=armv7-a -Wl,--fix-cortex-a8 -no-canonical-prefixes -Wl,--no-undefined -Wl,-z,noexecstack -Wl,-z,relro -Wl,-z,now 
make[5]: Leaving directory `/home/lee/linphone-android/linphone-android/WORK/android-armv7/Build/ortp/CMakeFiles/CMakeTmp'
make[4]: Leaving directory `/home/lee/linphone-android/linphone-android/WORK/android-armv7/Build/ortp/CMakeFiles/CMakeTmp'


Determining if the pthread_create exist passed with the following output:
Change Dir: /home/lee/linphone-android/linphone-android/WORK/android-armv7/Build/ortp/CMakeFiles/CMakeTmp

Run Build Command:"/usr/bin/make" "cmTC_3ed3b/fast"
make[4]: Entering directory `/home/lee/linphone-android/linphone-android/WORK/android-armv7/Build/ortp/CMakeFiles/CMakeTmp'
/usr/bin/make -f CMakeFiles/cmTC_3ed3b.dir/build.make CMakeFiles/cmTC_3ed3b.dir/build
make[5]: Entering directory `/home/lee/linphone-android/linphone-android/WORK/android-armv7/Build/ortp/CMakeFiles/CMakeTmp'
Building C object CMakeFiles/cmTC_3ed3b.dir/CheckSymbolExists.c.o
/home/lee/android-ndk-r10c/toolchains/arm-linux-androideabi-4.8/prebuilt/linux-x86_64/bin/arm-linux-androideabi-gcc  --sysroot=/home/lee/android-ndk-r10c/platforms/android-14/arch-arm  -isystem /home/lee/android-ndk-r10c/sources/cpufeatures -isystem /home/lee/android-ndk-r10c/sources/cxx-stl/gnu-libstdc++/4.8/include -isystem /home/lee/android-ndk-r10c/sources/cxx-stl/gnu-libstdc++/4.8/libs/armeabi-v7a/include  -ffunction-sections -funwind-tables -fstack-protector -no-canonical-prefixes -march=armv7-a -mfpu=vfpv3-d16 -mfloat-abi=softfp -fomit-frame-pointer -fno-strict-aliasing -finline-limit=64 -o CMakeFiles/cmTC_3ed3b.dir/CheckSymbolExists.c.o   -c /home/lee/linphone-android/linphone-android/WORK/android-armv7/Build/ortp/CMakeFiles/CMakeTmp/CheckSymbolExists.c
Linking C executable cmTC_3ed3b
/home/lee/cmake-3.5.1-Linux-x86_64/bin/cmake -E cmake_link_script CMakeFiles/cmTC_3ed3b.dir/link.txt --verbose=1
/home/lee/android-ndk-r10c/toolchains/arm-linux-androideabi-4.8/prebuilt/linux-x86_64/bin/arm-linux-androideabi-gcc  --sysroot=/home/lee/android-ndk-r10c/platforms/android-14/arch-arm      CMakeFiles/cmTC_3ed3b.dir/CheckSymbolExists.c.o  -o cmTC_3ed3b -rdynamic /home/lee/android-ndk-r10c/sources/android/libportable/libs/armeabi-v7a/libportable.a /home/lee/android-ndk-r10c/sources/cxx-stl/gnu-libstdc++/4.8/libs/armeabi-v7a/libgnustl_static.a -llog -march=armv7-a -Wl,--fix-cortex-a8 -no-canonical-prefixes -Wl,--no-undefined -Wl,-z,noexecstack -Wl,-z,relro -Wl,-z,now 
make[5]: Leaving directory `/home/lee/linphone-android/linphone-android/WORK/android-armv7/Build/ortp/CMakeFiles/CMakeTmp'
make[4]: Leaving directory `/home/lee/linphone-android/linphone-android/WORK/android-armv7/Build/ortp/CMakeFiles/CMakeTmp'

File /home/lee/linphone-android/linphone-android/WORK/android-armv7/Build/ortp/CMakeFiles/CMakeTmp/CheckSymbolExists.c:
/* */
#include <pthread.h>

int main(int argc, char** argv)
{
  (void)argv;
#ifndef pthread_create
  return ((int*)(&pthread_create))[argc];
#else
  (void)argc;
  return 0;
#endif
}

Determining if the include file sys/uio.h exists passed with the following output:
Change Dir: /home/lee/linphone-android/linphone-android/WORK/android-armv7/Build/ortp/CMakeFiles/CMakeTmp

Run Build Command:"/usr/bin/make" "cmTC_88b46/fast"
make[4]: Entering directory `/home/lee/linphone-android/linphone-android/WORK/android-armv7/Build/ortp/CMakeFiles/CMakeTmp'
/usr/bin/make -f CMakeFiles/cmTC_88b46.dir/build.make CMakeFiles/cmTC_88b46.dir/build
make[5]: Entering directory `/home/lee/linphone-android/linphone-android/WORK/android-armv7/Build/ortp/CMakeFiles/CMakeTmp'
Building C object CMakeFiles/cmTC_88b46.dir/CheckIncludeFile.c.o
/home/lee/android-ndk-r10c/toolchains/arm-linux-androideabi-4.8/prebuilt/linux-x86_64/bin/arm-linux-androideabi-gcc  --sysroot=/home/lee/android-ndk-r10c/platforms/android-14/arch-arm  -isystem /home/lee/android-ndk-r10c/sources/cpufeatures -isystem /home/lee/android-ndk-r10c/sources/cxx-stl/gnu-libstdc++/4.8/include -isystem /home/lee/android-ndk-r10c/sources/cxx-stl/gnu-libstdc++/4.8/libs/armeabi-v7a/include  -ffunction-sections -funwind-tables -fstack-protector -no-canonical-prefixes -march=armv7-a -mfpu=vfpv3-d16 -mfloat-abi=softfp -fomit-frame-pointer -fno-strict-aliasing -finline-limit=64 -o CMakeFiles/cmTC_88b46.dir/CheckIncludeFile.c.o   -c /home/lee/linphone-android/linphone-android/WORK/android-armv7/Build/ortp/CMakeFiles/CMakeTmp/CheckIncludeFile.c
Linking C executable cmTC_88b46
/home/lee/cmake-3.5.1-Linux-x86_64/bin/cmake -E cmake_link_script CMakeFiles/cmTC_88b46.dir/link.txt --verbose=1
/home/lee/android-ndk-r10c/toolchains/arm-linux-androideabi-4.8/prebuilt/linux-x86_64/bin/arm-linux-androideabi-gcc  --sysroot=/home/lee/android-ndk-r10c/platforms/android-14/arch-arm      CMakeFiles/cmTC_88b46.dir/CheckIncludeFile.c.o  -o cmTC_88b46 -rdynamic /home/lee/android-ndk-r10c/sources/android/libportable/libs/armeabi-v7a/libportable.a /home/lee/android-ndk-r10c/sources/cxx-stl/gnu-libstdc++/4.8/libs/armeabi-v7a/libgnustl_static.a -llog -march=armv7-a -Wl,--fix-cortex-a8 -no-canonical-prefixes -Wl,--no-undefined -Wl,-z,noexecstack -Wl,-z,relro -Wl,-z,now 
make[5]: Leaving directory `/home/lee/linphone-android/linphone-android/WORK/android-armv7/Build/ortp/CMakeFiles/CMakeTmp'
make[4]: Leaving directory `/home/lee/linphone-android/linphone-android/WORK/android-armv7/Build/ortp/CMakeFiles/CMakeTmp'


Determining if the function arc4random exists passed with the following output:
Change Dir: /home/lee/linphone-android/linphone-android/WORK/android-armv7/Build/ortp/CMakeFiles/CMakeTmp

Run Build Command:"/usr/bin/make" "cmTC_cc933/fast"
make[4]: Entering directory `/home/lee/linphone-android/linphone-android/WORK/android-armv7/Build/ortp/CMakeFiles/CMakeTmp'
/usr/bin/make -f CMakeFiles/cmTC_cc933.dir/build.make CMakeFiles/cmTC_cc933.dir/build
make[5]: Entering directory `/home/lee/linphone-android/linphone-android/WORK/android-armv7/Build/ortp/CMakeFiles/CMakeTmp'
Building C object CMakeFiles/cmTC_cc933.dir/CheckFunctionExists.c.o
/home/lee/android-ndk-r10c/toolchains/arm-linux-androideabi-4.8/prebuilt/linux-x86_64/bin/arm-linux-androideabi-gcc  --sysroot=/home/lee/android-ndk-r10c/platforms/android-14/arch-arm  -isystem /home/lee/android-ndk-r10c/sources/cpufeatures -isystem /home/lee/android-ndk-r10c/sources/cxx-stl/gnu-libstdc++/4.8/include -isystem /home/lee/android-ndk-r10c/sources/cxx-stl/gnu-libstdc++/4.8/libs/armeabi-v7a/include  -DCHECK_FUNCTION_EXISTS=arc4random   -ffunction-sections -funwind-tables -fstack-protector -no-canonical-prefixes -march=armv7-a -mfpu=vfpv3-d16 -mfloat-abi=softfp -fomit-frame-pointer -fno-strict-aliasing -finline-limit=64 -o CMakeFiles/cmTC_cc933.dir/CheckFunctionExists.c.o   -c /home/lee/cmake-3.5.1-Linux-x86_64/share/cmake-3.5/Modules/CheckFunctionExists.c
Linking C executable cmTC_cc933
/home/lee/cmake-3.5.1-Linux-x86_64/bin/cmake -E cmake_link_script CMakeFiles/cmTC_cc933.dir/link.txt --verbose=1
/home/lee/android-ndk-r10c/toolchains/arm-linux-androideabi-4.8/prebuilt/linux-x86_64/bin/arm-linux-androideabi-gcc  --sysroot=/home/lee/android-ndk-r10c/platforms/android-14/arch-arm  -DCHECK_FUNCTION_EXISTS=arc4random    CMakeFiles/cmTC_cc933.dir/CheckFunctionExists.c.o  -o cmTC_cc933 -rdynamic /home/lee/android-ndk-r10c/sources/android/libportable/libs/armeabi-v7a/libportable.a /home/lee/android-ndk-r10c/sources/cxx-stl/gnu-libstdc++/4.8/libs/armeabi-v7a/libgnustl_static.a -llog -march=armv7-a -Wl,--fix-cortex-a8 -no-canonical-prefixes -Wl,--no-undefined -Wl,-z,noexecstack -Wl,-z,relro -Wl,-z,now 
make[5]: Leaving directory `/home/lee/linphone-android/linphone-android/WORK/android-armv7/Build/ortp/CMakeFiles/CMakeTmp'
make[4]: Leaving directory `/home/lee/linphone-android/linphone-android/WORK/android-armv7/Build/ortp/CMakeFiles/CMakeTmp'


Determining if the include file sys/types.h exists passed with the following output:
Change Dir: /home/lee/linphone-android/linphone-android/WORK/android-armv7/Build/ortp/CMakeFiles/CMakeTmp

Run Build Command:"/usr/bin/make" "cmTC_38aa3/fast"
make[4]: Entering directory `/home/lee/linphone-android/linphone-android/WORK/android-armv7/Build/ortp/CMakeFiles/CMakeTmp'
/usr/bin/make -f CMakeFiles/cmTC_38aa3.dir/build.make CMakeFiles/cmTC_38aa3.dir/build
make[5]: Entering directory `/home/lee/linphone-android/linphone-android/WORK/android-armv7/Build/ortp/CMakeFiles/CMakeTmp'
Building C object CMakeFiles/cmTC_38aa3.dir/CheckIncludeFile.c.o
/home/lee/android-ndk-r10c/toolchains/arm-linux-androideabi-4.8/prebuilt/linux-x86_64/bin/arm-linux-androideabi-gcc  --sysroot=/home/lee/android-ndk-r10c/platforms/android-14/arch-arm  -isystem /home/lee/android-ndk-r10c/sources/cpufeatures -isystem /home/lee/android-ndk-r10c/sources/cxx-stl/gnu-libstdc++/4.8/include -isystem /home/lee/android-ndk-r10c/sources/cxx-stl/gnu-libstdc++/4.8/libs/armeabi-v7a/include  -ffunction-sections -funwind-tables -fstack-protector -no-canonical-prefixes -march=armv7-a -mfpu=vfpv3-d16 -mfloat-abi=softfp -fomit-frame-pointer -fno-strict-aliasing -finline-limit=64 -o CMakeFiles/cmTC_38aa3.dir/CheckIncludeFile.c.o   -c /home/lee/linphone-android/linphone-android/WORK/android-armv7/Build/ortp/CMakeFiles/CMakeTmp/CheckIncludeFile.c
Linking C executable cmTC_38aa3
/home/lee/cmake-3.5.1-Linux-x86_64/bin/cmake -E cmake_link_script CMakeFiles/cmTC_38aa3.dir/link.txt --verbose=1
/home/lee/android-ndk-r10c/toolchains/arm-linux-androideabi-4.8/prebuilt/linux-x86_64/bin/arm-linux-androideabi-gcc  --sysroot=/home/lee/android-ndk-r10c/platforms/android-14/arch-arm      CMakeFiles/cmTC_38aa3.dir/CheckIncludeFile.c.o  -o cmTC_38aa3 -rdynamic /home/lee/android-ndk-r10c/sources/android/libportable/libs/armeabi-v7a/libportable.a /home/lee/android-ndk-r10c/sources/cxx-stl/gnu-libstdc++/4.8/libs/armeabi-v7a/libgnustl_static.a -llog -march=armv7-a -Wl,--fix-cortex-a8 -no-canonical-prefixes -Wl,--no-undefined -Wl,-z,noexecstack -Wl,-z,relro -Wl,-z,now 
make[5]: Leaving directory `/home/lee/linphone-android/linphone-android/WORK/android-armv7/Build/ortp/CMakeFiles/CMakeTmp'
make[4]: Leaving directory `/home/lee/linphone-android/linphone-android/WORK/android-armv7/Build/ortp/CMakeFiles/CMakeTmp'


Determining if the include file stdint.h exists passed with the following output:
Change Dir: /home/lee/linphone-android/linphone-android/WORK/android-armv7/Build/ortp/CMakeFiles/CMakeTmp

Run Build Command:"/usr/bin/make" "cmTC_8ae63/fast"
make[4]: Entering directory `/home/lee/linphone-android/linphone-android/WORK/android-armv7/Build/ortp/CMakeFiles/CMakeTmp'
/usr/bin/make -f CMakeFiles/cmTC_8ae63.dir/build.make CMakeFiles/cmTC_8ae63.dir/build
make[5]: Entering directory `/home/lee/linphone-android/linphone-android/WORK/android-armv7/Build/ortp/CMakeFiles/CMakeTmp'
Building C object CMakeFiles/cmTC_8ae63.dir/CheckIncludeFile.c.o
/home/lee/android-ndk-r10c/toolchains/arm-linux-androideabi-4.8/prebuilt/linux-x86_64/bin/arm-linux-androideabi-gcc  --sysroot=/home/lee/android-ndk-r10c/platforms/android-14/arch-arm  -isystem /home/lee/android-ndk-r10c/sources/cpufeatures -isystem /home/lee/android-ndk-r10c/sources/cxx-stl/gnu-libstdc++/4.8/include -isystem /home/lee/android-ndk-r10c/sources/cxx-stl/gnu-libstdc++/4.8/libs/armeabi-v7a/include  -ffunction-sections -funwind-tables -fstack-protector -no-canonical-prefixes -march=armv7-a -mfpu=vfpv3-d16 -mfloat-abi=softfp -fomit-frame-pointer -fno-strict-aliasing -finline-limit=64 -o CMakeFiles/cmTC_8ae63.dir/CheckIncludeFile.c.o   -c /home/lee/linphone-android/linphone-android/WORK/android-armv7/Build/ortp/CMakeFiles/CMakeTmp/CheckIncludeFile.c
Linking C executable cmTC_8ae63
/home/lee/cmake-3.5.1-Linux-x86_64/bin/cmake -E cmake_link_script CMakeFiles/cmTC_8ae63.dir/link.txt --verbose=1
/home/lee/android-ndk-r10c/toolchains/arm-linux-androideabi-4.8/prebuilt/linux-x86_64/bin/arm-linux-androideabi-gcc  --sysroot=/home/lee/android-ndk-r10c/platforms/android-14/arch-arm      CMakeFiles/cmTC_8ae63.dir/CheckIncludeFile.c.o  -o cmTC_8ae63 -rdynamic /home/lee/android-ndk-r10c/sources/android/libportable/libs/armeabi-v7a/libportable.a /home/lee/android-ndk-r10c/sources/cxx-stl/gnu-libstdc++/4.8/libs/armeabi-v7a/libgnustl_static.a -llog -march=armv7-a -Wl,--fix-cortex-a8 -no-canonical-prefixes -Wl,--no-undefined -Wl,-z,noexecstack -Wl,-z,relro -Wl,-z,now 
make[5]: Leaving directory `/home/lee/linphone-android/linphone-android/WORK/android-armv7/Build/ortp/CMakeFiles/CMakeTmp'
make[4]: Leaving directory `/home/lee/linphone-android/linphone-android/WORK/android-armv7/Build/ortp/CMakeFiles/CMakeTmp'


Determining if the include file stddef.h exists passed with the following output:
Change Dir: /home/lee/linphone-android/linphone-android/WORK/android-armv7/Build/ortp/CMakeFiles/CMakeTmp

Run Build Command:"/usr/bin/make" "cmTC_7d67f/fast"
make[4]: Entering directory `/home/lee/linphone-android/linphone-android/WORK/android-armv7/Build/ortp/CMakeFiles/CMakeTmp'
/usr/bin/make -f CMakeFiles/cmTC_7d67f.dir/build.make CMakeFiles/cmTC_7d67f.dir/build
make[5]: Entering directory `/home/lee/linphone-android/linphone-android/WORK/android-armv7/Build/ortp/CMakeFiles/CMakeTmp'
Building C object CMakeFiles/cmTC_7d67f.dir/CheckIncludeFile.c.o
/home/lee/android-ndk-r10c/toolchains/arm-linux-androideabi-4.8/prebuilt/linux-x86_64/bin/arm-linux-androideabi-gcc  --sysroot=/home/lee/android-ndk-r10c/platforms/android-14/arch-arm  -isystem /home/lee/android-ndk-r10c/sources/cpufeatures -isystem /home/lee/android-ndk-r10c/sources/cxx-stl/gnu-libstdc++/4.8/include -isystem /home/lee/android-ndk-r10c/sources/cxx-stl/gnu-libstdc++/4.8/libs/armeabi-v7a/include  -ffunction-sections -funwind-tables -fstack-protector -no-canonical-prefixes -march=armv7-a -mfpu=vfpv3-d16 -mfloat-abi=softfp -fomit-frame-pointer -fno-strict-aliasing -finline-limit=64 -o CMakeFiles/cmTC_7d67f.dir/CheckIncludeFile.c.o   -c /home/lee/linphone-android/linphone-android/WORK/android-armv7/Build/ortp/CMakeFiles/CMakeTmp/CheckIncludeFile.c
Linking C executable cmTC_7d67f
/home/lee/cmake-3.5.1-Linux-x86_64/bin/cmake -E cmake_link_script CMakeFiles/cmTC_7d67f.dir/link.txt --verbose=1
/home/lee/android-ndk-r10c/toolchains/arm-linux-androideabi-4.8/prebuilt/linux-x86_64/bin/arm-linux-androideabi-gcc  --sysroot=/home/lee/android-ndk-r10c/platforms/android-14/arch-arm      CMakeFiles/cmTC_7d67f.dir/CheckIncludeFile.c.o  -o cmTC_7d67f -rdynamic /home/lee/android-ndk-r10c/sources/android/libportable/libs/armeabi-v7a/libportable.a /home/lee/android-ndk-r10c/sources/cxx-stl/gnu-libstdc++/4.8/libs/armeabi-v7a/libgnustl_static.a -llog -march=armv7-a -Wl,--fix-cortex-a8 -no-canonical-prefixes -Wl,--no-undefined -Wl,-z,noexecstack -Wl,-z,relro -Wl,-z,now 
make[5]: Leaving directory `/home/lee/linphone-android/linphone-android/WORK/android-armv7/Build/ortp/CMakeFiles/CMakeTmp'
make[4]: Leaving directory `/home/lee/linphone-android/linphone-android/WORK/android-armv7/Build/ortp/CMakeFiles/CMakeTmp'


Determining size of unsigned short passed with the following output:
Change Dir: /home/lee/linphone-android/linphone-android/WORK/android-armv7/Build/ortp/CMakeFiles/CMakeTmp

Run Build Command:"/usr/bin/make" "cmTC_13524/fast"
make[4]: Entering directory `/home/lee/linphone-android/linphone-android/WORK/android-armv7/Build/ortp/CMakeFiles/CMakeTmp'
/usr/bin/make -f CMakeFiles/cmTC_13524.dir/build.make CMakeFiles/cmTC_13524.dir/build
make[5]: Entering directory `/home/lee/linphone-android/linphone-android/WORK/android-armv7/Build/ortp/CMakeFiles/CMakeTmp'
Building C object CMakeFiles/cmTC_13524.dir/CMAKE_SIZEOF_UNSIGNED_SHORT.c.o
/home/lee/android-ndk-r10c/toolchains/arm-linux-androideabi-4.8/prebuilt/linux-x86_64/bin/arm-linux-androideabi-gcc  --sysroot=/home/lee/android-ndk-r10c/platforms/android-14/arch-arm  -isystem /home/lee/android-ndk-r10c/sources/cpufeatures -isystem /home/lee/android-ndk-r10c/sources/cxx-stl/gnu-libstdc++/4.8/include -isystem /home/lee/android-ndk-r10c/sources/cxx-stl/gnu-libstdc++/4.8/libs/armeabi-v7a/include  -ffunction-sections -funwind-tables -fstack-protector -no-canonical-prefixes -march=armv7-a -mfpu=vfpv3-d16 -mfloat-abi=softfp -fomit-frame-pointer -fno-strict-aliasing -finline-limit=64 -o CMakeFiles/cmTC_13524.dir/CMAKE_SIZEOF_UNSIGNED_SHORT.c.o   -c /home/lee/linphone-android/linphone-android/WORK/android-armv7/Build/ortp/CMakeFiles/CheckTypeSize/CMAKE_SIZEOF_UNSIGNED_SHORT.c
Linking C executable cmTC_13524
/home/lee/cmake-3.5.1-Linux-x86_64/bin/cmake -E cmake_link_script CMakeFiles/cmTC_13524.dir/link.txt --verbose=1
/home/lee/android-ndk-r10c/toolchains/arm-linux-androideabi-4.8/prebuilt/linux-x86_64/bin/arm-linux-androideabi-gcc  --sysroot=/home/lee/android-ndk-r10c/platforms/android-14/arch-arm      CMakeFiles/cmTC_13524.dir/CMAKE_SIZEOF_UNSIGNED_SHORT.c.o  -o cmTC_13524 -rdynamic /home/lee/android-ndk-r10c/sources/android/libportable/libs/armeabi-v7a/libportable.a /home/lee/android-ndk-r10c/sources/cxx-stl/gnu-libstdc++/4.8/libs/armeabi-v7a/libgnustl_static.a -llog -march=armv7-a -Wl,--fix-cortex-a8 -no-canonical-prefixes -Wl,--no-undefined -Wl,-z,noexecstack -Wl,-z,relro -Wl,-z,now 
make[5]: Leaving directory `/home/lee/linphone-android/linphone-android/WORK/android-armv7/Build/ortp/CMakeFiles/CMakeTmp'
make[4]: Leaving directory `/home/lee/linphone-android/linphone-android/WORK/android-armv7/Build/ortp/CMakeFiles/CMakeTmp'


