Determining if the function clock_gettime exists in the rt failed with the following output:
Change Dir: /home/lee/linphone-android/linphone-android/WORK/android-armv7/Build/bellesip/CMakeFiles/CMakeTmp

Run Build Command:"/usr/bin/make" "cmTC_89f3b/fast"
make[4]: Entering directory `/home/lee/linphone-android/linphone-android/WORK/android-armv7/Build/bellesip/CMakeFiles/CMakeTmp'
/usr/bin/make -f CMakeFiles/cmTC_89f3b.dir/build.make CMakeFiles/cmTC_89f3b.dir/build
make[5]: Entering directory `/home/lee/linphone-android/linphone-android/WORK/android-armv7/Build/bellesip/CMakeFiles/CMakeTmp'
Building C object CMakeFiles/cmTC_89f3b.dir/CheckFunctionExists.c.o
/home/lee/android-ndk-r10c/toolchains/arm-linux-androideabi-4.8/prebuilt/linux-x86_64/bin/arm-linux-androideabi-gcc  --sysroot=/home/lee/android-ndk-r10c/platforms/android-14/arch-arm  -isystem /home/lee/android-ndk-r10c/sources/cpufeatures -isystem /home/lee/android-ndk-r10c/sources/cxx-stl/gnu-libstdc++/4.8/include -isystem /home/lee/android-ndk-r10c/sources/cxx-stl/gnu-libstdc++/4.8/libs/armeabi-v7a/include  -DCHECK_FUNCTION_EXISTS=clock_gettime   -ffunction-sections -funwind-tables -fstack-protector -no-canonical-prefixes -march=armv7-a -mfpu=vfpv3-d16 -mfloat-abi=softfp -fomit-frame-pointer -fno-strict-aliasing -finline-limit=64 -o CMakeFiles/cmTC_89f3b.dir/CheckFunctionExists.c.o   -c /home/lee/cmake-3.5.1-Linux-x86_64/share/cmake-3.5/Modules/CheckFunctionExists.c
Linking C executable cmTC_89f3b
/home/lee/cmake-3.5.1-Linux-x86_64/bin/cmake -E cmake_link_script CMakeFiles/cmTC_89f3b.dir/link.txt --verbose=1
/home/lee/android-ndk-r10c/toolchains/arm-linux-androideabi-4.8/prebuilt/linux-x86_64/bin/arm-linux-androideabi-gcc  --sysroot=/home/lee/android-ndk-r10c/platforms/android-14/arch-arm  -DCHECK_FUNCTION_EXISTS=clock_gettime    CMakeFiles/cmTC_89f3b.dir/CheckFunctionExists.c.o  -o cmTC_89f3b -rdynamic /home/lee/android-ndk-r10c/sources/android/libportable/libs/armeabi-v7a/libportable.a /home/lee/android-ndk-r10c/sources/cxx-stl/gnu-libstdc++/4.8/libs/armeabi-v7a/libgnustl_static.a -llog -march=armv7-a -Wl,--fix-cortex-a8 -no-canonical-prefixes -Wl,--no-undefined -Wl,-z,noexecstack -Wl,-z,relro -Wl,-z,now -lrt 
/home/lee/android-ndk-r10c/toolchains/arm-linux-androideabi-4.8/prebuilt/linux-x86_64/bin/../lib/gcc/arm-linux-androideabi/4.8/../../../../arm-linux-androideabi/bin/ld: error: cannot find -lrt
collect2: error: ld returned 1 exit status
make[5]: *** [cmTC_89f3b] Error 1
make[5]: Leaving directory `/home/lee/linphone-android/linphone-android/WORK/android-armv7/Build/bellesip/CMakeFiles/CMakeTmp'
make[4]: *** [cmTC_89f3b/fast] Error 2
make[4]: Leaving directory `/home/lee/linphone-android/linphone-android/WORK/android-armv7/Build/bellesip/CMakeFiles/CMakeTmp'


Determining if the res_ndestroy exist failed with the following output:
Change Dir: /home/lee/linphone-android/linphone-android/WORK/android-armv7/Build/bellesip/CMakeFiles/CMakeTmp

Run Build Command:"/usr/bin/make" "cmTC_9c0e9/fast"
make[4]: Entering directory `/home/lee/linphone-android/linphone-android/WORK/android-armv7/Build/bellesip/CMakeFiles/CMakeTmp'
/usr/bin/make -f CMakeFiles/cmTC_9c0e9.dir/build.make CMakeFiles/cmTC_9c0e9.dir/build
make[5]: Entering directory `/home/lee/linphone-android/linphone-android/WORK/android-armv7/Build/bellesip/CMakeFiles/CMakeTmp'
Building C object CMakeFiles/cmTC_9c0e9.dir/CheckSymbolExists.c.o
/home/lee/android-ndk-r10c/toolchains/arm-linux-androideabi-4.8/prebuilt/linux-x86_64/bin/arm-linux-androideabi-gcc  --sysroot=/home/lee/android-ndk-r10c/platforms/android-14/arch-arm  -isystem /home/lee/android-ndk-r10c/sources/cpufeatures -isystem /home/lee/android-ndk-r10c/sources/cxx-stl/gnu-libstdc++/4.8/include -isystem /home/lee/android-ndk-r10c/sources/cxx-stl/gnu-libstdc++/4.8/libs/armeabi-v7a/include  -ffunction-sections -funwind-tables -fstack-protector -no-canonical-prefixes -march=armv7-a -mfpu=vfpv3-d16 -mfloat-abi=softfp -fomit-frame-pointer -fno-strict-aliasing -finline-limit=64 -o CMakeFiles/cmTC_9c0e9.dir/CheckSymbolExists.c.o   -c /home/lee/linphone-android/linphone-android/WORK/android-armv7/Build/bellesip/CMakeFiles/CMakeTmp/CheckSymbolExists.c
/home/lee/linphone-android/linphone-android/WORK/android-armv7/Build/bellesip/CMakeFiles/CMakeTmp/CheckSymbolExists.c: In function 'main':
/home/lee/linphone-android/linphone-android/WORK/android-armv7/Build/bellesip/CMakeFiles/CMakeTmp/CheckSymbolExists.c:8:19: error: 'res_ndestroy' undeclared (first use in this function)
   return ((int*)(&res_ndestroy))[argc];
                   ^
/home/lee/linphone-android/linphone-android/WORK/android-armv7/Build/bellesip/CMakeFiles/CMakeTmp/CheckSymbolExists.c:8:19: note: each undeclared identifier is reported only once for each function it appears in
make[5]: *** [CMakeFiles/cmTC_9c0e9.dir/CheckSymbolExists.c.o] Error 1
make[5]: Leaving directory `/home/lee/linphone-android/linphone-android/WORK/android-armv7/Build/bellesip/CMakeFiles/CMakeTmp'
make[4]: *** [cmTC_9c0e9/fast] Error 2
make[4]: Leaving directory `/home/lee/linphone-android/linphone-android/WORK/android-armv7/Build/bellesip/CMakeFiles/CMakeTmp'

File /home/lee/linphone-android/linphone-android/WORK/android-armv7/Build/bellesip/CMakeFiles/CMakeTmp/CheckSymbolExists.c:
/* */
#include <resolv.h>

int main(int argc, char** argv)
{
  (void)argv;
#ifndef res_ndestroy
  return ((int*)(&res_ndestroy))[argc];
#else
  (void)argc;
  return 0;
#endif
}

Performing C SOURCE FILE Test HAVE_RES_GETSERVERS failed with the following output:
Change Dir: /home/lee/linphone-android/linphone-android/WORK/android-armv7/Build/bellesip/CMakeFiles/CMakeTmp

Run Build Command:"/usr/bin/make" "cmTC_c5f22/fast"
make[4]: Entering directory `/home/lee/linphone-android/linphone-android/WORK/android-armv7/Build/bellesip/CMakeFiles/CMakeTmp'
/usr/bin/make -f CMakeFiles/cmTC_c5f22.dir/build.make CMakeFiles/cmTC_c5f22.dir/build
make[5]: Entering directory `/home/lee/linphone-android/linphone-android/WORK/android-armv7/Build/bellesip/CMakeFiles/CMakeTmp'
Building C object CMakeFiles/cmTC_c5f22.dir/src.c.o
/home/lee/android-ndk-r10c/toolchains/arm-linux-androideabi-4.8/prebuilt/linux-x86_64/bin/arm-linux-androideabi-gcc  --sysroot=/home/lee/android-ndk-r10c/platforms/android-14/arch-arm  -isystem /home/lee/android-ndk-r10c/sources/cpufeatures -isystem /home/lee/android-ndk-r10c/sources/cxx-stl/gnu-libstdc++/4.8/include -isystem /home/lee/android-ndk-r10c/sources/cxx-stl/gnu-libstdc++/4.8/libs/armeabi-v7a/include  -DHAVE_RES_GETSERVERS   -ffunction-sections -funwind-tables -fstack-protector -no-canonical-prefixes -march=armv7-a -mfpu=vfpv3-d16 -mfloat-abi=softfp -fomit-frame-pointer -fno-strict-aliasing -finline-limit=64 -o CMakeFiles/cmTC_c5f22.dir/src.c.o   -c /home/lee/linphone-android/linphone-android/WORK/android-armv7/Build/bellesip/CMakeFiles/CMakeTmp/src.c
Linking C executable cmTC_c5f22
/home/lee/cmake-3.5.1-Linux-x86_64/bin/cmake -E cmake_link_script CMakeFiles/cmTC_c5f22.dir/link.txt --verbose=1
/home/lee/android-ndk-r10c/toolchains/arm-linux-androideabi-4.8/prebuilt/linux-x86_64/bin/arm-linux-androideabi-gcc  --sysroot=/home/lee/android-ndk-r10c/platforms/android-14/arch-arm  -DHAVE_RES_GETSERVERS    CMakeFiles/cmTC_c5f22.dir/src.c.o  -o cmTC_c5f22 -rdynamic /home/lee/android-ndk-r10c/sources/android/libportable/libs/armeabi-v7a/libportable.a /home/lee/android-ndk-r10c/sources/cxx-stl/gnu-libstdc++/4.8/libs/armeabi-v7a/libgnustl_static.a -llog -march=armv7-a -Wl,--fix-cortex-a8 -no-canonical-prefixes -Wl,--no-undefined -Wl,-z,noexecstack -Wl,-z,relro -Wl,-z,now -lresolv 
/home/lee/android-ndk-r10c/toolchains/arm-linux-androideabi-4.8/prebuilt/linux-x86_64/bin/../lib/gcc/arm-linux-androideabi/4.8/../../../../arm-linux-androideabi/bin/ld: error: cannot find -lresolv
CMakeFiles/cmTC_c5f22.dir/src.c.o:src.c:function main: error: undefined reference to 'res_getservers'
collect2: error: ld returned 1 exit status
make[5]: *** [cmTC_c5f22] Error 1
make[5]: Leaving directory `/home/lee/linphone-android/linphone-android/WORK/android-armv7/Build/bellesip/CMakeFiles/CMakeTmp'
make[4]: *** [cmTC_c5f22/fast] Error 2
make[4]: Leaving directory `/home/lee/linphone-android/linphone-android/WORK/android-armv7/Build/bellesip/CMakeFiles/CMakeTmp'

Source file was:
#include <resolv.h>
int main(int argc, char *argv[]) {
res_getservers(NULL,NULL,0);
return 0;
}
