The target system is: Linux -  - x86
The host system is: Linux - 4.2.0-35-generic - x86_64
Determining if the function dlopen exists in the dl passed with the following output:
Change Dir: /home/lee/linphone-android/linphone-android/WORK/android-x86/Build/bellesip/CMakeFiles/CMakeTmp

Run Build Command:"/usr/bin/make" "cmTC_d2b25/fast"
make[4]: Entering directory `/home/lee/linphone-android/linphone-android/WORK/android-x86/Build/bellesip/CMakeFiles/CMakeTmp'
/usr/bin/make -f CMakeFiles/cmTC_d2b25.dir/build.make CMakeFiles/cmTC_d2b25.dir/build
make[5]: Entering directory `/home/lee/linphone-android/linphone-android/WORK/android-x86/Build/bellesip/CMakeFiles/CMakeTmp'
Building C object CMakeFiles/cmTC_d2b25.dir/CheckFunctionExists.c.o
/home/lee/android-ndk-r10c/toolchains/x86-4.8/prebuilt/linux-x86_64/bin/i686-linux-android-gcc  --sysroot=/home/lee/android-ndk-r10c/platforms/android-14/arch-x86  -isystem /home/lee/android-ndk-r10c/sources/cpufeatures -isystem /home/lee/android-ndk-r10c/sources/cxx-stl/gnu-libstdc++/4.8/include -isystem /home/lee/android-ndk-r10c/sources/cxx-stl/gnu-libstdc++/4.8/libs/x86/include  -DCHECK_FUNCTION_EXISTS=dlopen   -ffunction-sections -funwind-tables -fstack-protector -no-canonical-prefixes -fomit-frame-pointer -fstrict-aliasing -funswitch-loops -finline-limit=300 -o CMakeFiles/cmTC_d2b25.dir/CheckFunctionExists.c.o   -c /home/lee/cmake-3.5.1-Linux-x86_64/share/cmake-3.5/Modules/CheckFunctionExists.c
Linking C executable cmTC_d2b25
/home/lee/cmake-3.5.1-Linux-x86_64/bin/cmake -E cmake_link_script CMakeFiles/cmTC_d2b25.dir/link.txt --verbose=1
/home/lee/android-ndk-r10c/toolchains/x86-4.8/prebuilt/linux-x86_64/bin/i686-linux-android-gcc  --sysroot=/home/lee/android-ndk-r10c/platforms/android-14/arch-x86  -DCHECK_FUNCTION_EXISTS=dlopen    CMakeFiles/cmTC_d2b25.dir/CheckFunctionExists.c.o  -o cmTC_d2b25 -rdynamic /home/lee/android-ndk-r10c/sources/android/libportable/libs/x86/libportable.a /home/lee/android-ndk-r10c/sources/cxx-stl/gnu-libstdc++/4.8/libs/x86/libgnustl_static.a -llog -no-canonical-prefixes -Wl,--no-undefined -Wl,-z,noexecstack -Wl,-z,relro -Wl,-z,now -ldl 
make[5]: Leaving directory `/home/lee/linphone-android/linphone-android/WORK/android-x86/Build/bellesip/CMakeFiles/CMakeTmp'
make[4]: Leaving directory `/home/lee/linphone-android/linphone-android/WORK/android-x86/Build/bellesip/CMakeFiles/CMakeTmp'


Determining if the include file pthread.h exists passed with the following output:
Change Dir: /home/lee/linphone-android/linphone-android/WORK/android-x86/Build/bellesip/CMakeFiles/CMakeTmp

Run Build Command:"/usr/bin/make" "cmTC_6eae3/fast"
make[4]: Entering directory `/home/lee/linphone-android/linphone-android/WORK/android-x86/Build/bellesip/CMakeFiles/CMakeTmp'
/usr/bin/make -f CMakeFiles/cmTC_6eae3.dir/build.make CMakeFiles/cmTC_6eae3.dir/build
make[5]: Entering directory `/home/lee/linphone-android/linphone-android/WORK/android-x86/Build/bellesip/CMakeFiles/CMakeTmp'
Building C object CMakeFiles/cmTC_6eae3.dir/CheckIncludeFile.c.o
/home/lee/android-ndk-r10c/toolchains/x86-4.8/prebuilt/linux-x86_64/bin/i686-linux-android-gcc  --sysroot=/home/lee/android-ndk-r10c/platforms/android-14/arch-x86  -isystem /home/lee/android-ndk-r10c/sources/cpufeatures -isystem /home/lee/android-ndk-r10c/sources/cxx-stl/gnu-libstdc++/4.8/include -isystem /home/lee/android-ndk-r10c/sources/cxx-stl/gnu-libstdc++/4.8/libs/x86/include  -ffunction-sections -funwind-tables -fstack-protector -no-canonical-prefixes -fomit-frame-pointer -fstrict-aliasing -funswitch-loops -finline-limit=300 -o CMakeFiles/cmTC_6eae3.dir/CheckIncludeFile.c.o   -c /home/lee/linphone-android/linphone-android/WORK/android-x86/Build/bellesip/CMakeFiles/CMakeTmp/CheckIncludeFile.c
Linking C executable cmTC_6eae3
/home/lee/cmake-3.5.1-Linux-x86_64/bin/cmake -E cmake_link_script CMakeFiles/cmTC_6eae3.dir/link.txt --verbose=1
/home/lee/android-ndk-r10c/toolchains/x86-4.8/prebuilt/linux-x86_64/bin/i686-linux-android-gcc  --sysroot=/home/lee/android-ndk-r10c/platforms/android-14/arch-x86      CMakeFiles/cmTC_6eae3.dir/CheckIncludeFile.c.o  -o cmTC_6eae3 -rdynamic /home/lee/android-ndk-r10c/sources/android/libportable/libs/x86/libportable.a /home/lee/android-ndk-r10c/sources/cxx-stl/gnu-libstdc++/4.8/libs/x86/libgnustl_static.a -llog -no-canonical-prefixes -Wl,--no-undefined -Wl,-z,noexecstack -Wl,-z,relro -Wl,-z,now 
make[5]: Leaving directory `/home/lee/linphone-android/linphone-android/WORK/android-x86/Build/bellesip/CMakeFiles/CMakeTmp'
make[4]: Leaving directory `/home/lee/linphone-android/linphone-android/WORK/android-x86/Build/bellesip/CMakeFiles/CMakeTmp'


Determining if the pthread_create exist passed with the following output:
Change Dir: /home/lee/linphone-android/linphone-android/WORK/android-x86/Build/bellesip/CMakeFiles/CMakeTmp

Run Build Command:"/usr/bin/make" "cmTC_47569/fast"
make[4]: Entering directory `/home/lee/linphone-android/linphone-android/WORK/android-x86/Build/bellesip/CMakeFiles/CMakeTmp'
/usr/bin/make -f CMakeFiles/cmTC_47569.dir/build.make CMakeFiles/cmTC_47569.dir/build
make[5]: Entering directory `/home/lee/linphone-android/linphone-android/WORK/android-x86/Build/bellesip/CMakeFiles/CMakeTmp'
Building C object CMakeFiles/cmTC_47569.dir/CheckSymbolExists.c.o
/home/lee/android-ndk-r10c/toolchains/x86-4.8/prebuilt/linux-x86_64/bin/i686-linux-android-gcc  --sysroot=/home/lee/android-ndk-r10c/platforms/android-14/arch-x86  -isystem /home/lee/android-ndk-r10c/sources/cpufeatures -isystem /home/lee/android-ndk-r10c/sources/cxx-stl/gnu-libstdc++/4.8/include -isystem /home/lee/android-ndk-r10c/sources/cxx-stl/gnu-libstdc++/4.8/libs/x86/include  -ffunction-sections -funwind-tables -fstack-protector -no-canonical-prefixes -fomit-frame-pointer -fstrict-aliasing -funswitch-loops -finline-limit=300 -o CMakeFiles/cmTC_47569.dir/CheckSymbolExists.c.o   -c /home/lee/linphone-android/linphone-android/WORK/android-x86/Build/bellesip/CMakeFiles/CMakeTmp/CheckSymbolExists.c
Linking C executable cmTC_47569
/home/lee/cmake-3.5.1-Linux-x86_64/bin/cmake -E cmake_link_script CMakeFiles/cmTC_47569.dir/link.txt --verbose=1
/home/lee/android-ndk-r10c/toolchains/x86-4.8/prebuilt/linux-x86_64/bin/i686-linux-android-gcc  --sysroot=/home/lee/android-ndk-r10c/platforms/android-14/arch-x86      CMakeFiles/cmTC_47569.dir/CheckSymbolExists.c.o  -o cmTC_47569 -rdynamic /home/lee/android-ndk-r10c/sources/android/libportable/libs/x86/libportable.a /home/lee/android-ndk-r10c/sources/cxx-stl/gnu-libstdc++/4.8/libs/x86/libgnustl_static.a -llog -no-canonical-prefixes -Wl,--no-undefined -Wl,-z,noexecstack -Wl,-z,relro -Wl,-z,now 
make[5]: Leaving directory `/home/lee/linphone-android/linphone-android/WORK/android-x86/Build/bellesip/CMakeFiles/CMakeTmp'
make[4]: Leaving directory `/home/lee/linphone-android/linphone-android/WORK/android-x86/Build/bellesip/CMakeFiles/CMakeTmp'

File /home/lee/linphone-android/linphone-android/WORK/android-x86/Build/bellesip/CMakeFiles/CMakeTmp/CheckSymbolExists.c:
/* */
#include <pthread.h>

int main(int argc, char** argv)
{
  (void)argv;
#ifndef pthread_create
  return ((int*)(&pthread_create))[argc];
#else
  (void)argc;
  return 0;
#endif
}

Determining if the antlr3StringStreamNew exist passed with the following output:
Change Dir: /home/lee/linphone-android/linphone-android/WORK/android-x86/Build/bellesip/CMakeFiles/CMakeTmp

Run Build Command:"/usr/bin/make" "cmTC_a1274/fast"
make[4]: Entering directory `/home/lee/linphone-android/linphone-android/WORK/android-x86/Build/bellesip/CMakeFiles/CMakeTmp'
/usr/bin/make -f CMakeFiles/cmTC_a1274.dir/build.make CMakeFiles/cmTC_a1274.dir/build
make[5]: Entering directory `/home/lee/linphone-android/linphone-android/WORK/android-x86/Build/bellesip/CMakeFiles/CMakeTmp'
Building C object CMakeFiles/cmTC_a1274.dir/CheckSymbolExists.c.o
/home/lee/android-ndk-r10c/toolchains/x86-4.8/prebuilt/linux-x86_64/bin/i686-linux-android-gcc  --sysroot=/home/lee/android-ndk-r10c/platforms/android-14/arch-x86  -isystem /home/lee/android-ndk-r10c/sources/cpufeatures -isystem /home/lee/android-ndk-r10c/sources/cxx-stl/gnu-libstdc++/4.8/include -isystem /home/lee/android-ndk-r10c/sources/cxx-stl/gnu-libstdc++/4.8/libs/x86/include -I/home/lee/linphone-android/linphone-android/liblinphone-sdk/android-x86/include  -ffunction-sections -funwind-tables -fstack-protector -no-canonical-prefixes -fomit-frame-pointer -fstrict-aliasing -funswitch-loops -finline-limit=300 -o CMakeFiles/cmTC_a1274.dir/CheckSymbolExists.c.o   -c /home/lee/linphone-android/linphone-android/WORK/android-x86/Build/bellesip/CMakeFiles/CMakeTmp/CheckSymbolExists.c
Linking C executable cmTC_a1274
/home/lee/cmake-3.5.1-Linux-x86_64/bin/cmake -E cmake_link_script CMakeFiles/cmTC_a1274.dir/link.txt --verbose=1
/home/lee/android-ndk-r10c/toolchains/x86-4.8/prebuilt/linux-x86_64/bin/i686-linux-android-gcc  --sysroot=/home/lee/android-ndk-r10c/platforms/android-14/arch-x86      CMakeFiles/cmTC_a1274.dir/CheckSymbolExists.c.o  -o cmTC_a1274 -rdynamic /home/lee/android-ndk-r10c/sources/android/libportable/libs/x86/libportable.a /home/lee/android-ndk-r10c/sources/cxx-stl/gnu-libstdc++/4.8/libs/x86/libgnustl_static.a -llog -no-canonical-prefixes -Wl,--no-undefined -Wl,-z,noexecstack -Wl,-z,relro -Wl,-z,now /home/lee/linphone-android/linphone-android/liblinphone-sdk/android-x86/lib/libantlr3c.a 
make[5]: Leaving directory `/home/lee/linphone-android/linphone-android/WORK/android-x86/Build/bellesip/CMakeFiles/CMakeTmp'
make[4]: Leaving directory `/home/lee/linphone-android/linphone-android/WORK/android-x86/Build/bellesip/CMakeFiles/CMakeTmp'

File /home/lee/linphone-android/linphone-android/WORK/android-x86/Build/bellesip/CMakeFiles/CMakeTmp/CheckSymbolExists.c:
/* */
#include <antlr3.h>

int main(int argc, char** argv)
{
  (void)argv;
#ifndef antlr3StringStreamNew
  return ((int*)(&antlr3StringStreamNew))[argc];
#else
  (void)argc;
  return 0;
#endif
}

