Determining if the function clock_gettime exists in the rt failed with the following output:
Change Dir: /home/lee/linphone-android/linphone-android/WORK/android-x86/Build/bellesip/CMakeFiles/CMakeTmp

Run Build Command:"/usr/bin/make" "cmTC_3985b/fast"
make[4]: Entering directory `/home/lee/linphone-android/linphone-android/WORK/android-x86/Build/bellesip/CMakeFiles/CMakeTmp'
/usr/bin/make -f CMakeFiles/cmTC_3985b.dir/build.make CMakeFiles/cmTC_3985b.dir/build
make[5]: Entering directory `/home/lee/linphone-android/linphone-android/WORK/android-x86/Build/bellesip/CMakeFiles/CMakeTmp'
Building C object CMakeFiles/cmTC_3985b.dir/CheckFunctionExists.c.o
/home/lee/android-ndk-r10c/toolchains/x86-4.8/prebuilt/linux-x86_64/bin/i686-linux-android-gcc  --sysroot=/home/lee/android-ndk-r10c/platforms/android-14/arch-x86  -isystem /home/lee/android-ndk-r10c/sources/cpufeatures -isystem /home/lee/android-ndk-r10c/sources/cxx-stl/gnu-libstdc++/4.8/include -isystem /home/lee/android-ndk-r10c/sources/cxx-stl/gnu-libstdc++/4.8/libs/x86/include  -DCHECK_FUNCTION_EXISTS=clock_gettime   -ffunction-sections -funwind-tables -fstack-protector -no-canonical-prefixes -fomit-frame-pointer -fstrict-aliasing -funswitch-loops -finline-limit=300 -o CMakeFiles/cmTC_3985b.dir/CheckFunctionExists.c.o   -c /home/lee/cmake-3.5.1-Linux-x86_64/share/cmake-3.5/Modules/CheckFunctionExists.c
Linking C executable cmTC_3985b
/home/lee/cmake-3.5.1-Linux-x86_64/bin/cmake -E cmake_link_script CMakeFiles/cmTC_3985b.dir/link.txt --verbose=1
/home/lee/android-ndk-r10c/toolchains/x86-4.8/prebuilt/linux-x86_64/bin/i686-linux-android-gcc  --sysroot=/home/lee/android-ndk-r10c/platforms/android-14/arch-x86  -DCHECK_FUNCTION_EXISTS=clock_gettime    CMakeFiles/cmTC_3985b.dir/CheckFunctionExists.c.o  -o cmTC_3985b -rdynamic /home/lee/android-ndk-r10c/sources/android/libportable/libs/x86/libportable.a /home/lee/android-ndk-r10c/sources/cxx-stl/gnu-libstdc++/4.8/libs/x86/libgnustl_static.a -llog -no-canonical-prefixes -Wl,--no-undefined -Wl,-z,noexecstack -Wl,-z,relro -Wl,-z,now -lrt 
/home/lee/android-ndk-r10c/toolchains/x86-4.8/prebuilt/linux-x86_64/bin/../lib/gcc/i686-linux-android/4.8/../../../../i686-linux-android/bin/ld: error: cannot find -lrt
collect2: error: ld returned 1 exit status
make[5]: *** [cmTC_3985b] Error 1
make[5]: Leaving directory `/home/lee/linphone-android/linphone-android/WORK/android-x86/Build/bellesip/CMakeFiles/CMakeTmp'
make[4]: *** [cmTC_3985b/fast] Error 2
make[4]: Leaving directory `/home/lee/linphone-android/linphone-android/WORK/android-x86/Build/bellesip/CMakeFiles/CMakeTmp'


Determining if the res_ndestroy exist failed with the following output:
Change Dir: /home/lee/linphone-android/linphone-android/WORK/android-x86/Build/bellesip/CMakeFiles/CMakeTmp

Run Build Command:"/usr/bin/make" "cmTC_17bcc/fast"
make[4]: Entering directory `/home/lee/linphone-android/linphone-android/WORK/android-x86/Build/bellesip/CMakeFiles/CMakeTmp'
/usr/bin/make -f CMakeFiles/cmTC_17bcc.dir/build.make CMakeFiles/cmTC_17bcc.dir/build
make[5]: Entering directory `/home/lee/linphone-android/linphone-android/WORK/android-x86/Build/bellesip/CMakeFiles/CMakeTmp'
Building C object CMakeFiles/cmTC_17bcc.dir/CheckSymbolExists.c.o
/home/lee/android-ndk-r10c/toolchains/x86-4.8/prebuilt/linux-x86_64/bin/i686-linux-android-gcc  --sysroot=/home/lee/android-ndk-r10c/platforms/android-14/arch-x86  -isystem /home/lee/android-ndk-r10c/sources/cpufeatures -isystem /home/lee/android-ndk-r10c/sources/cxx-stl/gnu-libstdc++/4.8/include -isystem /home/lee/android-ndk-r10c/sources/cxx-stl/gnu-libstdc++/4.8/libs/x86/include  -ffunction-sections -funwind-tables -fstack-protector -no-canonical-prefixes -fomit-frame-pointer -fstrict-aliasing -funswitch-loops -finline-limit=300 -o CMakeFiles/cmTC_17bcc.dir/CheckSymbolExists.c.o   -c /home/lee/linphone-android/linphone-android/WORK/android-x86/Build/bellesip/CMakeFiles/CMakeTmp/CheckSymbolExists.c
/home/lee/linphone-android/linphone-android/WORK/android-x86/Build/bellesip/CMakeFiles/CMakeTmp/CheckSymbolExists.c: In function 'main':
/home/lee/linphone-android/linphone-android/WORK/android-x86/Build/bellesip/CMakeFiles/CMakeTmp/CheckSymbolExists.c:8:19: error: 'res_ndestroy' undeclared (first use in this function)
   return ((int*)(&res_ndestroy))[argc];
                   ^
/home/lee/linphone-android/linphone-android/WORK/android-x86/Build/bellesip/CMakeFiles/CMakeTmp/CheckSymbolExists.c:8:19: note: each undeclared identifier is reported only once for each function it appears in
make[5]: *** [CMakeFiles/cmTC_17bcc.dir/CheckSymbolExists.c.o] Error 1
make[5]: Leaving directory `/home/lee/linphone-android/linphone-android/WORK/android-x86/Build/bellesip/CMakeFiles/CMakeTmp'
make[4]: *** [cmTC_17bcc/fast] Error 2
make[4]: Leaving directory `/home/lee/linphone-android/linphone-android/WORK/android-x86/Build/bellesip/CMakeFiles/CMakeTmp'

File /home/lee/linphone-android/linphone-android/WORK/android-x86/Build/bellesip/CMakeFiles/CMakeTmp/CheckSymbolExists.c:
/* */
#include <resolv.h>

int main(int argc, char** argv)
{
  (void)argv;
#ifndef res_ndestroy
  return ((int*)(&res_ndestroy))[argc];
#else
  (void)argc;
  return 0;
#endif
}

Performing C SOURCE FILE Test HAVE_RES_GETSERVERS failed with the following output:
Change Dir: /home/lee/linphone-android/linphone-android/WORK/android-x86/Build/bellesip/CMakeFiles/CMakeTmp

Run Build Command:"/usr/bin/make" "cmTC_bf872/fast"
make[4]: Entering directory `/home/lee/linphone-android/linphone-android/WORK/android-x86/Build/bellesip/CMakeFiles/CMakeTmp'
/usr/bin/make -f CMakeFiles/cmTC_bf872.dir/build.make CMakeFiles/cmTC_bf872.dir/build
make[5]: Entering directory `/home/lee/linphone-android/linphone-android/WORK/android-x86/Build/bellesip/CMakeFiles/CMakeTmp'
Building C object CMakeFiles/cmTC_bf872.dir/src.c.o
/home/lee/android-ndk-r10c/toolchains/x86-4.8/prebuilt/linux-x86_64/bin/i686-linux-android-gcc  --sysroot=/home/lee/android-ndk-r10c/platforms/android-14/arch-x86  -isystem /home/lee/android-ndk-r10c/sources/cpufeatures -isystem /home/lee/android-ndk-r10c/sources/cxx-stl/gnu-libstdc++/4.8/include -isystem /home/lee/android-ndk-r10c/sources/cxx-stl/gnu-libstdc++/4.8/libs/x86/include  -DHAVE_RES_GETSERVERS   -ffunction-sections -funwind-tables -fstack-protector -no-canonical-prefixes -fomit-frame-pointer -fstrict-aliasing -funswitch-loops -finline-limit=300 -o CMakeFiles/cmTC_bf872.dir/src.c.o   -c /home/lee/linphone-android/linphone-android/WORK/android-x86/Build/bellesip/CMakeFiles/CMakeTmp/src.c
Linking C executable cmTC_bf872
/home/lee/cmake-3.5.1-Linux-x86_64/bin/cmake -E cmake_link_script CMakeFiles/cmTC_bf872.dir/link.txt --verbose=1
/home/lee/android-ndk-r10c/toolchains/x86-4.8/prebuilt/linux-x86_64/bin/i686-linux-android-gcc  --sysroot=/home/lee/android-ndk-r10c/platforms/android-14/arch-x86  -DHAVE_RES_GETSERVERS    CMakeFiles/cmTC_bf872.dir/src.c.o  -o cmTC_bf872 -rdynamic /home/lee/android-ndk-r10c/sources/android/libportable/libs/x86/libportable.a /home/lee/android-ndk-r10c/sources/cxx-stl/gnu-libstdc++/4.8/libs/x86/libgnustl_static.a -llog -no-canonical-prefixes -Wl,--no-undefined -Wl,-z,noexecstack -Wl,-z,relro -Wl,-z,now -lresolv 
/home/lee/android-ndk-r10c/toolchains/x86-4.8/prebuilt/linux-x86_64/bin/../lib/gcc/i686-linux-android/4.8/../../../../i686-linux-android/bin/ld: error: cannot find -lresolv
CMakeFiles/cmTC_bf872.dir/src.c.o:src.c:function main: error: undefined reference to 'res_getservers'
collect2: error: ld returned 1 exit status
make[5]: *** [cmTC_bf872] Error 1
make[5]: Leaving directory `/home/lee/linphone-android/linphone-android/WORK/android-x86/Build/bellesip/CMakeFiles/CMakeTmp'
make[4]: *** [cmTC_bf872/fast] Error 2
make[4]: Leaving directory `/home/lee/linphone-android/linphone-android/WORK/android-x86/Build/bellesip/CMakeFiles/CMakeTmp'

Source file was:
#include <resolv.h>
int main(int argc, char *argv[]) {
res_getservers(NULL,NULL,0);
return 0;
}
