Determining if files libudev.h exist failed with the following output:
Change Dir: /home/lee/linphone-android/linphone-android/WORK/android-armv7/Build/belcard/CMakeFiles/CMakeTmp

Run Build Command:"/usr/bin/make" "cmTC_849ef/fast"
make[4]: Entering directory `/home/lee/linphone-android/linphone-android/WORK/android-armv7/Build/belcard/CMakeFiles/CMakeTmp'
/usr/bin/make -f CMakeFiles/cmTC_849ef.dir/build.make CMakeFiles/cmTC_849ef.dir/build
make[5]: Entering directory `/home/lee/linphone-android/linphone-android/WORK/android-armv7/Build/belcard/CMakeFiles/CMakeTmp'
Building C object CMakeFiles/cmTC_849ef.dir/CheckIncludeFiles.c.o
/home/lee/android-ndk-r10c/toolchains/arm-linux-androideabi-4.8/prebuilt/linux-x86_64/bin/arm-linux-androideabi-gcc  --sysroot=/home/lee/android-ndk-r10c/platforms/android-14/arch-arm  -isystem /home/lee/android-ndk-r10c/sources/cpufeatures -isystem /home/lee/android-ndk-r10c/sources/cxx-stl/gnu-libstdc++/4.8/include -isystem /home/lee/android-ndk-r10c/sources/cxx-stl/gnu-libstdc++/4.8/libs/armeabi-v7a/include  -ffunction-sections -funwind-tables -fstack-protector -no-canonical-prefixes -march=armv7-a -mfpu=vfpv3-d16 -mfloat-abi=softfp -fomit-frame-pointer -fno-strict-aliasing -finline-limit=64 -o CMakeFiles/cmTC_849ef.dir/CheckIncludeFiles.c.o   -c /home/lee/linphone-android/linphone-android/WORK/android-armv7/Build/belcard/CMakeFiles/CMakeTmp/CheckIncludeFiles.c
/home/lee/linphone-android/linphone-android/WORK/android-armv7/Build/belcard/CMakeFiles/CMakeTmp/CheckIncludeFiles.c:2:21: fatal error: libudev.h: No such file or directory
 #include <libudev.h>
                     ^
compilation terminated.
make[5]: *** [CMakeFiles/cmTC_849ef.dir/CheckIncludeFiles.c.o] Error 1
make[5]: Leaving directory `/home/lee/linphone-android/linphone-android/WORK/android-armv7/Build/belcard/CMakeFiles/CMakeTmp'
make[4]: *** [cmTC_849ef/fast] Error 2
make[4]: Leaving directory `/home/lee/linphone-android/linphone-android/WORK/android-armv7/Build/belcard/CMakeFiles/CMakeTmp'

Source:
/* */
#include <libudev.h>


int main(void){return 0;}

