Determining if the CU_curses_run_tests exist failed with the following output:
Change Dir: /home/lee/linphone-android/linphone-android/WORK/android-x86/Build/bctoolbox/CMakeFiles/CMakeTmp

Run Build Command:"/usr/bin/make" "cmTC_9f1e2/fast"
make[4]: Entering directory `/home/lee/linphone-android/linphone-android/WORK/android-x86/Build/bctoolbox/CMakeFiles/CMakeTmp'
/usr/bin/make -f CMakeFiles/cmTC_9f1e2.dir/build.make CMakeFiles/cmTC_9f1e2.dir/build
make[5]: Entering directory `/home/lee/linphone-android/linphone-android/WORK/android-x86/Build/bctoolbox/CMakeFiles/CMakeTmp'
Building C object CMakeFiles/cmTC_9f1e2.dir/CheckSymbolExists.c.o
/home/lee/android-ndk-r10c/toolchains/x86-4.8/prebuilt/linux-x86_64/bin/i686-linux-android-gcc  --sysroot=/home/lee/android-ndk-r10c/platforms/android-14/arch-x86  -isystem /home/lee/android-ndk-r10c/sources/cpufeatures -isystem /home/lee/android-ndk-r10c/sources/cxx-stl/gnu-libstdc++/4.8/include -isystem /home/lee/android-ndk-r10c/sources/cxx-stl/gnu-libstdc++/4.8/libs/x86/include -I/home/lee/linphone-android/linphone-android/liblinphone-sdk/android-x86/include  -ffunction-sections -funwind-tables -fstack-protector -no-canonical-prefixes -fomit-frame-pointer -fstrict-aliasing -funswitch-loops -finline-limit=300 -o CMakeFiles/cmTC_9f1e2.dir/CheckSymbolExists.c.o   -c /home/lee/linphone-android/linphone-android/WORK/android-x86/Build/bctoolbox/CMakeFiles/CMakeTmp/CheckSymbolExists.c
/home/lee/linphone-android/linphone-android/WORK/android-x86/Build/bctoolbox/CMakeFiles/CMakeTmp/CheckSymbolExists.c: In function 'main':
/home/lee/linphone-android/linphone-android/WORK/android-x86/Build/bctoolbox/CMakeFiles/CMakeTmp/CheckSymbolExists.c:8:19: error: 'CU_curses_run_tests' undeclared (first use in this function)
   return ((int*)(&CU_curses_run_tests))[argc];
                   ^
/home/lee/linphone-android/linphone-android/WORK/android-x86/Build/bctoolbox/CMakeFiles/CMakeTmp/CheckSymbolExists.c:8:19: note: each undeclared identifier is reported only once for each function it appears in
make[5]: *** [CMakeFiles/cmTC_9f1e2.dir/CheckSymbolExists.c.o] Error 1
make[5]: Leaving directory `/home/lee/linphone-android/linphone-android/WORK/android-x86/Build/bctoolbox/CMakeFiles/CMakeTmp'
make[4]: *** [cmTC_9f1e2/fast] Error 2
make[4]: Leaving directory `/home/lee/linphone-android/linphone-android/WORK/android-x86/Build/bctoolbox/CMakeFiles/CMakeTmp'

File /home/lee/linphone-android/linphone-android/WORK/android-x86/Build/bctoolbox/CMakeFiles/CMakeTmp/CheckSymbolExists.c:
/* */
#include <CUnit/CUnit.h>

int main(int argc, char** argv)
{
  (void)argv;
#ifndef CU_curses_run_tests
  return ((int*)(&CU_curses_run_tests))[argc];
#else
  (void)argc;
  return 0;
#endif
}

Determining if the function clock_gettime exists in the rt failed with the following output:
Change Dir: /home/lee/linphone-android/linphone-android/WORK/android-x86/Build/bctoolbox/CMakeFiles/CMakeTmp

Run Build Command:"/usr/bin/make" "cmTC_ec22f/fast"
make[4]: Entering directory `/home/lee/linphone-android/linphone-android/WORK/android-x86/Build/bctoolbox/CMakeFiles/CMakeTmp'
/usr/bin/make -f CMakeFiles/cmTC_ec22f.dir/build.make CMakeFiles/cmTC_ec22f.dir/build
make[5]: Entering directory `/home/lee/linphone-android/linphone-android/WORK/android-x86/Build/bctoolbox/CMakeFiles/CMakeTmp'
Building C object CMakeFiles/cmTC_ec22f.dir/CheckFunctionExists.c.o
/home/lee/android-ndk-r10c/toolchains/x86-4.8/prebuilt/linux-x86_64/bin/i686-linux-android-gcc  --sysroot=/home/lee/android-ndk-r10c/platforms/android-14/arch-x86  -isystem /home/lee/android-ndk-r10c/sources/cpufeatures -isystem /home/lee/android-ndk-r10c/sources/cxx-stl/gnu-libstdc++/4.8/include -isystem /home/lee/android-ndk-r10c/sources/cxx-stl/gnu-libstdc++/4.8/libs/x86/include  -DCHECK_FUNCTION_EXISTS=clock_gettime   -ffunction-sections -funwind-tables -fstack-protector -no-canonical-prefixes -fomit-frame-pointer -fstrict-aliasing -funswitch-loops -finline-limit=300 -o CMakeFiles/cmTC_ec22f.dir/CheckFunctionExists.c.o   -c /home/lee/cmake-3.5.1-Linux-x86_64/share/cmake-3.5/Modules/CheckFunctionExists.c
Linking C executable cmTC_ec22f
/home/lee/cmake-3.5.1-Linux-x86_64/bin/cmake -E cmake_link_script CMakeFiles/cmTC_ec22f.dir/link.txt --verbose=1
/home/lee/android-ndk-r10c/toolchains/x86-4.8/prebuilt/linux-x86_64/bin/i686-linux-android-gcc  --sysroot=/home/lee/android-ndk-r10c/platforms/android-14/arch-x86  -DCHECK_FUNCTION_EXISTS=clock_gettime    CMakeFiles/cmTC_ec22f.dir/CheckFunctionExists.c.o  -o cmTC_ec22f -rdynamic /home/lee/android-ndk-r10c/sources/android/libportable/libs/x86/libportable.a /home/lee/android-ndk-r10c/sources/cxx-stl/gnu-libstdc++/4.8/libs/x86/libgnustl_static.a -llog -no-canonical-prefixes -Wl,--no-undefined -Wl,-z,noexecstack -Wl,-z,relro -Wl,-z,now -lrt 
/home/lee/android-ndk-r10c/toolchains/x86-4.8/prebuilt/linux-x86_64/bin/../lib/gcc/i686-linux-android/4.8/../../../../i686-linux-android/bin/ld: error: cannot find -lrt
collect2: error: ld returned 1 exit status
make[5]: *** [cmTC_ec22f] Error 1
make[5]: Leaving directory `/home/lee/linphone-android/linphone-android/WORK/android-x86/Build/bctoolbox/CMakeFiles/CMakeTmp'
make[4]: *** [cmTC_ec22f/fast] Error 2
make[4]: Leaving directory `/home/lee/linphone-android/linphone-android/WORK/android-x86/Build/bctoolbox/CMakeFiles/CMakeTmp'


