The target system is: Linux -  - x86
The host system is: Linux - 4.2.0-35-generic - x86_64
Determining if the mbedtls_ssl_init exist passed with the following output:
Change Dir: /home/lee/linphone-android/linphone-android/WORK/android-x86/Build/bctoolbox/CMakeFiles/CMakeTmp

Run Build Command:"/usr/bin/make" "cmTC_20560/fast"
make[4]: Entering directory `/home/lee/linphone-android/linphone-android/WORK/android-x86/Build/bctoolbox/CMakeFiles/CMakeTmp'
/usr/bin/make -f CMakeFiles/cmTC_20560.dir/build.make CMakeFiles/cmTC_20560.dir/build
make[5]: Entering directory `/home/lee/linphone-android/linphone-android/WORK/android-x86/Build/bctoolbox/CMakeFiles/CMakeTmp'
Building C object CMakeFiles/cmTC_20560.dir/CheckSymbolExists.c.o
/home/lee/android-ndk-r10c/toolchains/x86-4.8/prebuilt/linux-x86_64/bin/i686-linux-android-gcc  --sysroot=/home/lee/android-ndk-r10c/platforms/android-14/arch-x86  -isystem /home/lee/android-ndk-r10c/sources/cpufeatures -isystem /home/lee/android-ndk-r10c/sources/cxx-stl/gnu-libstdc++/4.8/include -isystem /home/lee/android-ndk-r10c/sources/cxx-stl/gnu-libstdc++/4.8/libs/x86/include -I/home/lee/linphone-android/linphone-android/liblinphone-sdk/android-x86/include  -ffunction-sections -funwind-tables -fstack-protector -no-canonical-prefixes -fomit-frame-pointer -fstrict-aliasing -funswitch-loops -finline-limit=300 -o CMakeFiles/cmTC_20560.dir/CheckSymbolExists.c.o   -c /home/lee/linphone-android/linphone-android/WORK/android-x86/Build/bctoolbox/CMakeFiles/CMakeTmp/CheckSymbolExists.c
Linking C executable cmTC_20560
/home/lee/cmake-3.5.1-Linux-x86_64/bin/cmake -E cmake_link_script CMakeFiles/cmTC_20560.dir/link.txt --verbose=1
/home/lee/android-ndk-r10c/toolchains/x86-4.8/prebuilt/linux-x86_64/bin/i686-linux-android-gcc  --sysroot=/home/lee/android-ndk-r10c/platforms/android-14/arch-x86      CMakeFiles/cmTC_20560.dir/CheckSymbolExists.c.o  -o cmTC_20560 -rdynamic /home/lee/android-ndk-r10c/sources/android/libportable/libs/x86/libportable.a /home/lee/android-ndk-r10c/sources/cxx-stl/gnu-libstdc++/4.8/libs/x86/libgnustl_static.a -llog -no-canonical-prefixes -Wl,--no-undefined -Wl,-z,noexecstack -Wl,-z,relro -Wl,-z,now /home/lee/linphone-android/linphone-android/liblinphone-sdk/android-x86/lib/libmbedtls.a /home/lee/linphone-android/linphone-android/liblinphone-sdk/android-x86/lib/libmbedx509.a /home/lee/linphone-android/linphone-android/liblinphone-sdk/android-x86/lib/libmbedcrypto.a 
make[5]: Leaving directory `/home/lee/linphone-android/linphone-android/WORK/android-x86/Build/bctoolbox/CMakeFiles/CMakeTmp'
make[4]: Leaving directory `/home/lee/linphone-android/linphone-android/WORK/android-x86/Build/bctoolbox/CMakeFiles/CMakeTmp'

File /home/lee/linphone-android/linphone-android/WORK/android-x86/Build/bctoolbox/CMakeFiles/CMakeTmp/CheckSymbolExists.c:
/* */
#include <mbedtls/ssl.h>

int main(int argc, char** argv)
{
  (void)argv;
#ifndef mbedtls_ssl_init
  return ((int*)(&mbedtls_ssl_init))[argc];
#else
  (void)argc;
  return 0;
#endif
}

Determining if the mbedtls_ssl_get_dtls_srtp_protection_profile exist passed with the following output:
Change Dir: /home/lee/linphone-android/linphone-android/WORK/android-x86/Build/bctoolbox/CMakeFiles/CMakeTmp

Run Build Command:"/usr/bin/make" "cmTC_71887/fast"
make[4]: Entering directory `/home/lee/linphone-android/linphone-android/WORK/android-x86/Build/bctoolbox/CMakeFiles/CMakeTmp'
/usr/bin/make -f CMakeFiles/cmTC_71887.dir/build.make CMakeFiles/cmTC_71887.dir/build
make[5]: Entering directory `/home/lee/linphone-android/linphone-android/WORK/android-x86/Build/bctoolbox/CMakeFiles/CMakeTmp'
Building C object CMakeFiles/cmTC_71887.dir/CheckSymbolExists.c.o
/home/lee/android-ndk-r10c/toolchains/x86-4.8/prebuilt/linux-x86_64/bin/i686-linux-android-gcc  --sysroot=/home/lee/android-ndk-r10c/platforms/android-14/arch-x86  -isystem /home/lee/android-ndk-r10c/sources/cpufeatures -isystem /home/lee/android-ndk-r10c/sources/cxx-stl/gnu-libstdc++/4.8/include -isystem /home/lee/android-ndk-r10c/sources/cxx-stl/gnu-libstdc++/4.8/libs/x86/include -I/home/lee/linphone-android/linphone-android/liblinphone-sdk/android-x86/include  -ffunction-sections -funwind-tables -fstack-protector -no-canonical-prefixes -fomit-frame-pointer -fstrict-aliasing -funswitch-loops -finline-limit=300 -o CMakeFiles/cmTC_71887.dir/CheckSymbolExists.c.o   -c /home/lee/linphone-android/linphone-android/WORK/android-x86/Build/bctoolbox/CMakeFiles/CMakeTmp/CheckSymbolExists.c
Linking C executable cmTC_71887
/home/lee/cmake-3.5.1-Linux-x86_64/bin/cmake -E cmake_link_script CMakeFiles/cmTC_71887.dir/link.txt --verbose=1
/home/lee/android-ndk-r10c/toolchains/x86-4.8/prebuilt/linux-x86_64/bin/i686-linux-android-gcc  --sysroot=/home/lee/android-ndk-r10c/platforms/android-14/arch-x86      CMakeFiles/cmTC_71887.dir/CheckSymbolExists.c.o  -o cmTC_71887 -rdynamic /home/lee/android-ndk-r10c/sources/android/libportable/libs/x86/libportable.a /home/lee/android-ndk-r10c/sources/cxx-stl/gnu-libstdc++/4.8/libs/x86/libgnustl_static.a -llog -no-canonical-prefixes -Wl,--no-undefined -Wl,-z,noexecstack -Wl,-z,relro -Wl,-z,now /home/lee/linphone-android/linphone-android/liblinphone-sdk/android-x86/lib/libmbedtls.a /home/lee/linphone-android/linphone-android/liblinphone-sdk/android-x86/lib/libmbedx509.a /home/lee/linphone-android/linphone-android/liblinphone-sdk/android-x86/lib/libmbedcrypto.a 
make[5]: Leaving directory `/home/lee/linphone-android/linphone-android/WORK/android-x86/Build/bctoolbox/CMakeFiles/CMakeTmp'
make[4]: Leaving directory `/home/lee/linphone-android/linphone-android/WORK/android-x86/Build/bctoolbox/CMakeFiles/CMakeTmp'

File /home/lee/linphone-android/linphone-android/WORK/android-x86/Build/bctoolbox/CMakeFiles/CMakeTmp/CheckSymbolExists.c:
/* */
#include <mbedtls/ssl.h>

int main(int argc, char** argv)
{
  (void)argv;
#ifndef mbedtls_ssl_get_dtls_srtp_protection_profile
  return ((int*)(&mbedtls_ssl_get_dtls_srtp_protection_profile))[argc];
#else
  (void)argc;
  return 0;
#endif
}

Determining if the CU_get_suite exist passed with the following output:
Change Dir: /home/lee/linphone-android/linphone-android/WORK/android-x86/Build/bctoolbox/CMakeFiles/CMakeTmp

Run Build Command:"/usr/bin/make" "cmTC_43dbd/fast"
make[4]: Entering directory `/home/lee/linphone-android/linphone-android/WORK/android-x86/Build/bctoolbox/CMakeFiles/CMakeTmp'
/usr/bin/make -f CMakeFiles/cmTC_43dbd.dir/build.make CMakeFiles/cmTC_43dbd.dir/build
make[5]: Entering directory `/home/lee/linphone-android/linphone-android/WORK/android-x86/Build/bctoolbox/CMakeFiles/CMakeTmp'
Building C object CMakeFiles/cmTC_43dbd.dir/CheckSymbolExists.c.o
/home/lee/android-ndk-r10c/toolchains/x86-4.8/prebuilt/linux-x86_64/bin/i686-linux-android-gcc  --sysroot=/home/lee/android-ndk-r10c/platforms/android-14/arch-x86  -isystem /home/lee/android-ndk-r10c/sources/cpufeatures -isystem /home/lee/android-ndk-r10c/sources/cxx-stl/gnu-libstdc++/4.8/include -isystem /home/lee/android-ndk-r10c/sources/cxx-stl/gnu-libstdc++/4.8/libs/x86/include -I/home/lee/linphone-android/linphone-android/liblinphone-sdk/android-x86/include  -ffunction-sections -funwind-tables -fstack-protector -no-canonical-prefixes -fomit-frame-pointer -fstrict-aliasing -funswitch-loops -finline-limit=300 -o CMakeFiles/cmTC_43dbd.dir/CheckSymbolExists.c.o   -c /home/lee/linphone-android/linphone-android/WORK/android-x86/Build/bctoolbox/CMakeFiles/CMakeTmp/CheckSymbolExists.c
Linking C executable cmTC_43dbd
/home/lee/cmake-3.5.1-Linux-x86_64/bin/cmake -E cmake_link_script CMakeFiles/cmTC_43dbd.dir/link.txt --verbose=1
/home/lee/android-ndk-r10c/toolchains/x86-4.8/prebuilt/linux-x86_64/bin/i686-linux-android-gcc  --sysroot=/home/lee/android-ndk-r10c/platforms/android-14/arch-x86      CMakeFiles/cmTC_43dbd.dir/CheckSymbolExists.c.o  -o cmTC_43dbd -rdynamic /home/lee/android-ndk-r10c/sources/android/libportable/libs/x86/libportable.a /home/lee/android-ndk-r10c/sources/cxx-stl/gnu-libstdc++/4.8/libs/x86/libgnustl_static.a -llog -no-canonical-prefixes -Wl,--no-undefined -Wl,-z,noexecstack -Wl,-z,relro -Wl,-z,now /home/lee/linphone-android/linphone-android/liblinphone-sdk/android-x86/lib/libcunit.a 
make[5]: Leaving directory `/home/lee/linphone-android/linphone-android/WORK/android-x86/Build/bctoolbox/CMakeFiles/CMakeTmp'
make[4]: Leaving directory `/home/lee/linphone-android/linphone-android/WORK/android-x86/Build/bctoolbox/CMakeFiles/CMakeTmp'

File /home/lee/linphone-android/linphone-android/WORK/android-x86/Build/bctoolbox/CMakeFiles/CMakeTmp/CheckSymbolExists.c:
/* */
#include <CUnit/CUnit.h>

int main(int argc, char** argv)
{
  (void)argv;
#ifndef CU_get_suite
  return ((int*)(&CU_get_suite))[argc];
#else
  (void)argc;
  return 0;
#endif
}

Determining if the CU_set_trace_handler exist passed with the following output:
Change Dir: /home/lee/linphone-android/linphone-android/WORK/android-x86/Build/bctoolbox/CMakeFiles/CMakeTmp

Run Build Command:"/usr/bin/make" "cmTC_a1087/fast"
make[4]: Entering directory `/home/lee/linphone-android/linphone-android/WORK/android-x86/Build/bctoolbox/CMakeFiles/CMakeTmp'
/usr/bin/make -f CMakeFiles/cmTC_a1087.dir/build.make CMakeFiles/cmTC_a1087.dir/build
make[5]: Entering directory `/home/lee/linphone-android/linphone-android/WORK/android-x86/Build/bctoolbox/CMakeFiles/CMakeTmp'
Building C object CMakeFiles/cmTC_a1087.dir/CheckSymbolExists.c.o
/home/lee/android-ndk-r10c/toolchains/x86-4.8/prebuilt/linux-x86_64/bin/i686-linux-android-gcc  --sysroot=/home/lee/android-ndk-r10c/platforms/android-14/arch-x86  -isystem /home/lee/android-ndk-r10c/sources/cpufeatures -isystem /home/lee/android-ndk-r10c/sources/cxx-stl/gnu-libstdc++/4.8/include -isystem /home/lee/android-ndk-r10c/sources/cxx-stl/gnu-libstdc++/4.8/libs/x86/include -I/home/lee/linphone-android/linphone-android/liblinphone-sdk/android-x86/include  -ffunction-sections -funwind-tables -fstack-protector -no-canonical-prefixes -fomit-frame-pointer -fstrict-aliasing -funswitch-loops -finline-limit=300 -o CMakeFiles/cmTC_a1087.dir/CheckSymbolExists.c.o   -c /home/lee/linphone-android/linphone-android/WORK/android-x86/Build/bctoolbox/CMakeFiles/CMakeTmp/CheckSymbolExists.c
Linking C executable cmTC_a1087
/home/lee/cmake-3.5.1-Linux-x86_64/bin/cmake -E cmake_link_script CMakeFiles/cmTC_a1087.dir/link.txt --verbose=1
/home/lee/android-ndk-r10c/toolchains/x86-4.8/prebuilt/linux-x86_64/bin/i686-linux-android-gcc  --sysroot=/home/lee/android-ndk-r10c/platforms/android-14/arch-x86      CMakeFiles/cmTC_a1087.dir/CheckSymbolExists.c.o  -o cmTC_a1087 -rdynamic /home/lee/android-ndk-r10c/sources/android/libportable/libs/x86/libportable.a /home/lee/android-ndk-r10c/sources/cxx-stl/gnu-libstdc++/4.8/libs/x86/libgnustl_static.a -llog -no-canonical-prefixes -Wl,--no-undefined -Wl,-z,noexecstack -Wl,-z,relro -Wl,-z,now /home/lee/linphone-android/linphone-android/liblinphone-sdk/android-x86/lib/libcunit.a 
make[5]: Leaving directory `/home/lee/linphone-android/linphone-android/WORK/android-x86/Build/bctoolbox/CMakeFiles/CMakeTmp'
make[4]: Leaving directory `/home/lee/linphone-android/linphone-android/WORK/android-x86/Build/bctoolbox/CMakeFiles/CMakeTmp'

File /home/lee/linphone-android/linphone-android/WORK/android-x86/Build/bctoolbox/CMakeFiles/CMakeTmp/CheckSymbolExists.c:
/* */
#include <CUnit/Util.h>

int main(int argc, char** argv)
{
  (void)argv;
#ifndef CU_set_trace_handler
  return ((int*)(&CU_set_trace_handler))[argc];
#else
  (void)argc;
  return 0;
#endif
}

Determining if the include file pthread.h exists passed with the following output:
Change Dir: /home/lee/linphone-android/linphone-android/WORK/android-x86/Build/bctoolbox/CMakeFiles/CMakeTmp

Run Build Command:"/usr/bin/make" "cmTC_22331/fast"
make[4]: Entering directory `/home/lee/linphone-android/linphone-android/WORK/android-x86/Build/bctoolbox/CMakeFiles/CMakeTmp'
/usr/bin/make -f CMakeFiles/cmTC_22331.dir/build.make CMakeFiles/cmTC_22331.dir/build
make[5]: Entering directory `/home/lee/linphone-android/linphone-android/WORK/android-x86/Build/bctoolbox/CMakeFiles/CMakeTmp'
Building C object CMakeFiles/cmTC_22331.dir/CheckIncludeFile.c.o
/home/lee/android-ndk-r10c/toolchains/x86-4.8/prebuilt/linux-x86_64/bin/i686-linux-android-gcc  --sysroot=/home/lee/android-ndk-r10c/platforms/android-14/arch-x86  -isystem /home/lee/android-ndk-r10c/sources/cpufeatures -isystem /home/lee/android-ndk-r10c/sources/cxx-stl/gnu-libstdc++/4.8/include -isystem /home/lee/android-ndk-r10c/sources/cxx-stl/gnu-libstdc++/4.8/libs/x86/include  -ffunction-sections -funwind-tables -fstack-protector -no-canonical-prefixes -fomit-frame-pointer -fstrict-aliasing -funswitch-loops -finline-limit=300 -o CMakeFiles/cmTC_22331.dir/CheckIncludeFile.c.o   -c /home/lee/linphone-android/linphone-android/WORK/android-x86/Build/bctoolbox/CMakeFiles/CMakeTmp/CheckIncludeFile.c
Linking C executable cmTC_22331
/home/lee/cmake-3.5.1-Linux-x86_64/bin/cmake -E cmake_link_script CMakeFiles/cmTC_22331.dir/link.txt --verbose=1
/home/lee/android-ndk-r10c/toolchains/x86-4.8/prebuilt/linux-x86_64/bin/i686-linux-android-gcc  --sysroot=/home/lee/android-ndk-r10c/platforms/android-14/arch-x86      CMakeFiles/cmTC_22331.dir/CheckIncludeFile.c.o  -o cmTC_22331 -rdynamic /home/lee/android-ndk-r10c/sources/android/libportable/libs/x86/libportable.a /home/lee/android-ndk-r10c/sources/cxx-stl/gnu-libstdc++/4.8/libs/x86/libgnustl_static.a -llog -no-canonical-prefixes -Wl,--no-undefined -Wl,-z,noexecstack -Wl,-z,relro -Wl,-z,now 
make[5]: Leaving directory `/home/lee/linphone-android/linphone-android/WORK/android-x86/Build/bctoolbox/CMakeFiles/CMakeTmp'
make[4]: Leaving directory `/home/lee/linphone-android/linphone-android/WORK/android-x86/Build/bctoolbox/CMakeFiles/CMakeTmp'


Determining if the pthread_create exist passed with the following output:
Change Dir: /home/lee/linphone-android/linphone-android/WORK/android-x86/Build/bctoolbox/CMakeFiles/CMakeTmp

Run Build Command:"/usr/bin/make" "cmTC_fb062/fast"
make[4]: Entering directory `/home/lee/linphone-android/linphone-android/WORK/android-x86/Build/bctoolbox/CMakeFiles/CMakeTmp'
/usr/bin/make -f CMakeFiles/cmTC_fb062.dir/build.make CMakeFiles/cmTC_fb062.dir/build
make[5]: Entering directory `/home/lee/linphone-android/linphone-android/WORK/android-x86/Build/bctoolbox/CMakeFiles/CMakeTmp'
Building C object CMakeFiles/cmTC_fb062.dir/CheckSymbolExists.c.o
/home/lee/android-ndk-r10c/toolchains/x86-4.8/prebuilt/linux-x86_64/bin/i686-linux-android-gcc  --sysroot=/home/lee/android-ndk-r10c/platforms/android-14/arch-x86  -isystem /home/lee/android-ndk-r10c/sources/cpufeatures -isystem /home/lee/android-ndk-r10c/sources/cxx-stl/gnu-libstdc++/4.8/include -isystem /home/lee/android-ndk-r10c/sources/cxx-stl/gnu-libstdc++/4.8/libs/x86/include  -ffunction-sections -funwind-tables -fstack-protector -no-canonical-prefixes -fomit-frame-pointer -fstrict-aliasing -funswitch-loops -finline-limit=300 -o CMakeFiles/cmTC_fb062.dir/CheckSymbolExists.c.o   -c /home/lee/linphone-android/linphone-android/WORK/android-x86/Build/bctoolbox/CMakeFiles/CMakeTmp/CheckSymbolExists.c
Linking C executable cmTC_fb062
/home/lee/cmake-3.5.1-Linux-x86_64/bin/cmake -E cmake_link_script CMakeFiles/cmTC_fb062.dir/link.txt --verbose=1
/home/lee/android-ndk-r10c/toolchains/x86-4.8/prebuilt/linux-x86_64/bin/i686-linux-android-gcc  --sysroot=/home/lee/android-ndk-r10c/platforms/android-14/arch-x86      CMakeFiles/cmTC_fb062.dir/CheckSymbolExists.c.o  -o cmTC_fb062 -rdynamic /home/lee/android-ndk-r10c/sources/android/libportable/libs/x86/libportable.a /home/lee/android-ndk-r10c/sources/cxx-stl/gnu-libstdc++/4.8/libs/x86/libgnustl_static.a -llog -no-canonical-prefixes -Wl,--no-undefined -Wl,-z,noexecstack -Wl,-z,relro -Wl,-z,now 
make[5]: Leaving directory `/home/lee/linphone-android/linphone-android/WORK/android-x86/Build/bctoolbox/CMakeFiles/CMakeTmp'
make[4]: Leaving directory `/home/lee/linphone-android/linphone-android/WORK/android-x86/Build/bctoolbox/CMakeFiles/CMakeTmp'

File /home/lee/linphone-android/linphone-android/WORK/android-x86/Build/bctoolbox/CMakeFiles/CMakeTmp/CheckSymbolExists.c:
/* */
#include <pthread.h>

int main(int argc, char** argv)
{
  (void)argv;
#ifndef pthread_create
  return ((int*)(&pthread_create))[argc];
#else
  (void)argc;
  return 0;
#endif
}

