Determining if the CU_curses_run_tests exist failed with the following output:
Change Dir: /home/lee/linphone-android/linphone-android/WORK/android-arm/Build/bctoolbox/CMakeFiles/CMakeTmp

Run Build Command:"/usr/bin/make" "cmTC_a28a2/fast"
make[4]: Entering directory `/home/lee/linphone-android/linphone-android/WORK/android-arm/Build/bctoolbox/CMakeFiles/CMakeTmp'
/usr/bin/make -f CMakeFiles/cmTC_a28a2.dir/build.make CMakeFiles/cmTC_a28a2.dir/build
make[5]: Entering directory `/home/lee/linphone-android/linphone-android/WORK/android-arm/Build/bctoolbox/CMakeFiles/CMakeTmp'
Building C object CMakeFiles/cmTC_a28a2.dir/CheckSymbolExists.c.o
/home/lee/android-ndk-r10c/toolchains/arm-linux-androideabi-4.8/prebuilt/linux-x86_64/bin/arm-linux-androideabi-gcc  --sysroot=/home/lee/android-ndk-r10c/platforms/android-14/arch-arm  -isystem /home/lee/android-ndk-r10c/sources/cpufeatures -isystem /home/lee/android-ndk-r10c/sources/cxx-stl/gnu-libstdc++/4.8/include -isystem /home/lee/android-ndk-r10c/sources/cxx-stl/gnu-libstdc++/4.8/libs/armeabi/include -I/home/lee/linphone-android/linphone-android/liblinphone-sdk/android-arm/include  -ffunction-sections -funwind-tables -fstack-protector -no-canonical-prefixes -march=armv5te -mtune=xscale -msoft-float -fomit-frame-pointer -fno-strict-aliasing -finline-limit=64 -o CMakeFiles/cmTC_a28a2.dir/CheckSymbolExists.c.o   -c /home/lee/linphone-android/linphone-android/WORK/android-arm/Build/bctoolbox/CMakeFiles/CMakeTmp/CheckSymbolExists.c
/home/lee/linphone-android/linphone-android/WORK/android-arm/Build/bctoolbox/CMakeFiles/CMakeTmp/CheckSymbolExists.c: In function 'main':
/home/lee/linphone-android/linphone-android/WORK/android-arm/Build/bctoolbox/CMakeFiles/CMakeTmp/CheckSymbolExists.c:8:19: error: 'CU_curses_run_tests' undeclared (first use in this function)
   return ((int*)(&CU_curses_run_tests))[argc];
                   ^
/home/lee/linphone-android/linphone-android/WORK/android-arm/Build/bctoolbox/CMakeFiles/CMakeTmp/CheckSymbolExists.c:8:19: note: each undeclared identifier is reported only once for each function it appears in
make[5]: *** [CMakeFiles/cmTC_a28a2.dir/CheckSymbolExists.c.o] Error 1
make[5]: Leaving directory `/home/lee/linphone-android/linphone-android/WORK/android-arm/Build/bctoolbox/CMakeFiles/CMakeTmp'
make[4]: *** [cmTC_a28a2/fast] Error 2
make[4]: Leaving directory `/home/lee/linphone-android/linphone-android/WORK/android-arm/Build/bctoolbox/CMakeFiles/CMakeTmp'

File /home/lee/linphone-android/linphone-android/WORK/android-arm/Build/bctoolbox/CMakeFiles/CMakeTmp/CheckSymbolExists.c:
/* */
#include <CUnit/CUnit.h>

int main(int argc, char** argv)
{
  (void)argv;
#ifndef CU_curses_run_tests
  return ((int*)(&CU_curses_run_tests))[argc];
#else
  (void)argc;
  return 0;
#endif
}

Determining if the function clock_gettime exists in the rt failed with the following output:
Change Dir: /home/lee/linphone-android/linphone-android/WORK/android-arm/Build/bctoolbox/CMakeFiles/CMakeTmp

Run Build Command:"/usr/bin/make" "cmTC_a604f/fast"
make[4]: Entering directory `/home/lee/linphone-android/linphone-android/WORK/android-arm/Build/bctoolbox/CMakeFiles/CMakeTmp'
/usr/bin/make -f CMakeFiles/cmTC_a604f.dir/build.make CMakeFiles/cmTC_a604f.dir/build
make[5]: Entering directory `/home/lee/linphone-android/linphone-android/WORK/android-arm/Build/bctoolbox/CMakeFiles/CMakeTmp'
Building C object CMakeFiles/cmTC_a604f.dir/CheckFunctionExists.c.o
/home/lee/android-ndk-r10c/toolchains/arm-linux-androideabi-4.8/prebuilt/linux-x86_64/bin/arm-linux-androideabi-gcc  --sysroot=/home/lee/android-ndk-r10c/platforms/android-14/arch-arm  -isystem /home/lee/android-ndk-r10c/sources/cpufeatures -isystem /home/lee/android-ndk-r10c/sources/cxx-stl/gnu-libstdc++/4.8/include -isystem /home/lee/android-ndk-r10c/sources/cxx-stl/gnu-libstdc++/4.8/libs/armeabi/include  -DCHECK_FUNCTION_EXISTS=clock_gettime   -ffunction-sections -funwind-tables -fstack-protector -no-canonical-prefixes -march=armv5te -mtune=xscale -msoft-float -fomit-frame-pointer -fno-strict-aliasing -finline-limit=64 -o CMakeFiles/cmTC_a604f.dir/CheckFunctionExists.c.o   -c /home/lee/cmake-3.5.1-Linux-x86_64/share/cmake-3.5/Modules/CheckFunctionExists.c
Linking C executable cmTC_a604f
/home/lee/cmake-3.5.1-Linux-x86_64/bin/cmake -E cmake_link_script CMakeFiles/cmTC_a604f.dir/link.txt --verbose=1
/home/lee/android-ndk-r10c/toolchains/arm-linux-androideabi-4.8/prebuilt/linux-x86_64/bin/arm-linux-androideabi-gcc  --sysroot=/home/lee/android-ndk-r10c/platforms/android-14/arch-arm  -DCHECK_FUNCTION_EXISTS=clock_gettime    CMakeFiles/cmTC_a604f.dir/CheckFunctionExists.c.o  -o cmTC_a604f -rdynamic /home/lee/android-ndk-r10c/sources/android/libportable/libs/armeabi/libportable.a /home/lee/android-ndk-r10c/sources/cxx-stl/gnu-libstdc++/4.8/libs/armeabi/libgnustl_static.a -llog -no-canonical-prefixes -Wl,--no-undefined -Wl,-z,noexecstack -Wl,-z,relro -Wl,-z,now -lrt 
/home/lee/android-ndk-r10c/toolchains/arm-linux-androideabi-4.8/prebuilt/linux-x86_64/bin/../lib/gcc/arm-linux-androideabi/4.8/../../../../arm-linux-androideabi/bin/ld: error: cannot find -lrt
collect2: error: ld returned 1 exit status
make[5]: *** [cmTC_a604f] Error 1
make[5]: Leaving directory `/home/lee/linphone-android/linphone-android/WORK/android-arm/Build/bctoolbox/CMakeFiles/CMakeTmp'
make[4]: *** [cmTC_a604f/fast] Error 2
make[4]: Leaving directory `/home/lee/linphone-android/linphone-android/WORK/android-arm/Build/bctoolbox/CMakeFiles/CMakeTmp'


