# /home/lee/linphone-android/linphone-android/submodules/externals/libvpx/configure --prefix=/home/lee/linphone-android/linphone-android/liblinphone-sdk/android-armv7 --target=armv7-android-gcc --enable-static --disable-shared --enable-error-concealment --enable-multithread --enable-realtime-only --enable-spatial-resampling --enable-vp8 --disable-vp9 --enable-libs --disable-install-docs --disable-debug-libs --disable-examples --disable-unit-tests --as=yasm --sdk-path=/home/lee/android-ndk-r10c --enable-pic
Configuring selected codecs
Configuring for target 'armv7-android-gcc'
  enabling armv7
  enabling neon
  enabling neon_asm
  enabling media
add_asflags --defsym ARCHITECTURE=7
check_cpp
BEGIN /tmp/vpx-conf-16259-14422.c
     1	#ifndef __ARM_PCS_VFP
     2	#error "not hardfp"
     3	#endif
END /tmp/vpx-conf-16259-14422.c
/home/lee/android-ndk-r10c/toolchains/arm-linux-androideabi-4.8/prebuilt/linux-x86_64/bin/arm-linux-androideabi-gcc --sysroot=/home/lee/android-ndk-r10c/platforms/android-14/arch-arm -E -o /tmp/vpx-conf-16259-14422.o /tmp/vpx-conf-16259-14422.c
/tmp/vpx-conf-16259-14422.c:2:2: error: #error "not hardfp"
 #error "not hardfp"
  ^
check_cxxflags -march=armv7-a -mfloat-abi=softfp
check_cxx -Werror -march=armv7-a -mfloat-abi=softfp
BEGIN /tmp/vpx-conf-16259-14422.cc
     1	int x;
END /tmp/vpx-conf-16259-14422.cc
/home/lee/android-ndk-r10c/toolchains/arm-linux-androideabi-4.8/prebuilt/linux-x86_64/bin/arm-linux-androideabi-g++ -Werror -march=armv7-a -mfloat-abi=softfp -c -o /tmp/vpx-conf-16259-14422.o /tmp/vpx-conf-16259-14422.cc
check_cflags -march=armv7-a -mfloat-abi=softfp
check_cc -Werror -march=armv7-a -mfloat-abi=softfp
BEGIN /tmp/vpx-conf-16259-14422.c
     1	int x;
END /tmp/vpx-conf-16259-14422.c
/home/lee/android-ndk-r10c/toolchains/arm-linux-androideabi-4.8/prebuilt/linux-x86_64/bin/arm-linux-androideabi-gcc --sysroot=/home/lee/android-ndk-r10c/platforms/android-14/arch-arm -Werror -march=armv7-a -mfloat-abi=softfp -c -o /tmp/vpx-conf-16259-14422.o /tmp/vpx-conf-16259-14422.c
add_asflags -march=armv7-a -mfloat-abi=softfp
check_cxxflags -mfpu=neon
check_cxx -Werror -mfpu=neon
BEGIN /tmp/vpx-conf-16259-14422.cc
     1	int x;
END /tmp/vpx-conf-16259-14422.cc
/home/lee/android-ndk-r10c/toolchains/arm-linux-androideabi-4.8/prebuilt/linux-x86_64/bin/arm-linux-androideabi-g++ -march=armv7-a -mfloat-abi=softfp -Werror -mfpu=neon -c -o /tmp/vpx-conf-16259-14422.o /tmp/vpx-conf-16259-14422.cc
check_cflags -mfpu=neon
check_cc -Werror -mfpu=neon
BEGIN /tmp/vpx-conf-16259-14422.c
     1	int x;
END /tmp/vpx-conf-16259-14422.c
/home/lee/android-ndk-r10c/toolchains/arm-linux-androideabi-4.8/prebuilt/linux-x86_64/bin/arm-linux-androideabi-gcc --sysroot=/home/lee/android-ndk-r10c/platforms/android-14/arch-arm -march=armv7-a -mfloat-abi=softfp -Werror -mfpu=neon -c -o /tmp/vpx-conf-16259-14422.o /tmp/vpx-conf-16259-14422.c
add_asflags -mfpu=neon
  enabling runtime_cpu_detect
check_cxxflags -DNDEBUG
check_cxx -Werror -DNDEBUG
BEGIN /tmp/vpx-conf-16259-14422.cc
     1	int x;
END /tmp/vpx-conf-16259-14422.cc
/home/lee/android-ndk-r10c/toolchains/arm-linux-androideabi-4.9/prebuilt/linux-x86_64/bin/arm-linux-androideabi-g++ -march=armv7-a -mfloat-abi=softfp -mfpu=neon --sysroot=/home/lee/android-ndk-r10c/platforms/android-21/arch-arm -I/home/lee/android-ndk-r10c/sources/android/cpufeatures -Werror -DNDEBUG -c -o /tmp/vpx-conf-16259-14422.o /tmp/vpx-conf-16259-14422.cc
check_cflags -DNDEBUG
check_cc -Werror -DNDEBUG
BEGIN /tmp/vpx-conf-16259-14422.c
     1	int x;
END /tmp/vpx-conf-16259-14422.c
/home/lee/android-ndk-r10c/toolchains/arm-linux-androideabi-4.9/prebuilt/linux-x86_64/bin/arm-linux-androideabi-gcc --sysroot=/home/lee/android-ndk-r10c/platforms/android-14/arch-arm -march=armv7-a -mfloat-abi=softfp -mfpu=neon --sysroot=/home/lee/android-ndk-r10c/platforms/android-21/arch-arm -I/home/lee/android-ndk-r10c/sources/android/cpufeatures -Werror -DNDEBUG -c -o /tmp/vpx-conf-16259-14422.o /tmp/vpx-conf-16259-14422.c
check_cxxflags -O3
check_cxx -Werror -O3
BEGIN /tmp/vpx-conf-16259-14422.cc
     1	int x;
END /tmp/vpx-conf-16259-14422.cc
/home/lee/android-ndk-r10c/toolchains/arm-linux-androideabi-4.9/prebuilt/linux-x86_64/bin/arm-linux-androideabi-g++ -march=armv7-a -mfloat-abi=softfp -mfpu=neon --sysroot=/home/lee/android-ndk-r10c/platforms/android-21/arch-arm -I/home/lee/android-ndk-r10c/sources/android/cpufeatures -DNDEBUG -Werror -O3 -c -o /tmp/vpx-conf-16259-14422.o /tmp/vpx-conf-16259-14422.cc
check_cflags -O3
check_cc -Werror -O3
BEGIN /tmp/vpx-conf-16259-14422.c
     1	int x;
END /tmp/vpx-conf-16259-14422.c
/home/lee/android-ndk-r10c/toolchains/arm-linux-androideabi-4.9/prebuilt/linux-x86_64/bin/arm-linux-androideabi-gcc --sysroot=/home/lee/android-ndk-r10c/platforms/android-14/arch-arm -march=armv7-a -mfloat-abi=softfp -mfpu=neon --sysroot=/home/lee/android-ndk-r10c/platforms/android-21/arch-arm -I/home/lee/android-ndk-r10c/sources/android/cpufeatures -DNDEBUG -Werror -O3 -c -o /tmp/vpx-conf-16259-14422.o /tmp/vpx-conf-16259-14422.c
check_cxxflags -fPIC
check_cxx -Werror -fPIC
BEGIN /tmp/vpx-conf-16259-14422.cc
     1	int x;
END /tmp/vpx-conf-16259-14422.cc
/home/lee/android-ndk-r10c/toolchains/arm-linux-androideabi-4.9/prebuilt/linux-x86_64/bin/arm-linux-androideabi-g++ -march=armv7-a -mfloat-abi=softfp -mfpu=neon --sysroot=/home/lee/android-ndk-r10c/platforms/android-21/arch-arm -I/home/lee/android-ndk-r10c/sources/android/cpufeatures -DNDEBUG -O3 -Werror -fPIC -c -o /tmp/vpx-conf-16259-14422.o /tmp/vpx-conf-16259-14422.cc
check_cflags -fPIC
check_cc -Werror -fPIC
BEGIN /tmp/vpx-conf-16259-14422.c
     1	int x;
END /tmp/vpx-conf-16259-14422.c
/home/lee/android-ndk-r10c/toolchains/arm-linux-androideabi-4.9/prebuilt/linux-x86_64/bin/arm-linux-androideabi-gcc --sysroot=/home/lee/android-ndk-r10c/platforms/android-14/arch-arm -march=armv7-a -mfloat-abi=softfp -mfpu=neon --sysroot=/home/lee/android-ndk-r10c/platforms/android-21/arch-arm -I/home/lee/android-ndk-r10c/sources/android/cpufeatures -DNDEBUG -O3 -Werror -fPIC -c -o /tmp/vpx-conf-16259-14422.o /tmp/vpx-conf-16259-14422.c
check_cc
BEGIN /tmp/vpx-conf-16259-14422.c
     1	unsigned int e = 'O'<<24 | '2'<<16 | 'B'<<8 | 'E';
END /tmp/vpx-conf-16259-14422.c
/home/lee/android-ndk-r10c/toolchains/arm-linux-androideabi-4.9/prebuilt/linux-x86_64/bin/arm-linux-androideabi-gcc --sysroot=/home/lee/android-ndk-r10c/platforms/android-14/arch-arm -march=armv7-a -mfloat-abi=softfp -mfpu=neon --sysroot=/home/lee/android-ndk-r10c/platforms/android-21/arch-arm -I/home/lee/android-ndk-r10c/sources/android/cpufeatures -DNDEBUG -O3 -fPIC -c -o /tmp/vpx-conf-16259-14422.o /tmp/vpx-conf-16259-14422.c
check_cc
BEGIN /tmp/vpx-conf-16259-14422.c
     1	static inline function() {}
END /tmp/vpx-conf-16259-14422.c
/home/lee/android-ndk-r10c/toolchains/arm-linux-androideabi-4.9/prebuilt/linux-x86_64/bin/arm-linux-androideabi-gcc --sysroot=/home/lee/android-ndk-r10c/platforms/android-14/arch-arm -march=armv7-a -mfloat-abi=softfp -mfpu=neon --sysroot=/home/lee/android-ndk-r10c/platforms/android-21/arch-arm -I/home/lee/android-ndk-r10c/sources/android/cpufeatures -DNDEBUG -O3 -fPIC -c -o /tmp/vpx-conf-16259-14422.o /tmp/vpx-conf-16259-14422.c
check_cxxflags -Wall
check_cxx -Werror -Wall
BEGIN /tmp/vpx-conf-16259-14422.cc
     1	int x;
END /tmp/vpx-conf-16259-14422.cc
/home/lee/android-ndk-r10c/toolchains/arm-linux-androideabi-4.9/prebuilt/linux-x86_64/bin/arm-linux-androideabi-g++ -march=armv7-a -mfloat-abi=softfp -mfpu=neon --sysroot=/home/lee/android-ndk-r10c/platforms/android-21/arch-arm -I/home/lee/android-ndk-r10c/sources/android/cpufeatures -DNDEBUG -O3 -fPIC -Werror -Wall -c -o /tmp/vpx-conf-16259-14422.o /tmp/vpx-conf-16259-14422.cc
check_cflags -Wall
check_cc -Werror -Wall
BEGIN /tmp/vpx-conf-16259-14422.c
     1	int x;
END /tmp/vpx-conf-16259-14422.c
/home/lee/android-ndk-r10c/toolchains/arm-linux-androideabi-4.9/prebuilt/linux-x86_64/bin/arm-linux-androideabi-gcc --sysroot=/home/lee/android-ndk-r10c/platforms/android-14/arch-arm -march=armv7-a -mfloat-abi=softfp -mfpu=neon --sysroot=/home/lee/android-ndk-r10c/platforms/android-21/arch-arm -I/home/lee/android-ndk-r10c/sources/android/cpufeatures -DNDEBUG -O3 -fPIC -Werror -Wall -c -o /tmp/vpx-conf-16259-14422.o /tmp/vpx-conf-16259-14422.c
check_cxxflags -Wdeclaration-after-statement
check_cxx -Werror -Wdeclaration-after-statement
BEGIN /tmp/vpx-conf-16259-14422.cc
     1	int x;
END /tmp/vpx-conf-16259-14422.cc
/home/lee/android-ndk-r10c/toolchains/arm-linux-androideabi-4.9/prebuilt/linux-x86_64/bin/arm-linux-androideabi-g++ -march=armv7-a -mfloat-abi=softfp -mfpu=neon --sysroot=/home/lee/android-ndk-r10c/platforms/android-21/arch-arm -I/home/lee/android-ndk-r10c/sources/android/cpufeatures -DNDEBUG -O3 -fPIC -Wall -Werror -Wdeclaration-after-statement -c -o /tmp/vpx-conf-16259-14422.o /tmp/vpx-conf-16259-14422.cc
cc1plus: error: command line option '-Wdeclaration-after-statement' is valid for C/ObjC but not for C++ [-Werror]
cc1plus: all warnings being treated as errors
check_cflags -Wdeclaration-after-statement
check_cc -Werror -Wdeclaration-after-statement
BEGIN /tmp/vpx-conf-16259-14422.c
     1	int x;
END /tmp/vpx-conf-16259-14422.c
/home/lee/android-ndk-r10c/toolchains/arm-linux-androideabi-4.9/prebuilt/linux-x86_64/bin/arm-linux-androideabi-gcc --sysroot=/home/lee/android-ndk-r10c/platforms/android-14/arch-arm -march=armv7-a -mfloat-abi=softfp -mfpu=neon --sysroot=/home/lee/android-ndk-r10c/platforms/android-21/arch-arm -I/home/lee/android-ndk-r10c/sources/android/cpufeatures -DNDEBUG -O3 -fPIC -Wall -Werror -Wdeclaration-after-statement -c -o /tmp/vpx-conf-16259-14422.o /tmp/vpx-conf-16259-14422.c
check_cxxflags -Wdisabled-optimization
check_cxx -Werror -Wdisabled-optimization
BEGIN /tmp/vpx-conf-16259-14422.cc
     1	int x;
END /tmp/vpx-conf-16259-14422.cc
/home/lee/android-ndk-r10c/toolchains/arm-linux-androideabi-4.9/prebuilt/linux-x86_64/bin/arm-linux-androideabi-g++ -march=armv7-a -mfloat-abi=softfp -mfpu=neon --sysroot=/home/lee/android-ndk-r10c/platforms/android-21/arch-arm -I/home/lee/android-ndk-r10c/sources/android/cpufeatures -DNDEBUG -O3 -fPIC -Wall -Werror -Wdisabled-optimization -c -o /tmp/vpx-conf-16259-14422.o /tmp/vpx-conf-16259-14422.cc
check_cflags -Wdisabled-optimization
check_cc -Werror -Wdisabled-optimization
BEGIN /tmp/vpx-conf-16259-14422.c
     1	int x;
END /tmp/vpx-conf-16259-14422.c
/home/lee/android-ndk-r10c/toolchains/arm-linux-androideabi-4.9/prebuilt/linux-x86_64/bin/arm-linux-androideabi-gcc --sysroot=/home/lee/android-ndk-r10c/platforms/android-14/arch-arm -march=armv7-a -mfloat-abi=softfp -mfpu=neon --sysroot=/home/lee/android-ndk-r10c/platforms/android-21/arch-arm -I/home/lee/android-ndk-r10c/sources/android/cpufeatures -DNDEBUG -O3 -fPIC -Wall -Wdeclaration-after-statement -Werror -Wdisabled-optimization -c -o /tmp/vpx-conf-16259-14422.o /tmp/vpx-conf-16259-14422.c
check_cxxflags -Wpointer-arith
check_cxx -Werror -Wpointer-arith
BEGIN /tmp/vpx-conf-16259-14422.cc
     1	int x;
END /tmp/vpx-conf-16259-14422.cc
/home/lee/android-ndk-r10c/toolchains/arm-linux-androideabi-4.9/prebuilt/linux-x86_64/bin/arm-linux-androideabi-g++ -march=armv7-a -mfloat-abi=softfp -mfpu=neon --sysroot=/home/lee/android-ndk-r10c/platforms/android-21/arch-arm -I/home/lee/android-ndk-r10c/sources/android/cpufeatures -DNDEBUG -O3 -fPIC -Wall -Wdisabled-optimization -Werror -Wpointer-arith -c -o /tmp/vpx-conf-16259-14422.o /tmp/vpx-conf-16259-14422.cc
check_cflags -Wpointer-arith
check_cc -Werror -Wpointer-arith
BEGIN /tmp/vpx-conf-16259-14422.c
     1	int x;
END /tmp/vpx-conf-16259-14422.c
/home/lee/android-ndk-r10c/toolchains/arm-linux-androideabi-4.9/prebuilt/linux-x86_64/bin/arm-linux-androideabi-gcc --sysroot=/home/lee/android-ndk-r10c/platforms/android-14/arch-arm -march=armv7-a -mfloat-abi=softfp -mfpu=neon --sysroot=/home/lee/android-ndk-r10c/platforms/android-21/arch-arm -I/home/lee/android-ndk-r10c/sources/android/cpufeatures -DNDEBUG -O3 -fPIC -Wall -Wdeclaration-after-statement -Wdisabled-optimization -Werror -Wpointer-arith -c -o /tmp/vpx-conf-16259-14422.o /tmp/vpx-conf-16259-14422.c
check_cxxflags -Wtype-limits
check_cxx -Werror -Wtype-limits
BEGIN /tmp/vpx-conf-16259-14422.cc
     1	int x;
END /tmp/vpx-conf-16259-14422.cc
/home/lee/android-ndk-r10c/toolchains/arm-linux-androideabi-4.9/prebuilt/linux-x86_64/bin/arm-linux-androideabi-g++ -march=armv7-a -mfloat-abi=softfp -mfpu=neon --sysroot=/home/lee/android-ndk-r10c/platforms/android-21/arch-arm -I/home/lee/android-ndk-r10c/sources/android/cpufeatures -DNDEBUG -O3 -fPIC -Wall -Wdisabled-optimization -Wpointer-arith -Werror -Wtype-limits -c -o /tmp/vpx-conf-16259-14422.o /tmp/vpx-conf-16259-14422.cc
check_cflags -Wtype-limits
check_cc -Werror -Wtype-limits
BEGIN /tmp/vpx-conf-16259-14422.c
     1	int x;
END /tmp/vpx-conf-16259-14422.c
/home/lee/android-ndk-r10c/toolchains/arm-linux-androideabi-4.9/prebuilt/linux-x86_64/bin/arm-linux-androideabi-gcc --sysroot=/home/lee/android-ndk-r10c/platforms/android-14/arch-arm -march=armv7-a -mfloat-abi=softfp -mfpu=neon --sysroot=/home/lee/android-ndk-r10c/platforms/android-21/arch-arm -I/home/lee/android-ndk-r10c/sources/android/cpufeatures -DNDEBUG -O3 -fPIC -Wall -Wdeclaration-after-statement -Wdisabled-optimization -Wpointer-arith -Werror -Wtype-limits -c -o /tmp/vpx-conf-16259-14422.o /tmp/vpx-conf-16259-14422.c
check_cxxflags -Wcast-qual
check_cxx -Werror -Wcast-qual
BEGIN /tmp/vpx-conf-16259-14422.cc
     1	int x;
END /tmp/vpx-conf-16259-14422.cc
/home/lee/android-ndk-r10c/toolchains/arm-linux-androideabi-4.9/prebuilt/linux-x86_64/bin/arm-linux-androideabi-g++ -march=armv7-a -mfloat-abi=softfp -mfpu=neon --sysroot=/home/lee/android-ndk-r10c/platforms/android-21/arch-arm -I/home/lee/android-ndk-r10c/sources/android/cpufeatures -DNDEBUG -O3 -fPIC -Wall -Wdisabled-optimization -Wpointer-arith -Wtype-limits -Werror -Wcast-qual -c -o /tmp/vpx-conf-16259-14422.o /tmp/vpx-conf-16259-14422.cc
check_cflags -Wcast-qual
check_cc -Werror -Wcast-qual
BEGIN /tmp/vpx-conf-16259-14422.c
     1	int x;
END /tmp/vpx-conf-16259-14422.c
/home/lee/android-ndk-r10c/toolchains/arm-linux-androideabi-4.9/prebuilt/linux-x86_64/bin/arm-linux-androideabi-gcc --sysroot=/home/lee/android-ndk-r10c/platforms/android-14/arch-arm -march=armv7-a -mfloat-abi=softfp -mfpu=neon --sysroot=/home/lee/android-ndk-r10c/platforms/android-21/arch-arm -I/home/lee/android-ndk-r10c/sources/android/cpufeatures -DNDEBUG -O3 -fPIC -Wall -Wdeclaration-after-statement -Wdisabled-optimization -Wpointer-arith -Wtype-limits -Werror -Wcast-qual -c -o /tmp/vpx-conf-16259-14422.o /tmp/vpx-conf-16259-14422.c
check_cxxflags -Wvla
check_cxx -Werror -Wvla
BEGIN /tmp/vpx-conf-16259-14422.cc
     1	int x;
END /tmp/vpx-conf-16259-14422.cc
/home/lee/android-ndk-r10c/toolchains/arm-linux-androideabi-4.9/prebuilt/linux-x86_64/bin/arm-linux-androideabi-g++ -march=armv7-a -mfloat-abi=softfp -mfpu=neon --sysroot=/home/lee/android-ndk-r10c/platforms/android-21/arch-arm -I/home/lee/android-ndk-r10c/sources/android/cpufeatures -DNDEBUG -O3 -fPIC -Wall -Wdisabled-optimization -Wpointer-arith -Wtype-limits -Wcast-qual -Werror -Wvla -c -o /tmp/vpx-conf-16259-14422.o /tmp/vpx-conf-16259-14422.cc
check_cflags -Wvla
check_cc -Werror -Wvla
BEGIN /tmp/vpx-conf-16259-14422.c
     1	int x;
END /tmp/vpx-conf-16259-14422.c
/home/lee/android-ndk-r10c/toolchains/arm-linux-androideabi-4.9/prebuilt/linux-x86_64/bin/arm-linux-androideabi-gcc --sysroot=/home/lee/android-ndk-r10c/platforms/android-14/arch-arm -march=armv7-a -mfloat-abi=softfp -mfpu=neon --sysroot=/home/lee/android-ndk-r10c/platforms/android-21/arch-arm -I/home/lee/android-ndk-r10c/sources/android/cpufeatures -DNDEBUG -O3 -fPIC -Wall -Wdeclaration-after-statement -Wdisabled-optimization -Wpointer-arith -Wtype-limits -Wcast-qual -Werror -Wvla -c -o /tmp/vpx-conf-16259-14422.o /tmp/vpx-conf-16259-14422.c
check_cxxflags -Wimplicit-function-declaration
check_cxx -Werror -Wimplicit-function-declaration
BEGIN /tmp/vpx-conf-16259-14422.cc
     1	int x;
END /tmp/vpx-conf-16259-14422.cc
/home/lee/android-ndk-r10c/toolchains/arm-linux-androideabi-4.9/prebuilt/linux-x86_64/bin/arm-linux-androideabi-g++ -march=armv7-a -mfloat-abi=softfp -mfpu=neon --sysroot=/home/lee/android-ndk-r10c/platforms/android-21/arch-arm -I/home/lee/android-ndk-r10c/sources/android/cpufeatures -DNDEBUG -O3 -fPIC -Wall -Wdisabled-optimization -Wpointer-arith -Wtype-limits -Wcast-qual -Wvla -Werror -Wimplicit-function-declaration -c -o /tmp/vpx-conf-16259-14422.o /tmp/vpx-conf-16259-14422.cc
cc1plus: error: command line option '-Wimplicit-function-declaration' is valid for C/ObjC but not for C++ [-Werror]
cc1plus: all warnings being treated as errors
check_cflags -Wimplicit-function-declaration
check_cc -Werror -Wimplicit-function-declaration
BEGIN /tmp/vpx-conf-16259-14422.c
     1	int x;
END /tmp/vpx-conf-16259-14422.c
/home/lee/android-ndk-r10c/toolchains/arm-linux-androideabi-4.9/prebuilt/linux-x86_64/bin/arm-linux-androideabi-gcc --sysroot=/home/lee/android-ndk-r10c/platforms/android-14/arch-arm -march=armv7-a -mfloat-abi=softfp -mfpu=neon --sysroot=/home/lee/android-ndk-r10c/platforms/android-21/arch-arm -I/home/lee/android-ndk-r10c/sources/android/cpufeatures -DNDEBUG -O3 -fPIC -Wall -Wdeclaration-after-statement -Wdisabled-optimization -Wpointer-arith -Wtype-limits -Wcast-qual -Wvla -Werror -Wimplicit-function-declaration -c -o /tmp/vpx-conf-16259-14422.o /tmp/vpx-conf-16259-14422.c
check_cxxflags -Wuninitialized
check_cxx -Werror -Wuninitialized
BEGIN /tmp/vpx-conf-16259-14422.cc
     1	int x;
END /tmp/vpx-conf-16259-14422.cc
/home/lee/android-ndk-r10c/toolchains/arm-linux-androideabi-4.9/prebuilt/linux-x86_64/bin/arm-linux-androideabi-g++ -march=armv7-a -mfloat-abi=softfp -mfpu=neon --sysroot=/home/lee/android-ndk-r10c/platforms/android-21/arch-arm -I/home/lee/android-ndk-r10c/sources/android/cpufeatures -DNDEBUG -O3 -fPIC -Wall -Wdisabled-optimization -Wpointer-arith -Wtype-limits -Wcast-qual -Wvla -Werror -Wuninitialized -c -o /tmp/vpx-conf-16259-14422.o /tmp/vpx-conf-16259-14422.cc
check_cflags -Wuninitialized
check_cc -Werror -Wuninitialized
BEGIN /tmp/vpx-conf-16259-14422.c
     1	int x;
END /tmp/vpx-conf-16259-14422.c
/home/lee/android-ndk-r10c/toolchains/arm-linux-androideabi-4.9/prebuilt/linux-x86_64/bin/arm-linux-androideabi-gcc --sysroot=/home/lee/android-ndk-r10c/platforms/android-14/arch-arm -march=armv7-a -mfloat-abi=softfp -mfpu=neon --sysroot=/home/lee/android-ndk-r10c/platforms/android-21/arch-arm -I/home/lee/android-ndk-r10c/sources/android/cpufeatures -DNDEBUG -O3 -fPIC -Wall -Wdeclaration-after-statement -Wdisabled-optimization -Wpointer-arith -Wtype-limits -Wcast-qual -Wvla -Wimplicit-function-declaration -Werror -Wuninitialized -c -o /tmp/vpx-conf-16259-14422.o /tmp/vpx-conf-16259-14422.c
check_cxxflags -Wunused-variable
check_cxx -Werror -Wunused-variable
BEGIN /tmp/vpx-conf-16259-14422.cc
     1	int x;
END /tmp/vpx-conf-16259-14422.cc
/home/lee/android-ndk-r10c/toolchains/arm-linux-androideabi-4.9/prebuilt/linux-x86_64/bin/arm-linux-androideabi-g++ -march=armv7-a -mfloat-abi=softfp -mfpu=neon --sysroot=/home/lee/android-ndk-r10c/platforms/android-21/arch-arm -I/home/lee/android-ndk-r10c/sources/android/cpufeatures -DNDEBUG -O3 -fPIC -Wall -Wdisabled-optimization -Wpointer-arith -Wtype-limits -Wcast-qual -Wvla -Wuninitialized -Werror -Wunused-variable -c -o /tmp/vpx-conf-16259-14422.o /tmp/vpx-conf-16259-14422.cc
check_cflags -Wunused-variable
check_cc -Werror -Wunused-variable
BEGIN /tmp/vpx-conf-16259-14422.c
     1	int x;
END /tmp/vpx-conf-16259-14422.c
/home/lee/android-ndk-r10c/toolchains/arm-linux-androideabi-4.9/prebuilt/linux-x86_64/bin/arm-linux-androideabi-gcc --sysroot=/home/lee/android-ndk-r10c/platforms/android-14/arch-arm -march=armv7-a -mfloat-abi=softfp -mfpu=neon --sysroot=/home/lee/android-ndk-r10c/platforms/android-21/arch-arm -I/home/lee/android-ndk-r10c/sources/android/cpufeatures -DNDEBUG -O3 -fPIC -Wall -Wdeclaration-after-statement -Wdisabled-optimization -Wpointer-arith -Wtype-limits -Wcast-qual -Wvla -Wimplicit-function-declaration -Wuninitialized -Werror -Wunused-variable -c -o /tmp/vpx-conf-16259-14422.o /tmp/vpx-conf-16259-14422.c
check_cxxflags -Wunused-but-set-variable
check_cxx -Werror -Wunused-but-set-variable
BEGIN /tmp/vpx-conf-16259-14422.cc
     1	int x;
END /tmp/vpx-conf-16259-14422.cc
/home/lee/android-ndk-r10c/toolchains/arm-linux-androideabi-4.9/prebuilt/linux-x86_64/bin/arm-linux-androideabi-g++ -march=armv7-a -mfloat-abi=softfp -mfpu=neon --sysroot=/home/lee/android-ndk-r10c/platforms/android-21/arch-arm -I/home/lee/android-ndk-r10c/sources/android/cpufeatures -DNDEBUG -O3 -fPIC -Wall -Wdisabled-optimization -Wpointer-arith -Wtype-limits -Wcast-qual -Wvla -Wuninitialized -Wunused-variable -Werror -Wunused-but-set-variable -c -o /tmp/vpx-conf-16259-14422.o /tmp/vpx-conf-16259-14422.cc
check_cflags -Wunused-but-set-variable
check_cc -Werror -Wunused-but-set-variable
BEGIN /tmp/vpx-conf-16259-14422.c
     1	int x;
END /tmp/vpx-conf-16259-14422.c
/home/lee/android-ndk-r10c/toolchains/arm-linux-androideabi-4.9/prebuilt/linux-x86_64/bin/arm-linux-androideabi-gcc --sysroot=/home/lee/android-ndk-r10c/platforms/android-14/arch-arm -march=armv7-a -mfloat-abi=softfp -mfpu=neon --sysroot=/home/lee/android-ndk-r10c/platforms/android-21/arch-arm -I/home/lee/android-ndk-r10c/sources/android/cpufeatures -DNDEBUG -O3 -fPIC -Wall -Wdeclaration-after-statement -Wdisabled-optimization -Wpointer-arith -Wtype-limits -Wcast-qual -Wvla -Wimplicit-function-declaration -Wuninitialized -Wunused-variable -Werror -Wunused-but-set-variable -c -o /tmp/vpx-conf-16259-14422.o /tmp/vpx-conf-16259-14422.c
check_cxxflags -Wno-unused-function
check_cxx -Werror -Wno-unused-function
BEGIN /tmp/vpx-conf-16259-14422.cc
     1	int x;
END /tmp/vpx-conf-16259-14422.cc
/home/lee/android-ndk-r10c/toolchains/arm-linux-androideabi-4.9/prebuilt/linux-x86_64/bin/arm-linux-androideabi-g++ -march=armv7-a -mfloat-abi=softfp -mfpu=neon --sysroot=/home/lee/android-ndk-r10c/platforms/android-21/arch-arm -I/home/lee/android-ndk-r10c/sources/android/cpufeatures -DNDEBUG -O3 -fPIC -Wall -Wdisabled-optimization -Wpointer-arith -Wtype-limits -Wcast-qual -Wvla -Wuninitialized -Wunused-variable -Wunused-but-set-variable -Werror -Wno-unused-function -c -o /tmp/vpx-conf-16259-14422.o /tmp/vpx-conf-16259-14422.cc
check_cflags -Wno-unused-function
check_cc -Werror -Wno-unused-function
BEGIN /tmp/vpx-conf-16259-14422.c
     1	int x;
END /tmp/vpx-conf-16259-14422.c
/home/lee/android-ndk-r10c/toolchains/arm-linux-androideabi-4.9/prebuilt/linux-x86_64/bin/arm-linux-androideabi-gcc --sysroot=/home/lee/android-ndk-r10c/platforms/android-14/arch-arm -march=armv7-a -mfloat-abi=softfp -mfpu=neon --sysroot=/home/lee/android-ndk-r10c/platforms/android-21/arch-arm -I/home/lee/android-ndk-r10c/sources/android/cpufeatures -DNDEBUG -O3 -fPIC -Wall -Wdeclaration-after-statement -Wdisabled-optimization -Wpointer-arith -Wtype-limits -Wcast-qual -Wvla -Wimplicit-function-declaration -Wuninitialized -Wunused-variable -Wunused-but-set-variable -Werror -Wno-unused-function -c -o /tmp/vpx-conf-16259-14422.o /tmp/vpx-conf-16259-14422.c
  enabling webm_io
  enabling libyuv
check_header stdio.h
check_cpp
BEGIN /tmp/vpx-conf-16259-14422.c
     1	#include "stdio.h"
     2	int x;
END /tmp/vpx-conf-16259-14422.c
/home/lee/android-ndk-r10c/toolchains/arm-linux-androideabi-4.9/prebuilt/linux-x86_64/bin/arm-linux-androideabi-gcc --sysroot=/home/lee/android-ndk-r10c/platforms/android-14/arch-arm -march=armv7-a -mfloat-abi=softfp -mfpu=neon --sysroot=/home/lee/android-ndk-r10c/platforms/android-21/arch-arm -I/home/lee/android-ndk-r10c/sources/android/cpufeatures -DNDEBUG -O3 -fPIC -Wall -Wdeclaration-after-statement -Wdisabled-optimization -Wpointer-arith -Wtype-limits -Wcast-qual -Wvla -Wimplicit-function-declaration -Wuninitialized -Wunused-variable -Wunused-but-set-variable -Wno-unused-function -E -o /tmp/vpx-conf-16259-14422.o /tmp/vpx-conf-16259-14422.c
check_ld
check_cc
BEGIN /tmp/vpx-conf-16259-14422.c
     1	int main(void) {return 0;}
END /tmp/vpx-conf-16259-14422.c
/home/lee/android-ndk-r10c/toolchains/arm-linux-androideabi-4.9/prebuilt/linux-x86_64/bin/arm-linux-androideabi-gcc --sysroot=/home/lee/android-ndk-r10c/platforms/android-14/arch-arm -march=armv7-a -mfloat-abi=softfp -mfpu=neon --sysroot=/home/lee/android-ndk-r10c/platforms/android-21/arch-arm -I/home/lee/android-ndk-r10c/sources/android/cpufeatures -DNDEBUG -O3 -fPIC -Wall -Wdeclaration-after-statement -Wdisabled-optimization -Wpointer-arith -Wtype-limits -Wcast-qual -Wvla -Wimplicit-function-declaration -Wuninitialized -Wunused-variable -Wunused-but-set-variable -Wno-unused-function -c -o /tmp/vpx-conf-16259-14422.o /tmp/vpx-conf-16259-14422.c
/home/lee/android-ndk-r10c/toolchains/arm-linux-androideabi-4.9/prebuilt/linux-x86_64/bin/arm-linux-androideabi-g++ --sysroot=/home/lee/android-ndk-r10c/platforms/android-14/arch-arm --sysroot=/home/lee/android-ndk-r10c/platforms/android-21/arch-arm -Wl,--fix-cortex-a8 -o /tmp/vpx-conf-16259-14422.x /tmp/vpx-conf-16259-14422.o
check_header stdint.h
check_cpp
BEGIN /tmp/vpx-conf-16259-14422.c
     1	#include "stdint.h"
     2	int x;
END /tmp/vpx-conf-16259-14422.c
/home/lee/android-ndk-r10c/toolchains/arm-linux-androideabi-4.9/prebuilt/linux-x86_64/bin/arm-linux-androideabi-gcc --sysroot=/home/lee/android-ndk-r10c/platforms/android-14/arch-arm -march=armv7-a -mfloat-abi=softfp -mfpu=neon --sysroot=/home/lee/android-ndk-r10c/platforms/android-21/arch-arm -I/home/lee/android-ndk-r10c/sources/android/cpufeatures -DNDEBUG -O3 -fPIC -Wall -Wdeclaration-after-statement -Wdisabled-optimization -Wpointer-arith -Wtype-limits -Wcast-qual -Wvla -Wimplicit-function-declaration -Wuninitialized -Wunused-variable -Wunused-but-set-variable -Wno-unused-function -E -o /tmp/vpx-conf-16259-14422.o /tmp/vpx-conf-16259-14422.c
check_header pthread.h
check_cpp
BEGIN /tmp/vpx-conf-16259-14422.c
     1	#include "pthread.h"
     2	int x;
END /tmp/vpx-conf-16259-14422.c
/home/lee/android-ndk-r10c/toolchains/arm-linux-androideabi-4.9/prebuilt/linux-x86_64/bin/arm-linux-androideabi-gcc --sysroot=/home/lee/android-ndk-r10c/platforms/android-14/arch-arm -march=armv7-a -mfloat-abi=softfp -mfpu=neon --sysroot=/home/lee/android-ndk-r10c/platforms/android-21/arch-arm -I/home/lee/android-ndk-r10c/sources/android/cpufeatures -DNDEBUG -O3 -fPIC -Wall -Wdeclaration-after-statement -Wdisabled-optimization -Wpointer-arith -Wtype-limits -Wcast-qual -Wvla -Wimplicit-function-declaration -Wuninitialized -Wunused-variable -Wunused-but-set-variable -Wno-unused-function -E -o /tmp/vpx-conf-16259-14422.o /tmp/vpx-conf-16259-14422.c
check_header sys/mman.h
check_cpp
BEGIN /tmp/vpx-conf-16259-14422.c
     1	#include "sys/mman.h"
     2	int x;
END /tmp/vpx-conf-16259-14422.c
/home/lee/android-ndk-r10c/toolchains/arm-linux-androideabi-4.9/prebuilt/linux-x86_64/bin/arm-linux-androideabi-gcc --sysroot=/home/lee/android-ndk-r10c/platforms/android-14/arch-arm -march=armv7-a -mfloat-abi=softfp -mfpu=neon --sysroot=/home/lee/android-ndk-r10c/platforms/android-21/arch-arm -I/home/lee/android-ndk-r10c/sources/android/cpufeatures -DNDEBUG -O3 -fPIC -Wall -Wdeclaration-after-statement -Wdisabled-optimization -Wpointer-arith -Wtype-limits -Wcast-qual -Wvla -Wimplicit-function-declaration -Wuninitialized -Wunused-variable -Wunused-but-set-variable -Wno-unused-function -E -o /tmp/vpx-conf-16259-14422.o /tmp/vpx-conf-16259-14422.c
check_header unistd.h
check_cpp
BEGIN /tmp/vpx-conf-16259-14422.c
     1	#include "unistd.h"
     2	int x;
END /tmp/vpx-conf-16259-14422.c
/home/lee/android-ndk-r10c/toolchains/arm-linux-androideabi-4.9/prebuilt/linux-x86_64/bin/arm-linux-androideabi-gcc --sysroot=/home/lee/android-ndk-r10c/platforms/android-14/arch-arm -march=armv7-a -mfloat-abi=softfp -mfpu=neon --sysroot=/home/lee/android-ndk-r10c/platforms/android-21/arch-arm -I/home/lee/android-ndk-r10c/sources/android/cpufeatures -DNDEBUG -O3 -fPIC -Wall -Wdeclaration-after-statement -Wdisabled-optimization -Wpointer-arith -Wtype-limits -Wcast-qual -Wvla -Wimplicit-function-declaration -Wuninitialized -Wunused-variable -Wunused-but-set-variable -Wno-unused-function -E -o /tmp/vpx-conf-16259-14422.o /tmp/vpx-conf-16259-14422.c
check_header vpx/vpx_integer.h -I/home/lee/linphone-android/linphone-android/submodules/externals/libvpx
check_cpp -I/home/lee/linphone-android/linphone-android/submodules/externals/libvpx
BEGIN /tmp/vpx-conf-16259-14422.c
     1	#include "vpx/vpx_integer.h"
     2	int x;
END /tmp/vpx-conf-16259-14422.c
/home/lee/android-ndk-r10c/toolchains/arm-linux-androideabi-4.9/prebuilt/linux-x86_64/bin/arm-linux-androideabi-gcc --sysroot=/home/lee/android-ndk-r10c/platforms/android-14/arch-arm -march=armv7-a -mfloat-abi=softfp -mfpu=neon --sysroot=/home/lee/android-ndk-r10c/platforms/android-21/arch-arm -I/home/lee/android-ndk-r10c/sources/android/cpufeatures -DNDEBUG -O3 -fPIC -Wall -Wdeclaration-after-statement -Wdisabled-optimization -Wpointer-arith -Wtype-limits -Wcast-qual -Wvla -Wimplicit-function-declaration -Wuninitialized -Wunused-variable -Wunused-but-set-variable -Wno-unused-function -I/home/lee/linphone-android/linphone-android/submodules/externals/libvpx -E -o /tmp/vpx-conf-16259-14422.o /tmp/vpx-conf-16259-14422.c
